TN:
SF:packages/tau-mux-sdk/src/protocol.ts
FNF:4
FNH:4
DA:7,43
DA:276,21
DA:277,13
DA:278,21
DA:279,27
DA:280,29
DA:281,37
DA:282,25
DA:283,21
DA:284,26
DA:285,4
DA:286,16
DA:287,21
DA:288,27
DA:289,25
DA:290,25
DA:291,21
DA:292,29
DA:293,25
DA:294,20
DA:295,4
DA:296,14
DA:297,21
DA:298,23
DA:299,23
DA:300,23
DA:301,25
DA:302,30
DA:303,28
DA:304,30
DA:305,29
DA:306,32
DA:307,30
DA:308,30
DA:309,28
DA:310,30
DA:311,4
DA:312,14
DA:313,32
DA:314,36
DA:315,36
DA:316,40
DA:317,16
DA:318,4
DA:319,19
DA:320,25
DA:321,21
DA:322,27
DA:323,20
DA:324,4
DA:325,14
DA:326,21
DA:327,32
DA:328,29
DA:329,21
DA:330,27
DA:331,25
DA:332,23
DA:333,19
DA:334,21
DA:335,29
DA:336,21
DA:337,23
DA:338,29
DA:339,23
DA:340,23
DA:341,23
DA:342,27
DA:343,43
DA:344,21
DA:345,21
DA:346,23
DA:347,25
DA:348,25
DA:349,31
DA:350,29
DA:351,19
DA:352,17
DA:353,21
DA:354,31
DA:355,29
DA:356,21
DA:357,30
DA:358,29
DA:359,36
DA:360,38
DA:361,34
DA:362,36
DA:363,27
DA:364,38
DA:365,34
DA:366,32
DA:367,32
DA:368,38
DA:369,36
DA:370,38
DA:371,38
DA:372,37
DA:373,4
DA:374,12
DA:375,21
DA:376,23
DA:377,25
DA:378,36
DA:379,23
DA:380,28
DA:381,34
DA:382,32
DA:383,29
DA:384,4
DA:385,15
DA:386,25
DA:387,23
DA:388,27
DA:389,21
DA:390,24
DA:391,4
DA:392,13
DA:393,21
DA:394,23
DA:395,21
DA:396,21
DA:397,25
DA:398,20
DA:399,4
DA:400,16
DA:401,21
DA:402,31
DA:403,21
DA:404,23
DA:405,19
DA:406,27
DA:407,25
DA:408,25
DA:409,27
DA:410,25
DA:411,18
DA:412,4
DA:413,11
DA:414,19
DA:415,25
DA:416,29
DA:417,21
DA:418,20
DA:419,4
DA:420,12
DA:421,21
DA:422,19
DA:423,16
DA:424,4
DA:425,27
DA:426,28
DA:427,25
DA:428,2
DA:431,23
DA:432,23
DA:433,17
DA:434,21
DA:435,23
DA:436,19
DA:437,19
DA:438,2
DA:442,6
DA:443,6
DA:444,3
DA:445,31
DA:446,19
DA:447,37
DA:448,11
DA:449,12
DA:450,40
DA:451,1
DA:452,3
DA:454,23
DA:455,64
DA:456,36
DA:457,2
DA:458,57
DA:459,10
LF:179
LH:179
end_of_record
TN:
SF:pi-extensions/ht-bridge/intercept/bash-safety-core.ts
FNF:4
FNH:4
DA:8,45
DA:12,39
DA:13,34
DA:14,33
DA:15,13
DA:16,13
DA:17,22
DA:18,36
DA:19,45
DA:20,56
DA:21,29
DA:22,47
DA:23,38
DA:24,2
DA:32,6
DA:33,9
DA:34,34
DA:35,3
DA:36,18
DA:37,45
DA:47,6
DA:48,5
DA:49,5
DA:50,4
DA:51,9
DA:52,8
DA:53,3
DA:54,34
DA:55,66
DA:56,8
DA:58,34
DA:60,9
DA:61,27
DA:62,18
DA:63,7
DA:64,36
DA:65,24
DA:66,30
DA:67,41
DA:68,16
DA:69,38
DA:70,3
DA:71,16
DA:72,6
DA:74,64
DA:76,12
DA:77,27
DA:78,33
DA:79,26
DA:80,25
DA:81,4
DA:82,36
DA:83,17
DA:84,19
DA:85,0
DA:86,0
DA:87,0
DA:88,4
DA:89,6
LF:59
LH:56
end_of_record
TN:
SF:pi-extensions/ht-bridge/lib/config.ts
FNF:3
FNH:1
DA:10,39
DA:11,42
DA:12,41
DA:100,32
DA:101,16
DA:102,24
DA:103,24
DA:104,30
DA:105,14
DA:106,14
DA:107,17
DA:108,29
DA:109,18
DA:110,21
DA:111,25
DA:113,22
DA:114,25
DA:115,28
DA:116,31
DA:117,23
DA:118,24
DA:119,22
DA:120,26
DA:122,25
DA:123,32
DA:124,30
DA:125,34
DA:127,26
DA:129,27
DA:130,26
DA:132,28
DA:133,29
DA:134,24
DA:136,25
DA:138,33
DA:139,29
DA:141,21
DA:142,27
DA:143,24
DA:144,27
DA:145,26
DA:146,30
DA:147,30
DA:149,34
DA:151,24
DA:152,35
DA:153,31
DA:155,22
DA:156,15
DA:157,1
DA:160,0
DA:161,0
DA:162,1
DA:165,0
DA:166,0
DA:167,0
DA:168,0
DA:169,0
DA:170,0
DA:171,0
DA:172,0
DA:173,0
DA:174,0
DA:175,0
DA:176,0
DA:177,0
DA:178,0
DA:179,0
DA:180,0
DA:181,0
DA:182,0
DA:183,0
DA:184,0
DA:185,0
DA:186,0
DA:187,0
DA:188,0
DA:189,0
DA:190,0
DA:191,0
DA:192,0
DA:193,0
DA:194,0
DA:195,0
DA:196,0
DA:197,0
DA:198,0
DA:199,0
DA:200,0
DA:201,0
DA:202,0
DA:203,0
DA:204,0
DA:205,0
DA:206,0
DA:207,0
DA:208,0
DA:209,0
DA:210,0
DA:211,0
DA:212,0
DA:213,0
DA:214,0
DA:215,0
DA:216,0
DA:217,0
DA:218,0
DA:219,0
DA:220,0
DA:221,0
DA:222,0
DA:223,0
DA:224,0
DA:225,0
DA:226,0
DA:227,0
DA:228,0
DA:229,0
DA:230,0
DA:231,0
DA:232,0
DA:233,0
DA:234,0
DA:235,0
DA:236,0
DA:237,0
DA:238,0
DA:239,0
DA:240,0
DA:241,0
DA:242,0
DA:243,0
DA:244,0
DA:245,0
DA:246,0
DA:247,0
DA:248,0
DA:249,0
DA:250,0
DA:251,0
DA:252,0
DA:253,0
DA:254,0
DA:255,0
DA:256,0
DA:257,0
DA:258,0
DA:259,0
DA:260,0
DA:261,0
DA:262,0
DA:263,0
DA:264,0
DA:265,0
DA:266,0
DA:267,0
DA:268,0
DA:269,0
DA:270,0
DA:271,0
DA:272,0
DA:273,0
DA:274,0
DA:275,0
DA:276,0
DA:277,0
DA:278,0
DA:279,0
DA:280,0
DA:281,0
DA:282,0
DA:283,0
DA:284,0
DA:285,0
DA:286,0
DA:287,0
DA:288,0
DA:289,0
DA:290,0
DA:291,0
DA:292,0
DA:293,0
DA:294,0
DA:295,0
DA:296,0
DA:297,1
DA:302,32
DA:303,39
LF:188
LH:54
end_of_record
TN:
SF:pi-extensions/ht-bridge/lib/ht-client.ts
FNF:28
FNH:22
DA:29,1
DA:36,52
DA:37,18
DA:38,20
DA:39,66
DA:40,92
DA:41,82
DA:42,22
DA:43,25
DA:74,78
DA:75,37
DA:76,0
DA:77,0
DA:78,0
DA:79,7
DA:81,1
DA:83,38
DA:84,59
DA:87,43
DA:88,90
DA:89,61
DA:97,20
DA:98,10
DA:99,16
DA:100,16
DA:101,6
DA:102,100
DA:103,31
DA:104,44
DA:105,118
DA:106,5
DA:107,3
DA:108,0
DA:109,0
DA:110,0
DA:111,0
DA:112,0
DA:113,0
DA:114,0
DA:115,5
DA:116,4
DA:122,28
DA:123,16
DA:124,6
DA:125,6
DA:126,46
DA:127,29
DA:128,78
DA:129,61
DA:130,64
DA:131,16
DA:132,10
DA:133,29
DA:134,54
DA:135,22
DA:136,52
DA:137,64
DA:138,67
DA:139,16
DA:140,10
DA:141,30
DA:142,30
DA:143,64
DA:144,61
DA:145,73
DA:146,61
DA:147,64
DA:148,16
DA:149,10
DA:150,17
DA:152,73
DA:153,20
DA:154,16
DA:155,15
DA:156,17
DA:157,32
DA:158,18
DA:159,33
DA:160,11
DA:161,22
DA:162,37
DA:163,19
DA:164,57
DA:166,28
DA:173,23
DA:174,24
DA:175,16
DA:176,16
DA:177,12
DA:178,6
DA:179,86
DA:180,89
DA:181,48
DA:182,59
DA:183,64
DA:184,42
DA:185,29
DA:188,96
DA:189,34
DA:190,28
DA:191,31
DA:192,47
DA:193,43
DA:194,30
DA:195,52
DA:196,24
DA:199,14
DA:200,20
DA:201,106
DA:202,2
DA:203,17
DA:204,17
DA:205,25
DA:206,17
DA:208,57
DA:209,93
DA:212,57
DA:213,43
DA:214,36
DA:215,30
DA:216,52
DA:217,24
DA:220,93
DA:221,23
DA:223,47
DA:224,58
DA:225,18
DA:226,13
DA:227,13
DA:228,134
DA:229,9
DA:231,71
DA:232,88
DA:233,90
DA:234,67
DA:235,94
DA:236,53
DA:237,12
DA:239,71
DA:240,136
DA:241,68
DA:242,58
DA:243,88
DA:244,26
DA:245,78
DA:246,47
DA:247,40
DA:248,34
DA:249,48
DA:250,28
DA:253,59
DA:254,98
DA:255,39
DA:256,82
DA:258,18
DA:259,19
DA:260,0
DA:261,0
DA:262,0
DA:263,0
DA:264,0
DA:265,0
DA:266,0
DA:267,63
DA:268,18
DA:270,12
DA:272,0
DA:273,0
DA:274,0
DA:275,0
DA:276,7
DA:277,12
DA:279,63
DA:280,0
DA:281,0
DA:282,77
DA:283,13
DA:284,9
DA:285,6
DA:288,52
DA:289,75
DA:291,21
DA:292,16
DA:293,26
DA:294,21
DA:295,10
DA:296,59
DA:297,26
DA:298,118
DA:299,42
DA:300,77
DA:303,27
DA:304,9
DA:305,31
DA:306,14
DA:307,80
DA:308,10
DA:309,12
DA:312,9
DA:313,84
DA:316,71
DA:317,85
DA:318,48
DA:319,14
DA:320,51
DA:321,8
DA:322,10
DA:323,12
DA:326,0
DA:327,0
DA:328,28
DA:331,87
LF:212
LH:187
end_of_record
TN:
SF:pi-extensions/ht-bridge/lib/messages.ts
FNF:4
FNH:0
DA:11,0
DA:12,0
DA:13,0
DA:14,0
DA:15,0
DA:16,0
DA:17,0
DA:18,0
DA:19,0
DA:20,0
DA:21,0
DA:22,0
DA:23,0
DA:24,0
DA:25,1
DA:36,0
DA:37,0
DA:38,0
DA:39,0
DA:40,0
DA:41,0
DA:42,0
DA:43,0
DA:44,0
DA:45,0
DA:46,0
DA:47,0
DA:48,0
DA:49,0
DA:50,0
DA:51,0
DA:52,0
DA:53,0
DA:54,0
DA:55,0
DA:56,1
DA:59,0
DA:60,0
DA:61,1
DA:65,0
DA:66,0
DA:67,0
DA:68,0
DA:69,0
DA:70,0
DA:71,0
DA:72,0
DA:73,0
LF:48
LH:3
end_of_record
TN:
SF:pi-extensions/ht-bridge/lib/surface-context.ts
FNF:7
FNH:6
DA:23,40
DA:41,0
DA:42,0
DA:43,0
DA:44,0
DA:45,0
DA:46,0
DA:47,0
DA:48,0
DA:49,0
DA:50,0
DA:51,0
DA:52,0
DA:53,1
DA:59,6
DA:60,5
DA:61,3
DA:62,3
DA:63,23
DA:64,9
DA:65,25
DA:71,27
DA:72,83
DA:73,48
DA:74,17
DA:75,20
DA:76,6
DA:78,88
DA:79,42
DA:80,31
DA:81,81
DA:82,70
DA:83,77
DA:84,0
DA:85,0
DA:86,5
DA:90,24
DA:91,78
DA:92,73
DA:93,2
DA:94,0
DA:95,0
DA:96,0
DA:97,0
DA:98,0
DA:99,1
DA:103,15
DA:104,28
DA:105,57
DA:106,0
DA:107,0
DA:110,1
DA:111,11
DA:112,3
DA:113,3
DA:114,9
DA:115,27
DA:121,23
DA:122,34
DA:123,29
DA:124,62
DA:125,34
DA:126,44
DA:127,8
DA:128,68
DA:129,2
DA:130,0
DA:131,0
DA:132,0
DA:133,0
DA:134,0
DA:135,2
DA:137,11
LF:73
LH:47
end_of_record
TN:
SF:pi-extensions/ht-bridge/lifecycle/resume.ts
FNF:2
FNH:1
DA:16,45
DA:28,18
DA:29,49
DA:30,25
DA:31,43
DA:32,26
DA:33,48
DA:34,52
DA:35,38
DA:36,49
DA:37,46
DA:38,70
DA:39,32
DA:40,64
DA:41,2
DA:42,12
DA:45,0
DA:46,0
DA:47,0
DA:48,0
DA:49,0
DA:50,0
DA:51,0
DA:52,0
DA:53,0
DA:54,0
DA:55,0
DA:56,0
DA:57,0
DA:58,0
DA:59,0
DA:60,0
DA:61,0
DA:62,0
DA:63,0
DA:64,0
DA:65,0
DA:66,0
DA:67,0
DA:68,0
DA:69,0
DA:70,0
LF:42
LH:16
end_of_record
TN:
SF:pi-extensions/ht-bridge/observe/plan-mirror.ts
FNF:7
FNH:5
DA:22,45
DA:24,46
DA:26,86
DA:37,24
DA:38,15
DA:39,19
DA:40,20
DA:41,19
DA:42,19
DA:43,24
DA:44,26
DA:45,20
DA:46,18
DA:47,21
DA:48,21
DA:49,18
DA:50,18
DA:51,15
DA:52,13
DA:53,16
DA:54,17
DA:55,15
DA:56,1
DA:58,7
DA:59,47
DA:60,57
DA:63,7
DA:64,58
DA:65,58
DA:66,70
DA:67,56
DA:68,9
DA:71,17
DA:72,67
DA:73,34
DA:74,51
DA:75,25
DA:80,9
DA:81,29
DA:82,45
DA:83,13
DA:84,9
DA:85,31
DA:86,0
DA:87,2
DA:89,66
DA:90,19
DA:91,43
DA:92,27
DA:93,58
DA:94,34
DA:95,31
DA:96,18
DA:97,26
DA:98,12
DA:99,52
DA:100,5
DA:101,2
DA:102,13
DA:105,66
DA:110,15
DA:111,15
DA:112,20
DA:113,45
DA:114,26
DA:115,2
DA:116,54
DA:117,18
DA:118,32
DA:119,33
DA:120,27
DA:121,2
DA:122,11
DA:125,0
DA:126,0
DA:127,0
DA:128,0
DA:129,0
DA:130,0
DA:131,0
DA:132,0
DA:133,0
DA:134,0
DA:135,0
DA:136,0
DA:137,0
DA:138,0
DA:139,0
DA:140,0
DA:141,1
DA:145,0
DA:146,0
DA:147,0
DA:148,0
DA:149,0
DA:150,0
DA:151,0
DA:152,0
DA:153,0
DA:154,0
DA:155,0
DA:156,0
DA:157,0
DA:158,0
DA:159,0
DA:160,0
DA:161,0
DA:162,0
DA:163,0
DA:164,0
DA:165,0
DA:166,0
DA:167,0
DA:168,0
DA:169,0
DA:170,0
DA:171,0
DA:172,0
DA:173,0
DA:174,0
DA:175,0
DA:176,0
DA:177,0
DA:178,0
DA:179,0
DA:180,0
DA:181,0
DA:182,0
DA:183,0
DA:184,0
DA:185,0
DA:186,0
DA:187,0
DA:188,0
DA:189,0
DA:190,0
DA:191,0
DA:192,0
DA:193,0
DA:194,0
DA:195,0
DA:196,0
DA:197,0
DA:198,0
DA:199,0
LF:145
LH:73
end_of_record
TN:
SF:pi-extensions/ht-bridge/observe/tui-heartbeat-frames.ts
FNF:5
FNH:4
DA:23,60
DA:24,80
DA:25,83
DA:26,45
DA:41,6
DA:42,7
DA:43,11
DA:44,3
DA:45,47
DA:46,52
DA:48,34
DA:49,26
DA:51,31
DA:53,32
DA:55,39
DA:57,26
DA:61,32
DA:62,21
DA:63,38
DA:64,12
DA:65,29
DA:66,34
DA:67,35
DA:68,40
DA:69,15
DA:70,35
DA:71,40
DA:73,34
DA:74,4
DA:75,24
DA:78,17
DA:80,63
DA:83,66
DA:84,11
DA:89,0
LF:35
LH:34
end_of_record
TN:
SF:pi-extensions/ht-bridge/observe/tui-status.ts
FNF:3
FNH:2
DA:24,0
DA:25,0
DA:26,0
DA:27,0
DA:28,0
DA:29,0
DA:30,0
DA:31,0
DA:32,0
DA:33,0
DA:34,0
DA:35,0
DA:36,0
DA:37,0
DA:38,0
DA:39,0
DA:40,0
DA:41,0
DA:42,0
DA:43,0
DA:44,0
DA:45,0
DA:46,0
DA:47,0
DA:48,0
DA:49,0
DA:50,0
DA:51,0
DA:52,0
DA:53,0
DA:54,0
DA:55,0
DA:56,0
DA:57,0
DA:58,0
DA:59,0
DA:60,0
DA:61,0
DA:62,0
DA:63,0
DA:64,0
DA:65,0
DA:66,0
DA:67,0
DA:68,0
DA:69,0
DA:70,0
DA:71,0
DA:72,0
DA:73,0
DA:74,0
DA:75,0
DA:76,0
DA:77,0
DA:78,0
DA:79,0
DA:80,0
DA:81,0
DA:82,0
LF:59
LH:0
end_of_record
TN:
SF:pi-extensions/ht-bridge/system-prompt/primer.ts
FNF:2
FNH:1
DA:25,18
DA:26,19
DA:27,52
DA:28,18
DA:29,26
DA:30,154
DA:31,5
DA:32,2
DA:33,49
DA:34,18
DA:35,62
DA:36,264
DA:37,5
DA:38,2
DA:39,52
DA:40,18
DA:41,71
DA:42,99
DA:43,5
DA:44,2
DA:45,51
DA:46,18
DA:47,24
DA:48,94
DA:49,5
DA:50,2
DA:51,55
DA:52,18
DA:53,28
DA:54,83
DA:55,5
DA:56,2
DA:57,55
DA:58,18
DA:59,30
DA:60,288
DA:61,5
DA:62,2
DA:66,39
DA:67,39
DA:68,69
DA:70,48
DA:71,66
DA:73,19
DA:74,7
DA:75,31
DA:76,7
DA:77,83
DA:78,4
DA:79,36
DA:81,28
DA:84,9
DA:85,2
DA:87,26
DA:88,50
DA:89,75
DA:90,2
DA:92,38
DA:93,11
DA:94,4
DA:95,37
DA:96,130
DA:97,179
DA:98,3
DA:99,2
DA:104,26
DA:105,49
DA:106,51
DA:107,80
DA:108,52
DA:109,11
DA:110,66
DA:111,5
DA:112,49
DA:113,11
DA:114,207
DA:115,5
DA:116,55
DA:117,11
DA:118,139
DA:119,5
DA:120,17
DA:121,2
DA:123,22
DA:126,0
DA:127,0
DA:128,0
DA:129,0
DA:130,0
DA:131,0
DA:132,0
DA:133,0
DA:134,0
DA:135,0
DA:136,0
DA:137,1
DA:142,22
LF:97
LH:86
end_of_record
TN:
SF:pi-extensions/ht-bridge/tools/plan-approval.ts
FNF:17
FNH:17
DA:12,52
DA:13,42
DA:66,32
DA:67,61
DA:68,60
DA:69,57
DA:70,2
DA:72,6
DA:73,7
DA:74,3
DA:75,13
DA:76,21
DA:77,53
DA:78,46
DA:79,56
DA:80,2
DA:81,9
DA:84,12
DA:90,3
DA:91,78
DA:92,64
DA:93,39
DA:94,20
DA:95,17
DA:96,7
DA:97,64
DA:98,38
DA:99,7
DA:100,23
DA:101,7
DA:102,17
DA:103,10
DA:104,139
DA:105,6
DA:106,4
DA:107,13
DA:109,16
DA:110,43
DA:111,2
DA:113,46
DA:114,18
DA:115,50
DA:116,43
DA:117,190
DA:118,2
DA:119,1
DA:120,2
DA:121,11
DA:124,11
DA:130,3
DA:131,50
DA:132,82
DA:133,50
DA:134,48
DA:135,48
DA:136,40
DA:137,52
DA:138,22
DA:139,21
DA:140,5
DA:142,63
DA:143,50
DA:144,48
DA:147,12
DA:151,3
DA:152,40
DA:153,53
DA:154,29
DA:155,12
DA:156,59
DA:157,7
DA:158,31
DA:159,7
DA:160,6
DA:161,88
DA:162,4
DA:163,7
DA:164,202
DA:165,11
DA:168,6
DA:169,5
DA:170,3
DA:171,64
DA:172,40
DA:174,28
DA:175,14
DA:176,24
DA:177,74
DA:178,1
DA:179,2
DA:181,50
DA:182,50
DA:183,28
DA:184,52
DA:185,10
DA:186,8
DA:187,5
DA:188,66
DA:189,29
DA:190,18
DA:191,5
DA:192,34
DA:193,30
DA:194,19
DA:195,34
DA:196,9
DA:197,35
DA:198,22
DA:199,23
DA:200,3
DA:201,21
DA:202,4
DA:204,32
DA:205,14
DA:206,24
DA:207,15
DA:208,8
DA:209,29
DA:210,26
DA:211,3
DA:212,1
DA:213,2
DA:215,72
DA:216,74
DA:217,31
DA:218,0
DA:219,0
DA:220,0
DA:221,0
DA:222,0
DA:223,2
DA:225,31
DA:226,18
DA:227,5
DA:228,34
DA:229,30
DA:230,17
DA:231,45
DA:232,9
DA:233,16
DA:234,23
DA:235,3
DA:236,21
DA:237,4
DA:239,34
DA:240,70
DA:241,0
DA:243,0
DA:244,0
DA:245,0
DA:246,0
DA:247,0
DA:248,0
DA:249,0
DA:250,1
DA:253,6
DA:254,10
DA:255,3
DA:256,32
DA:257,50
DA:258,2
DA:259,33
DA:260,0
DA:261,2
DA:262,34
DA:263,0
DA:264,2
DA:265,54
DA:266,18
DA:267,92
DA:268,0
DA:269,1
DA:272,16
DA:273,30
DA:274,14
DA:275,31
DA:276,24
DA:277,15
DA:278,21
DA:281,11
DA:282,67
DA:283,65
DA:286,7
DA:287,50
DA:290,11
DA:291,30
DA:294,11
DA:295,19
DA:296,0
DA:297,5
DA:298,15
DA:299,15
DA:300,0
DA:301,14
DA:303,15
LF:195
LH:177
end_of_record
TN:
SF:pi-extensions/ht-bridge/tools/run-in-split-core.ts
FNF:15
FNH:12
DA:7,87
DA:35,1
DA:36,7
DA:37,3
DA:38,35
DA:39,50
DA:40,2
DA:41,41
DA:44,7
DA:45,45
DA:46,16
DA:47,30
DA:48,24
DA:49,53
DA:50,1
DA:53,1
DA:54,4
DA:55,8
DA:56,17
DA:57,3
DA:58,42
DA:59,23
DA:60,34
DA:61,45
DA:62,63
DA:63,69
DA:64,0
DA:65,0
DA:66,0
DA:67,0
DA:70,1
DA:71,4
DA:72,11
DA:73,17
DA:74,3
DA:75,24
DA:76,32
DA:77,26
DA:78,23
DA:79,3
DA:80,9
DA:81,23
DA:84,6
DA:85,8
DA:86,5
DA:87,4
DA:88,8
DA:89,3
DA:90,28
DA:91,14
DA:92,18
DA:93,11
DA:94,23
DA:95,108
DA:96,7
DA:97,8
DA:98,17
DA:99,1
DA:100,2
DA:102,54
DA:103,18
DA:104,14
DA:105,78
DA:106,17
DA:107,1
DA:108,2
DA:110,20
DA:111,29
DA:112,36
DA:113,36
DA:114,4
DA:115,39
DA:116,9
DA:117,8
DA:118,4
DA:119,9
DA:120,15
DA:121,4
DA:122,18
DA:123,14
DA:124,18
DA:125,75
DA:126,8
DA:127,17
DA:128,1
DA:129,2
DA:131,19
DA:132,9
DA:137,51
DA:138,52
DA:139,36
DA:140,45
DA:141,22
DA:142,26
DA:143,23
DA:144,7
DA:145,43
DA:146,54
DA:147,63
DA:148,4
DA:149,25
DA:150,16
DA:151,20
DA:152,13
DA:153,25
DA:154,6
DA:155,27
DA:156,2
DA:157,57
DA:158,9
DA:159,10
DA:160,19
DA:161,1
DA:162,2
DA:163,0
DA:164,0
DA:165,0
DA:166,0
DA:167,0
DA:168,0
DA:169,0
DA:170,0
DA:171,0
DA:172,2
DA:178,66
DA:179,16
DA:180,14
DA:181,18
DA:182,11
DA:183,23
DA:184,110
DA:185,7
DA:186,8
DA:187,52
DA:188,17
DA:189,1
DA:190,2
DA:192,9
DA:193,42
DA:194,31
DA:195,24
DA:196,6
DA:197,17
DA:198,14
DA:199,18
DA:200,11
DA:201,23
DA:202,99
DA:203,7
DA:204,8
DA:205,52
DA:206,17
DA:207,3
DA:210,58
DA:211,12
DA:212,16
DA:213,9
DA:214,21
DA:215,125
DA:216,5
DA:217,6
DA:218,16
DA:219,30
DA:220,14
DA:221,45
DA:222,31
DA:223,3
DA:224,1
LF:168
LH:155
end_of_record
TN:
SF:scripts/audit-module-size.ts
FNF:8
FNH:5
DA:38,77
DA:39,52
DA:41,44
DA:42,29
DA:43,6
DA:44,43
DA:45,3
DA:48,24
DA:50,20
DA:51,8
DA:52,12
DA:53,13
DA:54,18
DA:55,21
DA:56,2
DA:57,30
DA:58,17
DA:59,9
DA:60,9
DA:61,10
DA:62,11
DA:63,15
DA:64,3
DA:65,45
DA:86,6
DA:87,7
DA:88,10
DA:89,11
DA:90,3
DA:91,24
DA:92,22
DA:94,39
DA:95,35
DA:96,33
DA:98,76
DA:99,8
DA:100,4
DA:101,70
DA:102,71
DA:103,2
DA:105,65
DA:107,45
DA:108,17
DA:109,38
DA:112,14
DA:113,14
DA:114,9
DA:115,29
DA:116,0
DA:117,2
DA:119,32
DA:120,43
DA:121,33
DA:122,11
DA:123,11
DA:124,24
DA:125,0
DA:126,4
DA:128,45
DA:129,81
DA:130,2
DA:133,11
DA:134,19
DA:135,60
DA:136,24
DA:137,27
DA:139,41
DA:140,60
DA:141,38
DA:142,2
DA:143,12
DA:146,0
DA:147,0
DA:148,0
DA:149,0
DA:150,0
DA:151,0
DA:152,0
DA:157,0
DA:158,0
DA:159,0
DA:160,0
DA:161,0
DA:162,0
DA:163,0
DA:164,0
DA:165,0
DA:166,0
DA:167,0
DA:168,0
DA:169,0
DA:170,0
DA:171,0
DA:172,0
DA:173,0
DA:174,0
DA:175,0
DA:176,0
DA:177,0
DA:178,0
DA:179,0
DA:180,0
DA:181,0
DA:182,0
DA:183,0
DA:184,0
DA:185,0
DA:186,0
DA:187,0
DA:188,0
DA:189,0
DA:190,0
DA:191,0
DA:192,0
DA:193,0
DA:194,0
DA:195,0
DA:196,0
DA:197,0
DA:198,0
DA:199,0
DA:200,0
DA:201,0
DA:202,0
DA:203,0
DA:204,0
DA:205,0
DA:206,0
DA:207,0
DA:208,0
DA:209,0
DA:210,0
DA:211,0
DA:212,0
DA:213,0
DA:214,0
DA:215,0
DA:216,0
DA:217,0
DA:218,1
DA:221,21
LF:141
LH:71
end_of_record
TN:
SF:scripts/audit-theming.ts
FNF:7
FNH:3
DA:30,62
DA:31,52
DA:33,44
DA:35,74
DA:37,31
DA:39,36
DA:41,31
DA:42,3
DA:45,26
DA:55,76
DA:57,0
DA:58,0
DA:59,0
DA:60,0
DA:64,0
DA:65,0
DA:66,0
DA:67,0
DA:68,0
DA:69,0
DA:70,0
DA:71,0
DA:72,0
DA:73,0
DA:91,7
DA:92,15
DA:93,38
DA:94,29
DA:95,2
DA:96,10
DA:99,12
DA:100,7
DA:101,7
DA:104,36
DA:106,54
DA:110,10
DA:111,42
DA:112,26
DA:113,30
DA:114,17
DA:115,8
DA:116,25
DA:117,47
DA:119,27
DA:120,17
DA:121,16
DA:122,38
DA:123,28
DA:124,15
DA:125,14
DA:126,15
DA:127,16
DA:129,4
DA:130,57
DA:131,38
DA:132,26
DA:133,16
DA:134,16
DA:135,11
DA:136,10
DA:137,18
DA:138,56
DA:139,5
DA:140,2
DA:141,10
DA:144,0
DA:145,0
DA:146,0
DA:147,0
DA:148,0
DA:149,0
DA:150,0
DA:151,0
DA:152,0
DA:153,0
DA:154,0
DA:155,0
DA:156,0
DA:157,0
DA:158,0
DA:159,0
DA:160,0
DA:161,0
DA:162,0
DA:163,0
DA:164,0
DA:165,0
DA:166,0
DA:167,0
DA:168,0
DA:169,0
DA:170,0
DA:171,0
DA:172,0
DA:173,0
DA:174,0
DA:175,1
DA:178,20
DA:179,0
DA:180,1
DA:184,45
LF:101
LH:55
end_of_record
TN:
SF:scripts/check-coverage.ts
FNF:8
FNH:5
DA:25,66
DA:26,45
DA:28,49
DA:29,57
DA:30,78
DA:44,12
DA:45,56
DA:52,14
DA:53,22
DA:54,21
DA:55,38
DA:56,34
DA:57,73
DA:58,51
DA:59,50
DA:60,51
DA:61,52
DA:62,53
DA:63,37
DA:64,19
DA:65,3
DA:66,2
DA:67,11
DA:79,6
DA:80,10
DA:81,9
DA:82,7
DA:83,3
DA:84,25
DA:85,38
DA:86,32
DA:87,14
DA:92,13
DA:93,4
DA:94,24
DA:95,24
DA:96,26
DA:97,26
DA:98,26
DA:99,13
DA:100,26
DA:101,25
DA:102,11
DA:103,7
DA:104,2
DA:105,2
DA:106,18
DA:109,0
DA:110,0
DA:111,0
DA:112,0
DA:113,1
DA:132,6
DA:133,10
DA:134,9
DA:135,3
DA:136,17
DA:137,37
DA:138,40
DA:139,14
DA:140,2
DA:142,52
DA:145,0
DA:146,0
DA:147,0
DA:148,0
DA:149,0
DA:150,0
DA:151,0
DA:152,0
DA:153,0
DA:154,0
DA:155,0
DA:156,0
DA:157,0
DA:158,0
DA:159,0
DA:160,0
DA:161,0
DA:162,0
DA:163,0
DA:164,0
DA:165,0
DA:166,0
DA:167,0
DA:168,0
DA:169,0
DA:170,0
DA:171,0
DA:172,0
DA:173,0
DA:174,0
DA:175,0
DA:176,0
DA:177,0
DA:178,0
DA:179,0
DA:180,0
DA:181,0
DA:182,0
DA:183,0
DA:184,0
DA:185,0
DA:186,0
DA:187,0
DA:188,0
DA:189,0
DA:190,0
DA:191,0
DA:192,0
DA:193,0
DA:194,0
DA:195,0
DA:196,0
DA:197,0
DA:198,0
DA:199,0
DA:200,0
DA:201,0
DA:202,0
DA:203,0
DA:204,0
DA:205,0
DA:206,0
DA:207,0
DA:208,0
DA:209,0
DA:210,0
DA:211,0
DA:212,0
DA:213,0
DA:214,0
DA:215,0
DA:216,0
DA:217,0
DA:218,0
DA:222,0
DA:223,0
DA:224,0
DA:225,0
DA:226,0
DA:227,0
DA:228,0
DA:229,0
DA:230,1
DA:234,20
DA:235,0
LF:147
LH:60
end_of_record
TN:
SF:shareBin/lib/chart.ts
FNF:13
FNH:13
DA:22,38
DA:47,26
DA:48,12
DA:49,12
DA:50,12
DA:51,12
DA:52,12
DA:53,12
DA:54,12
DA:55,10
DA:56,2
DA:58,61
DA:60,21
DA:61,34
DA:62,36
DA:63,43
DA:64,50
DA:65,54
DA:66,39
DA:68,48
DA:69,49
DA:72,62
DA:73,27
DA:74,48
DA:75,4
DA:76,65
DA:77,44
DA:80,47
DA:81,47
DA:82,39
DA:83,58
DA:84,5
DA:86,69
DA:87,45
DA:88,45
DA:89,43
DA:91,32
DA:92,44
DA:93,42
DA:94,45
DA:95,54
DA:96,55
DA:99,61
DA:100,29
DA:101,29
DA:102,34
DA:103,35
DA:104,23
DA:105,25
DA:107,18
DA:108,44
DA:109,65
DA:110,31
DA:111,4
DA:112,34
DA:113,58
DA:116,13
DA:117,37
DA:118,63
DA:119,36
DA:122,40
DA:123,31
DA:124,64
DA:125,6
DA:129,19
DA:130,11
DA:131,173
DA:132,4
DA:133,72
DA:135,20
DA:136,11
DA:137,109
DA:138,4
DA:139,2
DA:142,28
DA:143,24
DA:144,11
DA:145,115
DA:146,6
DA:147,11
DA:148,98
DA:149,4
DA:150,2
DA:153,11
DA:154,110
DA:155,4
DA:156,11
DA:157,114
DA:158,4
DA:161,16
DA:162,30
DA:163,85
DA:164,11
DA:165,104
DA:166,8
DA:167,11
DA:168,100
DA:169,6
DA:170,2
DA:171,11
DA:173,64
DA:174,55
DA:175,32
DA:176,49
DA:177,11
DA:178,104
DA:179,6
DA:180,4
DA:184,16
DA:185,11
DA:186,139
DA:187,4
DA:188,2
DA:192,29
DA:193,39
DA:194,59
DA:195,54
DA:196,74
DA:197,42
DA:198,79
DA:199,47
DA:200,38
DA:201,56
DA:202,28
DA:203,49
DA:204,43
DA:205,55
DA:206,11
DA:207,128
DA:208,8
DA:209,4
DA:210,2
DA:211,11
DA:212,30
DA:213,24
DA:214,49
DA:215,30
DA:216,56
DA:217,60
DA:218,34
DA:219,28
DA:220,57
DA:221,39
DA:222,11
DA:223,93
DA:224,10
DA:225,6
DA:226,6
DA:227,55
DA:228,11
DA:229,138
DA:230,8
DA:231,4
DA:232,4
DA:236,31
DA:237,26
DA:238,48
DA:239,24
DA:240,61
DA:241,26
DA:242,11
DA:243,91
DA:244,6
DA:245,11
DA:246,87
DA:247,4
DA:248,2
DA:250,23
DA:251,22
DA:257,17
DA:258,54
DA:259,19
DA:260,35
DA:261,35
DA:262,27
DA:263,2
DA:264,40
DA:265,40
DA:266,46
DA:267,45
DA:268,24
DA:272,24
DA:273,30
DA:274,24
DA:275,61
DA:276,44
DA:277,17
DA:278,54
DA:280,42
DA:281,39
DA:282,2
DA:283,10
DA:286,18
DA:287,21
DA:288,54
DA:289,55
DA:290,11
DA:291,15
DA:292,36
DA:293,39
DA:294,39
DA:295,21
DA:296,11
DA:297,27
DA:298,40
DA:299,40
DA:300,23
DA:302,31
DA:305,7
DA:306,29
DA:307,26
DA:308,45
DA:309,0
DA:310,2
DA:312,44
DA:313,8
LF:216
LH:215
end_of_record
TN:
SF:shareBin/lib/cli.ts
FNF:2
FNH:1
DA:29,39
DA:80,6
DA:81,6
DA:82,8
DA:83,3
DA:84,25
DA:85,56
DA:89,19
DA:90,35
DA:91,68
DA:92,68
DA:93,43
DA:94,2
DA:96,24
DA:97,41
DA:98,24
DA:99,33
DA:100,27
DA:101,8
DA:102,4
DA:104,32
DA:105,58
DA:106,58
DA:107,33
DA:108,16
DA:109,42
DA:110,4
DA:111,34
DA:115,34
DA:116,29
DA:117,15
DA:118,77
DA:120,8
DA:121,4
DA:122,42
DA:123,30
DA:124,49
DA:125,4
DA:126,33
DA:127,29
DA:128,33
DA:129,65
DA:130,6
DA:131,24
DA:132,13
DA:133,29
DA:135,2
DA:137,29
DA:154,0
DA:155,0
DA:156,0
DA:157,0
DA:158,0
DA:159,0
DA:160,0
DA:161,0
DA:162,0
DA:163,0
DA:164,0
DA:165,0
DA:166,0
DA:167,0
DA:168,0
DA:169,0
DA:170,0
DA:171,0
DA:172,1
DA:184,29
DA:185,70
DA:186,71
DA:187,57
DA:188,57
DA:189,65
DA:190,65
DA:191,1
LF:75
LH:57
end_of_record
TN:
SF:shareBin/lib/csv-profile.ts
FNF:23
FNH:23
DA:47,76
DA:49,6
DA:50,6
DA:51,11
DA:52,3
DA:53,43
DA:54,61
DA:55,61
DA:56,76
DA:57,61
DA:58,39
DA:59,45
DA:60,21
DA:61,47
DA:62,78
DA:63,2
DA:64,12
DA:65,12
DA:66,26
DA:67,36
DA:68,16
DA:69,12
DA:70,87
DA:71,41
DA:72,1
DA:75,1
DA:76,6
DA:77,13
DA:78,11
DA:79,3
DA:80,30
DA:81,57
DA:82,50
DA:83,26
DA:84,1
DA:87,1
DA:88,6
DA:89,7
DA:90,6
DA:91,3
DA:92,51
DA:93,30
DA:94,59
DA:95,30
DA:96,34
DA:97,29
DA:98,56
DA:99,2
DA:100,35
DA:101,31
DA:102,35
DA:103,42
DA:104,88
DA:105,12
DA:106,10
DA:107,9
DA:108,9
DA:109,10
DA:110,35
DA:111,31
DA:112,38
DA:113,54
DA:114,12
DA:115,49
DA:116,7
DA:117,1
DA:120,12
DA:121,29
DA:122,54
DA:123,33
DA:124,52
DA:125,0
DA:126,0
DA:127,0
DA:130,11
DA:131,31
DA:132,26
DA:133,72
DA:134,52
DA:135,70
DA:136,35
DA:137,108
DA:138,15
DA:141,12
DA:142,49
DA:143,29
DA:144,45
DA:145,75
DA:146,44
DA:147,91
DA:148,77
DA:151,29
DA:152,29
DA:153,21
DA:154,60
DA:155,48
DA:156,52
DA:157,41
DA:158,4
DA:159,32
DA:160,85
DA:161,23
DA:162,2
DA:163,14
DA:166,11
DA:167,51
DA:170,16
DA:171,58
LF:108
LH:105
end_of_record
TN:
SF:shareBin/lib/csv.ts
FNF:2
FNH:2
DA:29,6
DA:30,7
DA:31,11
DA:32,3
DA:33,52
DA:34,18
DA:35,15
DA:36,17
DA:37,23
DA:38,12
DA:39,25
DA:41,18
DA:42,24
DA:44,20
DA:45,24
DA:47,49
DA:48,23
DA:49,15
DA:50,17
DA:51,27
DA:52,18
DA:54,15
DA:55,20
DA:56,16
DA:58,8
DA:59,4
DA:61,44
DA:62,22
DA:63,10
DA:64,8
DA:65,4
DA:67,22
DA:68,22
DA:69,17
DA:70,10
DA:71,8
DA:72,4
DA:74,23
DA:76,53
DA:77,22
DA:78,21
DA:79,15
DA:80,17
DA:81,10
DA:82,8
DA:83,4
DA:84,21
DA:85,22
DA:86,21
DA:87,15
DA:88,17
DA:89,10
DA:90,8
DA:91,4
DA:93,16
DA:94,6
DA:95,2
DA:100,18
DA:101,62
DA:102,17
DA:103,28
DA:104,0
DA:105,3
DA:107,11
DA:112,17
DA:113,32
DA:114,23
DA:115,36
DA:116,37
LF:69
LH:68
end_of_record
TN:
SF:shareBin/lib/diff-render.ts
FNF:5
FNH:5
DA:21,38
DA:36,16
DA:37,54
DA:38,32
DA:39,45
DA:40,60
DA:43,10
DA:44,17
DA:45,39
DA:46,33
DA:47,45
DA:48,8
DA:49,4
DA:52,4
DA:53,28
DA:54,29
DA:55,27
DA:56,24
DA:57,7
DA:58,47
DA:59,8
DA:60,4
DA:61,32
DA:62,53
DA:63,8
DA:64,4
DA:65,32
DA:66,53
DA:67,8
DA:68,4
DA:69,32
DA:70,53
DA:71,8
DA:72,4
DA:74,40
DA:75,2
DA:76,10
DA:79,11
DA:80,18
DA:82,22
DA:84,8
DA:85,35
DA:86,19
DA:87,39
DA:88,35
DA:89,7
DA:90,4
DA:91,21
DA:94,30
DA:95,31
DA:96,34
DA:97,8
DA:98,4
DA:99,31
DA:100,41
DA:101,19
DA:102,6
DA:103,22
DA:104,31
DA:105,30
DA:106,45
DA:107,9
DA:108,8
DA:109,4
DA:111,16
DA:112,31
DA:113,19
DA:114,47
DA:115,45
DA:116,9
DA:117,8
DA:118,4
DA:121,17
DA:122,42
DA:123,41
DA:124,5
DA:125,2
DA:126,14
DA:127,11
DA:130,9
DA:131,47
DA:132,16
DA:133,97
DA:134,2
DA:135,71
DA:136,74
DA:137,144
LF:87
LH:87
end_of_record
TN:
SF:shareBin/lib/env-diagnostics.ts
FNF:11
FNH:8
DA:17,125
DA:19,14
DA:20,27
DA:23,21
DA:24,29
DA:25,27
DA:26,28
DA:27,67
DA:30,0
DA:31,0
DA:32,0
DA:33,0
DA:34,0
DA:35,0
DA:36,0
DA:37,0
DA:38,0
DA:39,0
DA:40,1
DA:43,15
DA:44,17
DA:45,59
DA:46,28
DA:47,51
DA:48,60
DA:49,43
DA:50,30
DA:51,51
DA:52,63
DA:53,64
DA:54,2
DA:55,11
DA:58,37
DA:59,47
DA:60,42
DA:61,34
DA:62,36
DA:63,12
DA:64,13
DA:65,54
DA:66,55
DA:67,49
DA:68,2
DA:71,0
DA:72,0
DA:73,0
DA:74,0
DA:75,0
DA:76,0
DA:77,0
DA:78,0
DA:79,0
DA:80,0
DA:81,0
DA:82,0
DA:83,0
DA:84,0
DA:85,0
DA:86,0
DA:87,0
DA:88,0
DA:89,0
DA:93,0
DA:94,0
DA:95,0
DA:96,0
DA:97,0
DA:102,11
DA:103,97
DA:104,0
DA:105,2
DA:106,12
LF:72
LH:37
end_of_record
TN:
SF:shareBin/lib/escape.ts
FNF:2
FNH:2
DA:7,12
DA:8,9
DA:9,23
DA:10,22
DA:11,22
DA:12,24
DA:13,23
DA:19,12
DA:20,58
LF:9
LH:9
end_of_record
TN:
SF:shareBin/lib/git-log.ts
FNF:7
FNH:6
DA:22,77
DA:45,14
DA:46,36
DA:47,21
DA:48,31
DA:49,44
DA:50,42
DA:51,41
DA:52,39
DA:53,71
DA:62,20
DA:63,10
DA:64,12
DA:65,69
DA:66,13
DA:67,12
DA:68,11
DA:69,11
DA:70,5
DA:71,2
DA:72,15
DA:95,18
DA:99,19
DA:100,18
DA:102,34
DA:104,59
DA:105,23
DA:108,30
DA:109,25
DA:110,28
DA:111,23
DA:112,4
DA:113,4
DA:116,35
DA:117,41
DA:119,17
DA:120,13
DA:121,11
DA:122,22
DA:123,38
DA:124,7
DA:129,53
DA:130,49
DA:131,35
DA:134,55
DA:135,52
DA:136,45
DA:137,4
DA:138,4
DA:140,67
DA:141,16
DA:142,2
DA:143,2
DA:145,12
DA:150,15
DA:151,14
DA:152,61
DA:153,10
LF:58
LH:58
end_of_record
TN:
SF:shareBin/lib/http.ts
FNF:7
FNH:5
DA:23,57
DA:25,14
DA:26,46
DA:27,41
DA:28,21
DA:29,20
DA:31,42
DA:32,39
DA:33,40
DA:34,50
DA:35,48
DA:36,25
DA:37,24
DA:38,20
DA:39,2
DA:41,25
DA:42,0
DA:43,2
DA:45,12
DA:46,12
DA:47,47
DA:48,39
DA:49,2
DA:52,0
DA:53,0
DA:54,0
DA:55,0
DA:56,0
DA:57,0
DA:58,0
DA:59,0
DA:60,0
DA:61,0
DA:62,0
DA:63,0
DA:64,1
DA:67,6
DA:68,9
DA:69,6
DA:70,3
DA:71,35
DA:72,80
DA:75,6
DA:76,10
DA:77,3
DA:78,36
DA:79,27
DA:80,103
DA:81,72
DA:82,0
DA:83,1
DA:86,0
DA:87,0
DA:88,0
DA:89,0
DA:90,0
DA:91,0
DA:95,11
DA:96,32
DA:97,37
DA:98,40
DA:99,16
DA:100,21
DA:101,22
DA:102,30
DA:103,36
DA:104,0
DA:105,0
DA:106,4
DA:107,34
DA:108,32
DA:109,86
DA:110,25
DA:111,2
DA:112,12
DA:113,29
DA:114,38
DA:115,36
DA:116,9
DA:117,1
LF:80
LH:58
end_of_record
TN:
SF:shareBin/lib/json-tree.ts
FNF:6
FNH:6
DA:15,38
DA:17,21
DA:18,29
DA:29,6
DA:30,7
DA:31,11
DA:32,3
DA:33,57
DA:34,63
DA:35,43
DA:38,1
DA:39,7
DA:40,7
DA:41,11
DA:42,7
DA:43,3
DA:44,27
DA:45,54
DA:46,2
DA:47,63
DA:48,36
DA:49,49
DA:50,2
DA:51,35
DA:52,48
DA:53,2
DA:54,35
DA:55,59
DA:56,2
DA:57,30
DA:58,57
DA:59,2
DA:60,44
DA:61,17
DA:62,7
DA:63,7
DA:64,11
DA:65,7
DA:66,8
DA:67,1
DA:68,0
DA:70,0
DA:73,1
DA:74,6
DA:75,9
DA:76,7
DA:77,3
DA:78,18
DA:79,21
DA:80,54
DA:81,4
DA:82,106
DA:85,1
DA:86,7
DA:87,7
DA:88,11
DA:89,7
DA:90,6
DA:91,3
DA:92,35
DA:93,25
DA:94,35
DA:95,23
DA:96,29
DA:97,45
DA:98,18
DA:99,21
DA:100,54
DA:101,4
DA:102,56
DA:103,101
DA:104,25
DA:105,15
DA:106,57
DA:107,2
DA:108,11
DA:109,106
LF:77
LH:75
end_of_record
TN:
SF:shareBin/lib/logs.ts
FNF:6
FNH:5
DA:14,24
DA:15,17
DA:16,19
DA:17,17
DA:18,17
DA:19,16
DA:20,15
DA:21,22
DA:22,17
DA:23,14
DA:24,15
DA:25,18
DA:26,15
DA:27,17
DA:28,21
DA:29,17
DA:30,16
DA:31,20
DA:32,15
DA:33,2
DA:35,25
DA:36,14
DA:37,14
DA:38,13
DA:39,13
DA:40,14
DA:41,12
DA:42,2
DA:44,127
DA:46,16
DA:47,61
DA:48,41
DA:49,2
DA:50,35
DA:51,69
DA:52,43
DA:55,15
DA:56,107
DA:57,17
DA:58,135
DA:59,45
DA:60,1
DA:63,6
DA:64,5
DA:65,11
DA:66,3
DA:67,32
DA:68,29
DA:69,90
DA:70,19
DA:71,48
DA:72,29
DA:73,0
DA:74,0
DA:75,0
DA:76,0
DA:77,0
DA:78,0
DA:79,0
DA:80,0
DA:81,0
DA:82,0
DA:83,0
DA:84,0
DA:85,0
DA:86,0
DA:87,0
DA:88,0
DA:89,1
DA:92,25
DA:93,9
DA:94,34
DA:95,73
DA:96,14
DA:97,46
DA:98,30
DA:99,4
DA:100,90
DA:101,16
DA:102,67
DA:103,61
DA:104,0
DA:105,1
DA:109,0
DA:110,0
DA:111,0
DA:112,0
DA:113,0
DA:114,0
DA:115,0
DA:116,0
DA:117,0
DA:118,0
DA:119,0
DA:123,16
DA:124,30
DA:125,28
DA:126,67
DA:127,0
DA:128,0
DA:129,0
LF:101
LH:70
end_of_record
TN:
SF:shareBin/lib/markdown.ts
FNF:9
FNH:9
DA:25,38
DA:27,46
DA:28,31
DA:40,16
DA:41,57
DA:42,39
DA:45,10
DA:46,31
DA:47,20
DA:48,12
DA:49,29
DA:50,26
DA:52,34
DA:53,40
DA:54,21
DA:55,10
DA:56,64
DA:57,27
DA:58,10
DA:59,6
DA:61,37
DA:62,54
DA:63,8
DA:64,4
DA:66,53
DA:67,21
DA:68,21
DA:69,18
DA:70,35
DA:71,27
DA:72,9
DA:73,10
DA:74,8
DA:75,4
DA:77,36
DA:78,21
DA:79,65
DA:80,54
DA:81,10
DA:82,6
DA:83,46
DA:84,8
DA:85,4
DA:86,37
DA:87,21
DA:88,66
DA:89,55
DA:90,10
DA:91,6
DA:92,46
DA:93,8
DA:94,4
DA:96,36
DA:97,48
DA:98,10
DA:99,8
DA:100,4
DA:102,19
DA:103,61
DA:105,4
DA:106,30
DA:107,31
DA:108,32
DA:109,30
DA:110,9
DA:111,12
DA:112,6
DA:113,25
DA:114,8
DA:115,4
DA:116,41
DA:117,2
DA:118,13
DA:121,7
DA:122,25
DA:123,14
DA:124,14
DA:125,12
DA:126,59
DA:127,59
DA:128,5
DA:129,15
DA:130,73
DA:131,76
DA:132,5
DA:133,11
DA:134,82
DA:135,11
DA:136,82
DA:137,10
DA:138,58
DA:145,15
DA:148,21
DA:149,59
DA:150,39
DA:151,23
DA:152,4
DA:154,32
DA:156,71
DA:157,57
DA:158,26
DA:159,27
DA:160,25
DA:161,43
DA:162,81
DA:164,4
DA:167,65
DA:168,63
DA:169,4
DA:170,14
LF:110
LH:110
end_of_record
TN:
SF:shareBin/lib/openapi.ts
FNF:4
FNH:3
DA:24,95
DA:26,16
DA:27,31
DA:28,35
DA:29,37
DA:30,23
DA:32,58
DA:33,39
DA:34,63
DA:35,65
DA:36,41
DA:37,45
DA:38,37
DA:39,62
DA:40,71
DA:41,60
DA:42,24
DA:43,45
DA:44,36
DA:45,13
DA:46,13
DA:47,41
DA:48,49
DA:49,27
DA:50,45
DA:51,15
DA:52,7
DA:53,2
DA:54,2
DA:56,18
DA:57,25
DA:58,90
DA:60,12
DA:61,57
DA:62,110
DA:63,47
DA:64,36
DA:65,29
DA:66,11
DA:67,1
DA:70,11
DA:71,73
DA:74,11
DA:75,82
LF:44
LH:44
end_of_record
TN:
SF:shareBin/lib/ports.ts
FNF:8
FNH:7
DA:14,17
DA:15,97
DA:18,15
DA:19,17
DA:20,38
DA:21,39
DA:22,43
DA:23,38
DA:24,79
DA:25,37
DA:26,56
DA:27,70
DA:28,46
DA:29,31
DA:30,22
DA:31,38
DA:32,32
DA:33,26
DA:34,40
DA:35,30
DA:36,14
DA:37,18
DA:38,6
DA:39,48
DA:40,2
DA:41,22
DA:44,15
DA:45,17
DA:46,38
DA:47,30
DA:48,53
DA:49,43
DA:50,45
DA:51,44
DA:52,31
DA:53,64
DA:54,22
DA:55,19
DA:56,32
DA:57,26
DA:58,46
DA:59,32
DA:60,21
DA:61,16
DA:62,6
DA:63,48
DA:64,2
DA:65,22
DA:68,16
DA:69,63
DA:70,30
DA:71,56
DA:72,17
DA:73,39
DA:74,20
DA:75,47
DA:76,42
DA:77,32
DA:78,45
DA:79,25
DA:82,18
DA:83,25
DA:86,11
DA:87,26
DA:88,29
LF:65
LH:65
end_of_record
TN:
SF:shareBin/lib/processes.ts
FNF:13
FNH:7
DA:17,15
DA:18,17
DA:19,39
DA:20,86
DA:21,28
DA:22,16
DA:23,28
DA:24,29
DA:25,60
DA:26,35
DA:27,27
DA:28,33
DA:29,5
DA:30,2
DA:31,11
DA:34,6
DA:35,11
DA:36,11
DA:37,3
DA:38,65
DA:39,27
DA:40,34
DA:41,47
DA:42,20
DA:43,32
DA:44,2
DA:45,86
DA:47,42
DA:48,0
DA:49,0
DA:50,0
DA:51,2
DA:53,42
DA:54,2
DA:55,68
DA:57,18
DA:58,22
DA:59,19
DA:60,32
DA:61,23
DA:62,46
DA:63,59
DA:64,57
DA:66,69
DA:67,59
DA:68,31
DA:69,2
DA:70,12
DA:73,0
DA:74,0
DA:75,0
DA:79,12
DA:80,26
DA:81,26
DA:82,27
DA:83,60
LF:56
LH:50
end_of_record
TN:
SF:shareBin/lib/qr.ts
FNF:34
FNH:34
DA:38,20
DA:39,7
DA:40,7
DA:41,7
DA:42,5
DA:43,2
DA:47,26
DA:48,38
DA:49,26
DA:50,68
DA:51,37
DA:52,62
DA:53,2
DA:54,66
DA:55,27
DA:56,0
DA:57,0
DA:58,0
DA:59,2
DA:61,54
DA:62,38
DA:63,45
DA:65,67
DA:66,53
DA:67,2
DA:68,67
DA:72,13
DA:74,32
DA:75,35
DA:76,36
DA:77,51
DA:79,43
DA:82,19
DA:83,43
DA:84,28
DA:85,40
DA:86,43
DA:87,41
DA:88,45
DA:89,40
DA:90,41
DA:91,29
DA:92,24
DA:93,22
DA:94,28
DA:95,2
DA:96,2
DA:97,16
DA:99,55
DA:104,1
DA:105,6
DA:106,9
DA:107,9
DA:108,3
DA:109,18
DA:111,23
DA:112,31
DA:113,37
DA:114,46
DA:116,54
DA:118,52
DA:119,52
DA:121,34
DA:122,11
DA:125,19
DA:126,36
DA:127,27
DA:128,1
DA:131,10
DA:132,17
DA:133,44
DA:134,14
DA:135,66
DA:136,14
DA:137,2
DA:138,11
DA:143,35
DA:144,35
DA:145,9
DA:146,12
DA:147,33
DA:148,18
DA:149,18
DA:150,12
DA:151,27
DA:152,2
DA:153,63
DA:154,2
DA:156,10
DA:157,28
DA:158,36
DA:162,7
DA:163,14
DA:164,31
DA:165,35
DA:166,2
DA:167,8
DA:170,10
DA:171,57
DA:172,38
DA:173,40
DA:174,36
DA:175,2
DA:176,2
DA:177,10
DA:180,18
DA:181,34
DA:182,53
DA:183,41
DA:184,24
DA:185,32
DA:186,42
DA:187,38
DA:188,2
DA:189,2
DA:190,29
DA:195,1
DA:196,11
DA:197,9
DA:198,9
DA:199,3
DA:200,62
DA:202,68
DA:203,20
DA:204,25
DA:205,17
DA:206,38
DA:207,59
DA:208,23
DA:209,53
DA:210,19
DA:211,2
DA:212,33
DA:213,0
DA:214,0
DA:215,0
DA:216,0
DA:217,2
DA:220,17
DA:221,43
DA:222,37
DA:223,34
DA:224,50
DA:225,2
DA:226,2
DA:227,40
DA:228,57
DA:229,2
DA:230,10
DA:233,1
DA:234,9
DA:235,9
DA:236,3
DA:237,62
DA:238,58
DA:239,44
DA:244,10
DA:245,15
DA:246,69
DA:247,8
DA:250,7
DA:251,32
DA:254,1
DA:255,9
DA:256,10
DA:257,9
DA:258,3
DA:259,30
DA:260,38
DA:261,45
DA:262,45
DA:265,31
DA:266,32
DA:267,32
DA:268,39
DA:269,43
DA:270,43
DA:271,37
DA:272,2
DA:275,38
DA:276,32
DA:277,32
DA:278,26
DA:279,24
DA:280,2
DA:282,30
DA:283,31
DA:287,52
DA:288,52
DA:289,63
DA:290,63
DA:293,22
DA:294,55
DA:295,34
DA:296,36
DA:298,4
DA:299,24
DA:300,54
DA:301,51
DA:302,11
DA:303,17
DA:304,8
DA:305,47
DA:306,4
DA:307,2
DA:308,2
DA:311,17
DA:312,0
DA:313,0
DA:314,0
DA:315,0
DA:316,0
DA:317,0
DA:318,1
DA:321,1
DA:322,9
DA:323,10
DA:324,4
DA:325,4
DA:326,3
DA:327,36
DA:328,38
DA:329,24
DA:330,24
DA:331,72
DA:332,14
DA:333,68
DA:334,64
DA:335,62
DA:336,55
DA:337,26
DA:338,2
DA:339,1
DA:342,1
DA:343,9
DA:344,10
DA:345,4
DA:346,4
DA:347,3
DA:348,36
DA:349,38
DA:350,64
DA:351,44
DA:352,55
DA:353,38
DA:354,2
DA:355,1
DA:358,20
DA:359,72
DA:360,23
DA:363,1
DA:364,9
DA:365,10
DA:366,7
DA:367,3
DA:368,30
DA:369,17
DA:372,54
DA:373,34
DA:374,45
DA:375,35
DA:376,28
DA:377,45
DA:378,47
DA:379,44
DA:380,40
DA:381,34
DA:383,30
DA:384,17
DA:385,51
DA:386,42
DA:388,15
DA:389,4
DA:390,2
DA:391,2
DA:396,18
DA:397,28
DA:398,19
DA:399,23
DA:400,28
DA:401,60
DA:402,38
DA:403,44
DA:404,45
DA:405,1
DA:407,1
DA:408,9
DA:409,10
DA:410,6
DA:411,3
DA:412,28
DA:413,44
DA:414,46
DA:415,40
DA:416,54
DA:417,2
DA:418,2
DA:421,25
DA:422,7
DA:423,7
DA:424,7
DA:425,5
DA:426,1
DA:428,1
DA:429,9
DA:430,9
DA:431,6
DA:432,3
DA:433,30
DA:435,51
DA:437,23
DA:438,32
DA:439,37
DA:440,21
DA:441,2
DA:442,2
DA:443,42
DA:446,68
DA:447,40
DA:448,40
DA:449,40
DA:450,74
DA:453,31
DA:454,51
DA:455,2
DA:456,31
DA:457,55
DA:458,2
DA:459,29
DA:462,22
DA:463,25
DA:464,0
DA:466,0
DA:467,0
DA:468,0
DA:469,0
DA:470,0
DA:471,0
DA:472,0
DA:473,0
DA:474,0
DA:475,0
DA:476,0
DA:477,0
DA:478,0
DA:479,0
DA:484,13
DA:485,30
DA:486,18
DA:489,34
DA:490,33
DA:491,19
DA:492,36
DA:493,40
DA:494,17
DA:495,46
DA:496,47
DA:497,15
DA:498,33
DA:499,21
DA:501,2
DA:502,2
DA:503,34
DA:504,33
DA:505,19
DA:506,36
DA:507,40
DA:508,17
DA:509,46
DA:510,47
DA:511,15
DA:512,33
DA:513,21
DA:515,2
DA:516,2
DA:518,38
DA:519,40
DA:520,30
DA:521,4
DA:522,27
DA:523,27
DA:524,28
DA:525,9
DA:526,19
DA:527,4
DA:528,2
DA:529,2
DA:533,15
DA:544,20
DA:546,77
DA:548,79
DA:550,79
DA:552,78
DA:554,82
DA:556,79
DA:558,81
DA:560,82
DA:562,83
DA:564,83
DA:566,82
DA:568,81
DA:569,2
DA:572,26
DA:573,67
DA:574,2
DA:577,24
DA:578,18
DA:579,19
DA:580,19
DA:581,19
DA:582,20
DA:583,21
DA:584,21
DA:585,22
DA:586,22
DA:587,23
DA:588,23
DA:589,21
DA:590,2
DA:594,30
DA:595,5
DA:596,10
DA:597,10
DA:598,10
DA:599,10
DA:600,10
DA:601,14
DA:602,14
DA:603,14
DA:604,14
DA:605,14
DA:606,12
DA:607,1
DA:609,24
DA:610,51
DA:611,73
DA:612,2
DA:613,16
DA:614,97
DA:615,1
DA:620,7
DA:621,17
DA:622,60
DA:623,11
DA:641,24
DA:642,32
DA:643,34
DA:644,38
DA:645,40
DA:646,45
DA:647,19
DA:648,37
DA:649,14
DA:650,26
DA:651,31
DA:652,12
DA:653,8
DA:654,6
DA:655,25
DA:656,70
DA:657,38
DA:658,38
DA:659,38
DA:660,11
DA:661,76
DA:662,8
DA:663,15
DA:664,2
DA:665,2
DA:666,12
DA:667,135
DA:668,57
DA:669,19
DA:670,10
DA:671,10
LF:475
LH:447
end_of_record
TN:
SF:shareBin/lib/table.ts
FNF:6
FNH:6
DA:21,38
DA:32,6
DA:33,6
DA:34,11
DA:35,3
DA:36,43
DA:37,27
DA:38,51
DA:39,2
DA:43,63
DA:44,35
DA:45,41
DA:46,51
DA:47,4
DA:49,46
DA:50,53
DA:52,30
DA:53,144
DA:54,4
DA:56,14
DA:57,20
DA:58,24
DA:59,3
DA:60,13
DA:61,94
DA:62,2
DA:63,25
DA:64,4
DA:66,33
DA:67,3
DA:68,9
DA:69,11
DA:70,44
DA:71,14
DA:72,2
DA:73,21
DA:75,137
DA:82,1947
LF:38
LH:38
end_of_record
TN:
SF:shareBin/lib/yaml.ts
FNF:12
FNH:12
DA:52,16
DA:53,34
DA:54,39
DA:55,56
DA:56,12
DA:59,11
DA:60,13
DA:61,21
DA:62,10
DA:63,17
DA:66,52
DA:67,52
DA:68,16
DA:69,2
DA:70,17
DA:71,48
DA:72,14
DA:73,52
DA:76,27
DA:77,59
DA:78,4
DA:79,48
DA:80,2
DA:81,23
DA:87,1
DA:88,7
DA:89,7
DA:90,12
DA:91,3
DA:92,31
DA:93,29
DA:94,65
DA:95,46
DA:96,2
DA:97,45
DA:100,1
DA:101,7
DA:102,7
DA:103,12
DA:104,3
DA:105,17
DA:106,16
DA:107,29
DA:108,26
DA:109,43
DA:110,29
DA:111,0
DA:112,0
DA:113,0
DA:114,4
DA:115,48
DA:120,52
DA:121,23
DA:123,0
DA:124,0
DA:125,0
DA:126,0
DA:127,0
DA:128,0
DA:129,0
DA:130,0
DA:131,0
DA:132,4
DA:133,31
DA:137,27
DA:138,32
DA:139,23
DA:140,19
DA:141,8
DA:146,34
DA:147,30
DA:148,72
DA:149,22
DA:150,15
DA:151,8
DA:152,4
DA:154,33
DA:155,6
DA:156,2
DA:157,15
DA:160,1
DA:161,7
DA:162,7
DA:163,12
DA:164,3
DA:165,17
DA:166,16
DA:167,29
DA:168,26
DA:169,43
DA:170,29
DA:171,0
DA:172,0
DA:173,0
DA:174,4
DA:175,47
DA:176,39
DA:177,64
DA:178,4
DA:179,48
DA:180,67
DA:181,62
DA:182,32
DA:183,40
DA:184,10
DA:185,8
DA:186,4
DA:188,8
DA:189,55
DA:190,0
DA:191,0
DA:192,4
DA:193,64
DA:194,21
DA:195,11
DA:196,2
DA:197,15
DA:200,7
DA:203,27
DA:204,29
DA:209,7
DA:210,23
DA:211,23
DA:212,38
DA:213,20
DA:214,37
DA:215,42
DA:216,53
DA:217,28
DA:218,71
DA:219,3
DA:220,2
DA:221,9
DA:224,9
DA:225,4
DA:226,44
DA:227,41
DA:228,0
DA:229,0
DA:230,2
DA:231,10
DA:234,9
DA:235,29
DA:236,30
DA:239,81
DA:240,15
DA:241,13
DA:242,23
DA:243,21
DA:244,19
DA:245,2
DA:246,81
DA:247,47
DA:248,2
DA:250,38
DA:251,56
DA:252,57
DA:253,56
DA:255,36
DA:256,30
DA:257,36
DA:258,2
DA:259,64
DA:260,30
DA:261,36
DA:262,2
DA:263,43
DA:264,0
DA:265,0
DA:266,2
DA:267,14
LF:171
LH:150
end_of_record
TN:
SF:src/bun/accessory-mode.ts
FNF:4
FNH:0
DA:21,42
DA:22,30
DA:27,56
DA:33,13
DA:35,12
DA:38,5
DA:40,0
DA:41,0
DA:42,0
DA:43,0
DA:44,0
DA:45,0
DA:46,0
DA:47,0
DA:48,0
DA:49,0
DA:50,0
DA:51,0
DA:52,0
DA:53,0
DA:54,0
DA:55,0
DA:56,0
DA:57,0
DA:58,0
DA:59,0
DA:60,0
DA:61,0
DA:62,0
DA:63,0
DA:64,0
DA:65,0
DA:66,0
DA:67,0
DA:68,0
DA:69,0
DA:70,0
DA:71,0
DA:72,0
DA:73,0
DA:74,0
DA:75,0
DA:76,0
DA:77,0
DA:78,0
DA:79,0
DA:80,0
DA:81,0
DA:82,0
DA:83,0
DA:84,0
DA:85,0
DA:86,0
DA:87,0
DA:88,0
DA:89,0
DA:90,0
DA:91,0
DA:92,0
DA:93,0
DA:94,0
DA:95,0
DA:96,0
DA:97,0
DA:98,0
DA:99,0
DA:100,0
DA:101,0
DA:102,0
DA:103,0
DA:104,0
DA:105,0
DA:106,0
DA:107,0
DA:108,0
DA:109,0
DA:110,0
DA:111,0
DA:112,0
DA:113,0
DA:114,0
DA:115,0
DA:116,0
DA:117,0
DA:118,0
DA:119,0
DA:120,0
DA:121,0
DA:122,0
DA:123,0
DA:124,0
DA:125,0
DA:126,0
DA:127,0
DA:128,0
DA:129,0
DA:130,1
DA:143,0
DA:144,0
DA:145,0
DA:146,0
DA:147,0
DA:148,0
DA:149,0
DA:150,0
DA:151,0
DA:152,0
DA:153,0
DA:154,1
DA:168,0
DA:169,0
DA:170,0
DA:171,0
DA:172,0
DA:173,0
DA:174,0
DA:175,0
DA:176,0
DA:177,0
LF:119
LH:8
end_of_record
TN:
SF:src/bun/ask-user-queue.ts
FNF:18
FNH:16
DA:84,1
DA:86,45
DA:87,90
DA:88,32
DA:89,77
DA:90,36
DA:91,39
DA:92,44
DA:93,138
DA:104,22
DA:107,10
DA:108,64
DA:109,46
DA:110,42
DA:111,70
DA:112,62
DA:113,46
DA:114,50
DA:115,46
DA:116,58
DA:117,58
DA:118,70
DA:119,54
DA:120,52
DA:121,12
DA:123,32
DA:124,89
DA:125,37
DA:126,12
DA:128,42
DA:129,145
DA:130,73
DA:133,94
DA:134,139
DA:135,44
DA:136,9
DA:138,108
DA:139,88
DA:140,63
DA:148,40
DA:149,72
DA:150,42
DA:151,38
DA:152,18
DA:153,11
DA:158,42
DA:159,72
DA:160,42
DA:161,46
DA:162,20
DA:163,11
DA:167,28
DA:168,115
DA:172,55
DA:173,143
DA:179,29
DA:180,58
DA:181,85
DA:184,52
DA:185,78
DA:186,66
DA:187,56
DA:188,65
DA:189,66
DA:190,9
DA:191,22
DA:192,58
DA:193,16
DA:196,128
DA:197,29
DA:200,32
DA:201,83
DA:202,26
DA:203,35
DA:204,23
DA:207,8
DA:209,1
LF:77
LH:77
end_of_record
TN:
SF:src/bun/ask-user-telegram.ts
FNF:8
FNH:8
DA:51,52
DA:52,7
DA:53,41
DA:63,6
DA:64,9
DA:65,18
DA:66,3
DA:67,19
DA:68,47
DA:69,56
DA:70,19
DA:71,39
DA:72,2
DA:74,21
DA:75,66
DA:76,56
DA:77,58
DA:78,28
DA:79,19
DA:80,56
DA:81,2
DA:83,38
DA:84,14
DA:85,19
DA:86,38
DA:87,2
DA:89,21
DA:92,10
DA:93,23
DA:94,14
DA:95,38
DA:96,15
DA:97,37
DA:98,13
DA:99,53
DA:100,24
DA:101,50
DA:112,6
DA:113,9
DA:114,11
DA:115,3
DA:116,32
DA:117,31
DA:118,14
DA:119,16
DA:120,28
DA:121,13
DA:122,60
DA:123,55
DA:124,12
DA:125,63
DA:126,7
DA:127,6
DA:128,17
DA:129,44
DA:130,22
DA:133,45
DA:134,56
DA:135,51
DA:136,10
DA:137,28
DA:138,32
DA:139,42
DA:140,2
DA:141,8
DA:142,6
DA:143,73
DA:144,32
DA:145,5
DA:146,24
DA:147,34
DA:148,18
DA:149,30
DA:150,15
DA:151,76
DA:152,65
DA:153,11
DA:154,9
DA:155,1
DA:156,6
DA:157,16
DA:158,28
DA:159,13
DA:160,15
DA:161,35
DA:162,42
DA:163,14
DA:164,63
DA:165,9
DA:166,7
DA:167,6
DA:168,13
DA:169,16
DA:170,26
DA:171,63
DA:172,2
DA:187,15
DA:188,45
DA:189,29
DA:190,32
DA:191,31
DA:192,39
DA:193,36
DA:194,41
DA:195,28
DA:205,6
DA:206,9
DA:207,10
DA:208,18
DA:209,3
DA:210,19
DA:211,47
DA:213,21
DA:214,66
DA:215,56
DA:216,27
DA:217,28
DA:218,56
DA:219,2
DA:220,17
DA:221,60
DA:222,21
DA:225,14
DA:226,34
DA:227,11
DA:228,37
DA:229,29
DA:230,5
DA:231,15
DA:232,66
DA:233,16
DA:234,19
LF:132
LH:132
end_of_record
TN:
SF:src/bun/atomic-write.ts
FNF:1
FNH:1
DA:1,110
DA:10,36
DA:38,6
DA:39,10
DA:40,6
DA:41,11
DA:42,3
DA:43,32
DA:47,50
DA:48,9
DA:49,62
DA:50,77
DA:53,25
DA:54,5
DA:55,18
DA:57,9
DA:58,28
DA:59,0
DA:60,0
DA:61,0
DA:62,0
DA:65,2
DA:70,9
DA:71,51
DA:72,11
DA:73,30
DA:74,7
DA:75,23
DA:77,1
LF:29
LH:25
end_of_record
TN:
SF:src/bun/audits.ts
FNF:23
FNH:20
DA:1,35
DA:59,34
DA:66,0
DA:67,0
DA:68,0
DA:69,0
DA:70,0
DA:71,0
DA:72,0
DA:73,0
DA:74,0
DA:75,0
DA:76,0
DA:77,0
DA:78,0
DA:79,0
DA:80,0
DA:81,0
DA:82,0
DA:83,0
DA:84,0
DA:85,0
DA:86,0
DA:87,0
DA:88,0
DA:89,0
DA:90,0
DA:91,0
DA:92,0
DA:93,0
DA:94,0
DA:95,0
DA:96,1
DA:117,15
DA:118,46
DA:119,17
DA:121,34
DA:122,16
DA:123,26
DA:124,84
DA:125,61
DA:126,5
DA:127,2
DA:135,46
DA:136,50
DA:137,14
DA:138,22
DA:139,57
DA:140,42
DA:141,5
DA:142,14
DA:143,22
DA:144,44
DA:145,42
DA:146,5
DA:147,14
DA:148,23
DA:149,50
DA:150,51
DA:151,5
DA:153,11
DA:159,6
DA:160,10
DA:161,23
DA:162,3
DA:163,13
DA:164,9
DA:165,62
DA:166,17
DA:167,14
DA:168,26
DA:169,16
DA:170,22
DA:171,54
DA:172,3
DA:174,29
DA:175,14
DA:176,26
DA:177,15
DA:178,23
DA:179,42
DA:180,1
DA:181,2
DA:182,50
DA:183,12
DA:184,24
DA:185,14
DA:186,21
DA:187,67
DA:188,12
DA:189,50
DA:190,21
DA:191,71
DA:193,3
DA:194,2
DA:201,6
DA:202,5
DA:203,17
DA:204,3
DA:207,19
DA:208,47
DA:209,79
DA:210,20
DA:211,14
DA:212,24
DA:213,16
DA:214,23
DA:215,9
DA:216,94
DA:217,1
DA:218,2
DA:219,45
DA:220,14
DA:221,14
DA:222,24
DA:223,15
DA:224,23
DA:225,39
DA:226,1
DA:227,2
DA:228,12
DA:229,22
DA:230,14
DA:231,21
DA:232,105
DA:233,2
DA:240,0
DA:241,0
DA:242,0
DA:243,0
DA:244,0
DA:245,0
DA:246,0
DA:247,0
DA:248,0
DA:249,0
DA:250,0
DA:251,0
DA:252,0
DA:253,0
DA:254,0
DA:255,0
DA:256,0
DA:257,0
DA:258,0
DA:259,0
DA:260,0
DA:261,0
DA:262,0
DA:263,0
DA:264,0
DA:265,1
DA:269,6
DA:270,24
DA:271,3
DA:272,27
DA:273,12
DA:274,14
DA:275,24
DA:276,15
DA:277,23
DA:278,29
DA:279,1
DA:280,2
DA:281,12
DA:282,22
DA:283,14
DA:284,21
DA:285,9
DA:286,129
DA:287,2
DA:292,6
DA:293,5
DA:294,32
DA:295,3
DA:296,35
DA:297,16
DA:298,14
DA:299,25
DA:300,16
DA:301,23
DA:302,9
DA:303,99
DA:304,1
DA:305,2
DA:306,28
DA:307,14
DA:308,25
DA:309,16
DA:310,23
DA:311,89
DA:312,1
DA:313,2
DA:314,12
DA:315,23
DA:316,13
DA:317,21
DA:318,33
DA:319,1
DA:322,0
DA:323,0
DA:324,0
DA:325,0
DA:326,0
DA:327,0
DA:328,1
DA:334,15
DA:335,19
DA:336,19
DA:337,11
DA:338,23
DA:339,19
DA:340,16
DA:341,17
DA:342,18
DA:343,24
DA:344,44
DA:345,2
DA:347,1
DA:348,2
DA:354,6
DA:355,8
DA:356,9
DA:357,3
DA:358,21
DA:359,14
DA:360,20
DA:361,20
DA:362,32
DA:363,53
DA:364,1
DA:365,2
DA:366,28
DA:367,55
DA:368,16
DA:371,14
DA:372,20
DA:373,16
DA:374,23
DA:375,81
DA:376,1
DA:377,2
DA:378,20
LF:243
LH:182
end_of_record
TN:
SF:src/bun/auto-continue-engine.ts
FNF:25
FNH:23
DA:22,106
DA:74,42
DA:81,1
DA:83,77
DA:84,90
DA:90,50
DA:91,80
DA:92,40
DA:93,44
DA:94,50
DA:99,109
DA:100,110
DA:101,78
DA:102,60
DA:103,44
DA:104,42
DA:105,32
DA:106,48
DA:107,26
DA:108,90
DA:109,50
DA:110,14
DA:116,112
DA:117,112
DA:118,84
DA:119,60
DA:120,80
DA:121,27
DA:122,48
DA:123,50
DA:124,9
DA:125,44
DA:126,42
DA:127,32
DA:128,50
DA:129,26
DA:130,90
DA:131,50
DA:132,14
DA:140,35
DA:141,116
DA:144,34
DA:145,22
DA:146,116
DA:147,16
DA:157,47
DA:158,66
DA:159,154
DA:162,42
DA:163,89
DA:166,26
DA:167,69
DA:171,24
DA:172,46
DA:173,102
DA:174,64
DA:175,98
DA:179,24
DA:180,57
DA:183,34
DA:184,58
DA:185,58
DA:189,22
DA:195,10
DA:196,90
DA:197,75
DA:198,38
DA:199,12
DA:200,18
DA:201,48
DA:202,62
DA:203,6
DA:204,20
DA:205,10
DA:206,7
DA:207,9
DA:209,103
DA:210,38
DA:211,12
DA:212,18
DA:213,48
DA:214,44
DA:215,6
DA:216,20
DA:217,10
DA:218,7
DA:219,9
DA:224,88
DA:225,44
DA:226,72
DA:227,86
DA:228,14
DA:237,118
DA:242,118
DA:243,149
DA:244,38
DA:245,12
DA:246,18
DA:247,48
DA:248,162
DA:249,50
DA:250,6
DA:251,20
DA:252,10
DA:253,7
DA:254,9
DA:264,127
DA:265,98
DA:266,74
DA:267,50
DA:268,48
DA:269,218
DA:270,50
DA:271,16
DA:272,147
DA:273,9
DA:276,58
DA:277,62
DA:279,79
DA:280,112
DA:281,39
DA:282,50
DA:283,56
DA:284,31
DA:285,50
DA:286,40
DA:287,134
DA:288,25
DA:290,152
DA:291,112
DA:292,39
DA:293,50
DA:294,56
DA:295,9
DA:296,10
DA:298,77
DA:301,38
DA:302,12
DA:303,18
DA:304,48
DA:305,64
DA:306,28
DA:307,6
DA:308,20
DA:309,28
DA:310,7
DA:311,9
DA:313,85
DA:314,95
DA:315,29
DA:317,55
DA:318,38
DA:319,12
DA:320,18
DA:321,48
DA:322,34
DA:323,34
DA:324,6
DA:325,20
DA:326,28
DA:327,7
DA:328,9
DA:331,22
DA:332,110
DA:333,13
DA:334,19
DA:335,6
DA:336,9
DA:337,24
DA:338,67
DA:339,14
DA:340,3
DA:341,10
DA:342,14
DA:343,15
DA:345,82
DA:346,68
DA:347,38
DA:348,12
DA:349,14
DA:350,40
DA:351,30
DA:352,30
DA:353,6
DA:354,20
DA:355,28
DA:356,10
DA:359,46
DA:360,76
DA:361,29
DA:362,126
DA:363,66
DA:364,9
DA:365,28
DA:368,11
DA:369,12
DA:375,19
DA:376,10
DA:377,136
DA:378,22
DA:379,58
DA:380,48
DA:381,76
DA:382,96
DA:383,28
DA:384,11
DA:385,13
DA:386,24
DA:390,8
DA:391,12
DA:392,18
DA:393,20
DA:394,32
DA:395,10
DA:396,30
DA:397,57
DA:398,33
DA:399,87
DA:400,44
DA:401,42
DA:402,64
DA:403,56
DA:404,56
DA:405,26
DA:406,60
DA:407,36
DA:408,14
DA:409,35
DA:412,35
DA:413,54
DA:414,130
DA:415,83
DA:416,26
DA:417,60
DA:418,16
DA:421,8
DA:423,2
DA:430,62
DA:431,106
DA:432,84
DA:434,84
DA:435,90
DA:436,86
DA:439,92
DA:441,26
DA:446,132
DA:447,78
DA:453,0
DA:454,0
DA:455,0
DA:456,0
DA:457,0
DA:458,0
DA:459,0
DA:460,0
DA:461,0
DA:462,0
DA:463,0
DA:464,0
DA:465,0
DA:466,0
DA:467,0
DA:468,0
DA:469,0
DA:470,0
DA:471,0
DA:472,0
DA:473,0
DA:474,0
DA:475,0
DA:476,0
DA:477,0
DA:478,0
DA:479,0
DA:480,0
DA:481,0
DA:482,0
DA:483,0
DA:484,0
DA:485,0
DA:486,37
DA:492,65
DA:493,38
DA:494,152
DA:495,108
DA:496,22
DA:497,154
DA:498,8
DA:499,103
DA:500,60
DA:501,81
DA:502,106
DA:503,5
DA:504,23
DA:505,89
DA:507,60
DA:508,65
DA:509,5
DA:510,77
DA:511,94
DA:512,111
DA:513,56
DA:514,5
DA:515,5
DA:516,46
DA:522,58
DA:523,54
DA:526,44
DA:527,14
DA:528,66
DA:529,40
DA:530,18
DA:531,20
DA:532,18
DA:533,61
DA:534,22
DA:535,30
DA:537,62
DA:538,128
DA:539,30
DA:540,127
DA:541,57
DA:542,24
DA:543,19
DA:544,17
DA:545,66
DA:546,8
DA:547,50
DA:548,84
DA:549,61
DA:550,10
DA:551,106
DA:552,5
DA:553,23
LF:334
LH:301
end_of_record
TN:
SF:src/bun/auto-continue-persistence.ts
FNF:7
FNH:7
DA:15,51
DA:16,49
DA:23,23
DA:28,15
DA:29,36
DA:30,9
DA:31,43
DA:32,35
DA:33,54
DA:34,43
DA:37,56
DA:38,11
DA:39,10
DA:46,6
DA:47,6
DA:48,15
DA:49,3
DA:50,19
DA:51,19
DA:53,27
DA:54,11
DA:55,25
DA:56,30
DA:57,26
DA:58,8
DA:59,51
DA:60,5
DA:65,12
DA:66,24
DA:67,20
DA:68,51
DA:69,33
DA:70,21
DA:71,19
DA:72,18
DA:74,19
DA:75,28
DA:76,28
DA:77,19
DA:78,6
DA:79,17
DA:81,1
LF:42
LH:42
end_of_record
TN:
SF:src/bun/auto-continue.ts
FNF:7
FNH:7
DA:68,23
DA:69,11
DA:70,12
DA:71,11
DA:72,12
DA:73,10
DA:74,11
DA:75,22
DA:76,14
DA:77,14
DA:78,9
DA:79,2
DA:81,37
DA:83,6
DA:84,7
DA:85,3
DA:86,39
DA:87,54
DA:88,41
DA:91,40
DA:92,14
DA:93,21
DA:94,67
DA:95,1
DA:96,2
DA:97,29
DA:98,50
DA:99,16
DA:100,23
DA:101,68
DA:102,1
DA:103,2
DA:104,2
DA:107,50
DA:108,31
DA:109,14
DA:110,21
DA:111,66
DA:112,1
DA:113,2
DA:116,26
DA:117,39
DA:118,42
DA:119,16
DA:120,16
DA:121,27
DA:122,69
DA:123,40
DA:124,1
DA:125,4
DA:126,14
DA:127,21
DA:128,64
DA:129,1
DA:130,2
DA:133,12
DA:134,19
DA:135,70
DA:136,1
DA:139,10
DA:140,27
DA:141,34
DA:142,39
DA:143,2
DA:144,12
DA:151,10
DA:152,18
DA:153,9
DA:154,20
DA:155,20
DA:156,4
DA:157,5
DA:158,30
DA:159,31
DA:160,30
DA:161,14
DA:162,47
DA:163,2
DA:164,11
DA:170,11
DA:171,55
DA:172,29
DA:173,57
DA:174,31
DA:175,11
DA:181,10
DA:182,52
DA:183,46
DA:184,39
LF:89
LH:89
end_of_record
TN:
SF:src/bun/browser-history.ts
FNF:18
FNH:17
DA:12,120
DA:13,84
DA:14,98
DA:23,47
DA:31,1
DA:33,45
DA:34,120
DA:35,68
DA:39,42
DA:40,100
DA:41,78
DA:42,86
DA:43,41
DA:44,56
DA:45,80
DA:46,88
DA:47,27
DA:48,62
DA:49,24
DA:50,56
DA:51,44
DA:52,58
DA:53,23
DA:56,80
DA:57,48
DA:58,45
DA:59,8
DA:60,68
DA:61,62
DA:62,9
DA:63,48
DA:70,56
DA:71,68
DA:72,54
DA:73,46
DA:75,99
DA:76,134
DA:77,106
DA:79,88
DA:80,96
DA:81,122
DA:82,70
DA:83,9
DA:85,90
DA:86,105
DA:90,44
DA:91,68
DA:92,90
DA:93,37
DA:96,21
DA:97,50
DA:98,48
DA:102,23
DA:103,114
DA:104,40
DA:116,34
DA:117,22
DA:118,58
DA:121,88
DA:124,104
DA:127,36
DA:130,8
DA:131,90
DA:132,89
DA:133,9
DA:134,18
DA:135,13
DA:140,127
DA:141,86
DA:142,13
DA:143,45
DA:144,13
DA:145,27
DA:149,25
DA:150,22
DA:151,86
DA:152,90
DA:153,72
DA:154,68
DA:155,82
DA:156,67
DA:157,51
DA:158,124
DA:159,13
DA:160,11
DA:161,19
DA:165,13
DA:166,50
DA:167,40
DA:168,8
DA:169,13
DA:170,55
DA:171,58
DA:172,13
DA:173,62
DA:174,10
DA:175,23
DA:181,46
DA:183,20
DA:184,22
DA:185,82
DA:186,105
DA:187,90
DA:190,134
DA:191,112
DA:192,58
DA:193,19
DA:194,31
DA:195,31
DA:196,14
DA:197,55
DA:198,40
DA:199,8
DA:200,15
DA:205,24
DA:206,22
DA:207,82
DA:208,105
DA:209,90
DA:213,144
DA:214,16
DA:219,28
DA:220,114
DA:221,121
DA:223,2
LF:125
LH:125
end_of_record
TN:
SF:src/bun/browser-surface-manager.ts
FNF:18
FNH:16
DA:36,59
DA:37,42
DA:38,28
DA:40,49
DA:42,57
DA:43,86
DA:49,58
DA:50,18
DA:51,64
DA:52,46
DA:53,28
DA:54,110
DA:55,44
DA:56,28
DA:57,14
DA:58,148
DA:59,25
DA:67,32
DA:68,10
DA:69,12
DA:70,10
DA:71,86
DA:72,36
DA:73,147
DA:74,58
DA:75,18
DA:76,64
DA:77,46
DA:78,28
DA:79,32
DA:80,44
DA:81,28
DA:82,14
DA:83,24
DA:84,164
DA:85,12
DA:86,55
DA:90,60
DA:91,84
DA:92,52
DA:93,44
DA:94,82
DA:98,42
DA:99,84
DA:100,104
DA:103,39
DA:104,84
DA:105,140
DA:108,30
DA:109,63
DA:112,30
DA:113,75
DA:116,32
DA:117,86
DA:118,58
DA:119,84
DA:120,66
DA:123,28
DA:124,57
DA:128,36
DA:129,63
DA:133,47
DA:134,84
DA:135,52
DA:136,72
DA:138,82
DA:139,68
DA:140,9
DA:144,42
DA:145,84
DA:146,52
DA:147,62
DA:148,72
DA:149,58
DA:150,9
DA:153,34
DA:154,101
DA:157,29
DA:158,91
DA:161,36
DA:162,84
DA:163,92
DA:166,0
DA:167,0
DA:168,44
DA:171,23
DA:172,51
DA:174,1
LF:88
LH:86
end_of_record
TN:
SF:src/bun/cookie-parsers.ts
FNF:8
FNH:8
DA:28,15
DA:29,21
DA:30,9
DA:31,36
DA:32,55
DA:33,27
DA:34,46
DA:35,57
DA:36,22
DA:37,21
DA:38,29
DA:39,42
DA:40,28
DA:41,68
DA:42,27
DA:43,31
DA:44,48
DA:45,27
DA:46,27
DA:47,7
DA:48,3
DA:49,9
DA:52,15
DA:59,15
DA:60,21
DA:61,31
DA:62,30
DA:63,32
DA:64,57
DA:65,38
DA:66,38
DA:67,72
DA:68,38
DA:69,20
DA:70,11
DA:71,35
DA:72,38
DA:73,24
DA:74,41
DA:75,32
DA:76,22
DA:77,19
DA:78,25
DA:79,25
DA:80,5
DA:81,2
DA:82,15
DA:87,18
DA:88,36
DA:89,17
DA:90,19
DA:91,21
DA:92,17
DA:93,30
DA:94,21
DA:95,25
DA:96,42
DA:97,26
DA:98,5
DA:99,36
DA:102,18
DA:103,19
DA:104,34
DA:105,47
DA:106,4
DA:107,4
DA:108,29
DA:109,58
DA:110,44
DA:111,11
DA:112,75
DA:113,4
DA:114,2
DA:115,26
DA:120,12
DA:122,38
DA:123,66
DA:124,14
DA:125,2
DA:126,8
DA:129,7
DA:130,73
DA:133,1
DA:134,3
DA:135,3
DA:136,21
DA:137,32
DA:138,43
DA:139,37
DA:140,39
DA:141,9
LF:91
LH:91
end_of_record
TN:
SF:src/bun/cookie-store.ts
FNF:32
FNH:31
DA:17,142
DA:18,84
DA:19,98
DA:36,52
DA:42,53
DA:49,47
DA:50,121
DA:51,47
DA:62,1
DA:64,45
DA:65,114
DA:66,68
DA:70,55
DA:71,75
DA:77,46
DA:78,110
DA:79,51
DA:86,46
DA:87,82
DA:88,58
DA:89,66
DA:90,51
DA:91,84
DA:92,69
DA:93,56
DA:94,13
DA:95,76
DA:96,9
DA:97,37
DA:100,58
DA:101,94
DA:102,84
DA:103,39
DA:104,46
DA:105,74
DA:106,9
DA:107,50
DA:110,63
DA:111,94
DA:112,88
DA:113,50
DA:114,56
DA:115,118
DA:125,31
DA:126,96
DA:127,108
DA:128,136
DA:129,82
DA:130,102
DA:131,45
DA:132,9
DA:133,60
DA:134,26
DA:135,50
DA:136,50
DA:137,14
DA:138,70
DA:139,88
DA:140,50
DA:141,48
DA:146,40
DA:147,36
DA:148,70
DA:149,63
DA:150,94
DA:151,102
DA:152,120
DA:153,64
DA:154,20
DA:155,54
DA:156,54
DA:157,18
DA:158,74
DA:159,74
DA:160,24
DA:161,9
DA:162,142
DA:163,50
DA:164,48
DA:165,31
DA:171,58
DA:172,104
DA:173,122
DA:176,52
DA:177,61
DA:178,72
DA:179,138
DA:180,9
DA:181,112
DA:182,110
DA:183,79
DA:184,72
DA:185,62
DA:186,46
DA:187,9
DA:188,99
DA:195,40
DA:196,68
DA:197,113
DA:198,100
DA:199,41
DA:200,118
DA:201,9
DA:202,9
DA:204,156
DA:205,47
DA:206,120
DA:207,9
DA:209,46
DA:210,75
DA:211,80
DA:212,127
DA:213,52
DA:214,9
DA:215,9
DA:216,35
DA:225,31
DA:226,22
DA:227,58
DA:228,94
DA:231,72
DA:232,125
DA:233,104
DA:234,45
DA:235,126
DA:236,13
DA:237,13
DA:240,50
DA:241,79
DA:242,84
DA:243,74
DA:244,152
DA:245,130
DA:246,112
DA:247,90
DA:248,170
DA:249,52
DA:250,13
DA:251,35
DA:252,13
DA:253,21
DA:258,44
DA:259,68
DA:260,82
DA:261,37
DA:265,58
DA:266,68
DA:267,46
DA:268,99
DA:269,138
DA:270,106
DA:271,52
DA:272,90
DA:273,9
DA:274,35
DA:280,58
DA:281,94
DA:282,94
DA:283,76
DA:284,66
DA:285,84
DA:286,54
DA:287,48
DA:288,29
DA:295,43
DA:296,94
DA:297,36
DA:298,91
DA:299,8
DA:300,96
DA:301,57
DA:302,18
DA:303,92
DA:304,62
DA:305,28
DA:306,9
DA:307,9
DA:308,86
DA:309,31
DA:313,21
DA:314,50
DA:315,58
DA:316,48
DA:320,25
DA:321,73
DA:325,23
DA:326,114
DA:327,44
DA:330,20
DA:331,55
DA:336,73
DA:337,83
DA:338,26
DA:339,33
DA:340,113
DA:343,29
DA:344,102
DA:345,48
DA:346,41
DA:347,6
DA:348,66
DA:349,42
DA:350,44
DA:351,27
DA:352,12
DA:355,25
DA:356,22
DA:357,86
DA:358,90
DA:359,72
DA:360,68
DA:361,82
DA:362,67
DA:363,85
DA:364,148
DA:365,74
DA:366,82
DA:367,13
DA:368,11
DA:369,19
DA:372,13
DA:373,42
DA:374,40
DA:375,8
DA:376,13
DA:377,55
DA:378,58
DA:379,77
DA:380,23
DA:386,46
DA:388,20
DA:389,22
DA:390,82
DA:391,105
DA:392,90
DA:397,134
DA:398,112
DA:399,26
DA:400,74
DA:401,20
DA:404,58
DA:405,19
DA:406,31
DA:407,31
DA:408,14
DA:409,47
DA:410,40
DA:411,8
DA:412,15
DA:417,24
DA:418,22
DA:419,82
DA:420,105
DA:421,90
DA:422,144
DA:423,16
DA:428,28
DA:429,114
DA:430,121
DA:432,2
LF:260
LH:260
end_of_record
TN:
SF:src/bun/editor-files.ts
FNF:5
FNH:5
DA:1,57
DA:2,104
DA:10,41
DA:13,45
DA:15,20
DA:16,57
DA:17,59
DA:20,9
DA:21,61
DA:22,39
DA:23,21
DA:24,28
DA:25,53
DA:26,18
DA:27,2
DA:28,61
DA:31,10
DA:32,35
DA:33,76
DA:34,4
DA:35,25
DA:36,26
DA:37,26
DA:38,26
DA:40,2
DA:41,33
DA:42,4
DA:43,26
DA:44,27
DA:45,27
DA:47,2
DA:48,59
DA:49,74
DA:50,14
DA:53,14
DA:59,3
DA:60,58
DA:61,60
DA:62,9
DA:63,29
DA:64,19
DA:65,0
DA:66,0
DA:67,0
DA:68,0
DA:69,0
DA:70,0
DA:71,0
DA:72,0
DA:73,0
DA:74,6
DA:75,16
DA:76,36
DA:77,13
DA:78,20
DA:79,22
DA:80,16
DA:81,22
DA:82,37
DA:83,1
DA:84,4
DA:85,30
DA:86,17
DA:87,0
DA:88,0
DA:89,0
DA:90,0
DA:91,0
DA:92,0
DA:93,0
DA:94,0
DA:95,0
DA:96,4
DA:97,23
DA:98,0
DA:99,0
DA:100,0
DA:101,0
DA:102,0
DA:103,0
DA:104,0
DA:105,0
DA:106,0
DA:107,0
DA:108,4
DA:109,35
DA:110,28
DA:111,16
DA:112,36
DA:113,13
DA:114,20
DA:115,21
DA:116,22
DA:117,28
DA:118,21
DA:119,44
DA:120,1
DA:121,4
DA:122,14
DA:123,34
DA:124,11
DA:125,36
DA:126,19
DA:127,20
DA:128,26
DA:129,35
DA:130,1
DA:131,0
DA:132,0
DA:133,0
DA:134,0
DA:135,0
DA:136,0
DA:137,0
DA:138,0
DA:139,0
DA:140,1
DA:148,24
DA:150,14
DA:159,3
DA:160,46
DA:161,9
DA:162,28
DA:163,32
DA:164,24
DA:165,0
DA:166,0
DA:167,0
DA:168,0
DA:169,0
DA:170,0
DA:171,0
DA:172,6
DA:176,20
DA:177,46
DA:178,33
DA:179,4
DA:180,17
DA:181,15
DA:182,69
DA:183,9
DA:184,18
DA:185,38
DA:186,15
DA:187,20
DA:188,30
DA:189,24
DA:190,25
DA:191,62
DA:192,29
DA:193,60
DA:194,38
DA:195,29
DA:196,9
DA:197,1
DA:198,4
DA:199,10
DA:200,17
DA:201,34
DA:202,27
DA:203,7
DA:207,16
DA:208,36
DA:209,13
DA:210,18
DA:211,22
DA:212,16
DA:213,23
DA:214,64
DA:215,27
DA:216,50
DA:217,27
DA:218,21
DA:219,7
DA:220,1
DA:221,5
DA:222,50
DA:223,61
DA:224,47
DA:225,26
DA:226,32
DA:227,14
DA:228,34
DA:229,11
DA:230,15
DA:231,28
DA:232,19
DA:233,1
DA:234,0
DA:235,0
DA:236,0
DA:237,0
DA:238,0
DA:239,0
DA:240,0
DA:241,0
DA:242,0
LF:197
LH:144
end_of_record
TN:
SF:src/bun/event-writer.ts
FNF:7
FNH:7
DA:3,64
DA:42,100
DA:63,1
DA:65,13
DA:66,42
DA:67,28
DA:68,10
DA:69,38
DA:70,137
DA:71,43
DA:75,30
DA:76,76
DA:81,107
DA:82,58
DA:83,29
DA:84,9
DA:85,22
DA:86,92
DA:87,146
DA:88,52
DA:89,60
DA:90,127
DA:91,112
DA:92,13
DA:95,16
DA:96,47
DA:97,60
DA:98,30
DA:99,30
DA:100,76
DA:101,16
DA:102,4
DA:103,45
DA:104,61
DA:105,16
DA:106,29
DA:107,19
DA:108,28
DA:109,15
DA:110,15
DA:111,51
DA:112,8
DA:113,24
DA:118,26
DA:119,59
DA:124,30
DA:125,53
DA:128,21
DA:129,45
DA:131,2
LF:50
LH:50
end_of_record
TN:
SF:src/bun/extension-manager.ts
FNF:57
FNH:39
DA:22,90
DA:23,70
DA:24,214
DA:33,98
DA:34,120
DA:35,126
DA:48,47
DA:49,0
DA:50,0
DA:51,0
DA:52,0
DA:53,0
DA:54,0
DA:55,0
DA:56,0
DA:57,0
DA:58,0
DA:59,0
DA:60,0
DA:61,0
DA:62,0
DA:63,0
DA:64,0
DA:65,0
DA:66,0
DA:67,0
DA:68,0
DA:69,0
DA:70,0
DA:71,0
DA:72,0
DA:73,0
DA:74,0
DA:75,0
DA:76,0
DA:77,0
DA:78,0
DA:79,0
DA:80,0
DA:81,0
DA:82,0
DA:83,0
DA:84,0
DA:85,0
DA:86,0
DA:87,16
DA:91,43
DA:92,0
DA:93,0
DA:94,0
DA:95,0
DA:96,0
DA:97,0
DA:98,0
DA:99,0
DA:100,0
DA:101,0
DA:102,0
DA:103,0
DA:104,0
DA:105,0
DA:106,0
DA:107,0
DA:108,0
DA:109,32
DA:116,0
DA:117,0
DA:118,0
DA:119,0
DA:120,0
DA:121,0
DA:122,0
DA:123,0
DA:124,0
DA:125,0
DA:126,0
DA:127,0
DA:128,0
DA:129,0
DA:130,0
DA:131,0
DA:132,0
DA:133,0
DA:134,0
DA:135,0
DA:136,0
DA:137,0
DA:138,0
DA:139,0
DA:140,4
DA:158,77
DA:159,73
DA:160,82
DA:161,61
DA:162,64
DA:163,42
DA:164,49
DA:166,84
DA:167,82
DA:170,91
DA:171,6
DA:179,82
DA:180,121
DA:181,80
DA:182,3
DA:183,16
DA:189,87
DA:230,1
DA:232,77
DA:233,120
DA:234,146
DA:235,22
DA:236,112
DA:237,16
DA:240,36
DA:245,27
DA:246,78
DA:249,28
DA:250,22
DA:251,118
DA:252,74
DA:253,143
DA:254,23
DA:257,81
DA:260,34
DA:261,22
DA:262,140
DA:263,19
DA:264,63
DA:268,34
DA:269,22
DA:270,136
DA:271,64
DA:272,162
DA:273,12
DA:276,18
DA:280,22
DA:281,72
DA:282,154
DA:283,50
DA:284,42
DA:285,22
DA:286,94
DA:287,13
DA:288,26
DA:290,69
DA:291,98
DA:292,26
DA:293,116
DA:294,15
DA:295,28
DA:297,92
DA:298,72
DA:299,112
DA:300,56
DA:301,120
DA:302,16
DA:303,62
DA:304,34
DA:305,36
DA:306,108
DA:307,28
DA:308,14
DA:309,9
DA:310,56
DA:312,52
DA:313,81
DA:314,152
DA:315,50
DA:316,58
DA:317,48
DA:318,60
DA:319,90
DA:320,14
DA:321,9
DA:322,124
DA:325,20
DA:326,0
DA:327,46
DA:328,9
DA:331,23
DA:332,69
DA:335,23
DA:336,69
DA:339,29
DA:340,105
DA:352,48
DA:353,84
DA:354,126
DA:355,89
DA:356,54
DA:358,72
DA:359,114
DA:360,82
DA:362,39
DA:363,11
DA:364,24
DA:365,16
DA:366,20
DA:367,11
DA:368,54
DA:370,41
DA:371,102
DA:372,59
DA:373,9
DA:374,9
DA:375,113
DA:376,29
DA:381,34
DA:382,108
DA:383,90
DA:384,116
DA:385,74
DA:386,56
DA:387,32
DA:388,35
DA:389,74
DA:391,126
DA:392,99
DA:393,88
DA:394,75
DA:395,63
DA:396,78
DA:397,170
DA:398,126
DA:399,148
DA:401,65
DA:402,113
DA:403,108
DA:404,78
DA:405,136
DA:407,77
DA:408,17
DA:409,30
DA:410,84
DA:411,75
DA:412,82
DA:413,104
DA:414,15
DA:415,11
DA:416,16
DA:419,66
DA:421,14
DA:422,100
DA:423,134
DA:424,56
DA:431,16
DA:432,26
DA:433,22
DA:434,21
DA:435,10
DA:436,102
DA:437,92
DA:442,47
DA:443,32
DA:444,190
DA:445,11
DA:448,102
DA:449,70
DA:450,65
DA:451,9
DA:454,26
DA:455,123
DA:456,10
DA:457,31
DA:459,40
DA:460,32
DA:461,36
DA:462,22
DA:463,48
DA:464,40
DA:465,34
DA:466,36
DA:467,34
DA:468,12
DA:469,80
DA:470,134
DA:473,74
DA:476,108
DA:477,42
DA:478,48
DA:479,9
DA:484,108
DA:488,61
DA:489,47
DA:490,30
DA:491,9
DA:492,82
DA:493,8
DA:494,7
DA:495,26
DA:496,44
DA:497,44
DA:498,19
DA:499,9
DA:500,100
DA:501,6
DA:502,78
DA:503,60
DA:504,10
DA:506,128
DA:507,102
DA:510,11
DA:511,12
DA:512,12
DA:513,18
DA:514,10
DA:515,44
DA:516,72
DA:517,64
DA:518,56
DA:519,12
DA:520,46
DA:522,93
DA:523,27
DA:524,90
DA:525,199
DA:527,33
DA:536,0
DA:537,0
DA:538,0
DA:539,0
DA:540,0
DA:541,0
DA:542,0
DA:543,0
DA:544,0
DA:545,0
DA:546,0
DA:547,0
DA:548,0
DA:549,0
DA:550,0
DA:551,0
DA:552,0
DA:553,0
DA:554,0
DA:555,0
DA:556,0
DA:557,0
DA:558,0
DA:559,0
DA:560,0
DA:561,0
DA:562,0
DA:563,0
DA:564,0
DA:565,0
DA:566,73
DA:570,32
DA:571,22
DA:572,120
DA:576,52
DA:577,0
DA:578,0
DA:579,0
DA:580,0
DA:581,0
DA:582,0
DA:583,0
DA:584,0
DA:585,0
DA:586,0
DA:587,0
DA:588,0
DA:589,0
DA:590,35
DA:592,10
DA:593,29
DA:594,44
DA:595,10
DA:596,53
DA:597,7
DA:598,36
DA:599,46
DA:600,65
DA:601,17
DA:602,23
DA:603,23
DA:604,53
DA:605,9
DA:606,37
DA:607,25
DA:610,21
DA:611,15
DA:612,55
DA:613,16
DA:616,74
DA:617,7
DA:618,19
DA:619,59
DA:623,0
DA:624,0
DA:625,0
DA:626,0
DA:627,0
DA:628,0
DA:629,0
DA:630,0
DA:631,0
DA:632,0
DA:633,0
DA:634,0
DA:635,0
DA:636,0
DA:637,0
DA:638,0
DA:639,0
DA:640,0
DA:641,0
DA:642,0
DA:643,0
DA:644,0
DA:645,0
DA:646,0
DA:647,0
DA:648,0
DA:649,0
DA:650,0
DA:651,0
DA:652,0
DA:653,0
DA:654,0
DA:655,0
DA:656,0
DA:657,0
DA:658,0
DA:659,0
DA:660,0
DA:661,0
DA:662,0
DA:663,0
DA:664,0
DA:665,0
DA:666,0
DA:667,0
DA:668,0
DA:669,0
DA:670,0
DA:671,0
DA:672,0
DA:673,8
DA:679,0
DA:680,0
DA:681,0
DA:682,0
DA:683,0
DA:684,0
DA:685,0
DA:686,0
DA:687,0
DA:688,0
DA:689,0
DA:690,0
DA:691,0
DA:692,0
DA:693,0
DA:694,48
DA:697,0
DA:698,0
DA:699,0
DA:700,0
DA:701,0
DA:702,0
DA:703,0
DA:704,0
DA:705,0
DA:706,0
DA:707,0
DA:708,0
DA:709,0
DA:710,0
DA:711,0
DA:712,0
DA:713,0
DA:714,0
DA:715,0
DA:716,0
DA:717,0
DA:718,0
DA:719,0
DA:720,0
DA:721,0
DA:722,0
DA:723,0
DA:724,0
DA:725,0
DA:726,0
DA:727,0
DA:728,0
DA:729,0
DA:730,0
DA:731,0
DA:732,0
DA:733,0
DA:734,0
DA:735,0
DA:736,0
DA:737,0
DA:738,0
DA:739,0
DA:740,0
DA:741,0
DA:742,0
DA:743,0
DA:744,0
DA:745,0
DA:746,0
DA:747,0
DA:748,0
DA:749,0
DA:750,0
DA:751,0
DA:752,0
DA:753,0
DA:754,0
DA:755,0
DA:756,0
DA:757,0
DA:758,0
DA:759,0
DA:760,0
DA:761,0
DA:762,0
DA:763,0
DA:764,0
DA:765,0
DA:766,0
DA:767,0
DA:768,0
DA:769,0
DA:770,0
DA:771,0
DA:772,0
DA:773,0
DA:774,0
DA:775,0
DA:776,0
DA:777,0
DA:778,0
DA:779,0
DA:780,0
DA:781,0
DA:782,0
DA:783,0
DA:784,0
DA:785,0
DA:786,0
DA:787,0
DA:788,0
DA:789,0
DA:790,0
DA:791,0
DA:792,0
DA:793,0
DA:794,0
DA:795,0
DA:796,0
DA:797,0
DA:798,0
DA:799,0
DA:800,0
DA:801,0
DA:802,0
DA:803,14
DA:810,0
DA:811,0
DA:812,0
DA:813,0
DA:814,0
DA:815,0
DA:816,0
DA:817,0
DA:818,0
DA:819,0
DA:820,0
DA:821,0
DA:822,0
DA:823,0
DA:824,7
DA:829,0
DA:830,0
DA:831,0
DA:832,0
DA:833,0
DA:834,0
DA:835,0
DA:836,14
DA:841,56
DA:842,22
DA:843,102
DA:844,16
DA:861,38
DA:862,94
DA:863,46
DA:864,42
DA:865,107
DA:866,19
DA:867,12
DA:868,58
DA:869,13
DA:870,20
DA:871,12
DA:874,9
DA:875,50
DA:876,0
DA:877,0
DA:878,0
DA:879,0
DA:880,0
DA:881,0
DA:882,0
DA:883,0
DA:884,0
DA:885,0
DA:886,0
DA:887,0
DA:888,10
DA:889,31
DA:890,20
DA:891,9
DA:892,74
DA:896,52
DA:897,79
DA:903,0
DA:904,0
DA:905,0
DA:906,0
DA:907,0
DA:908,0
DA:909,0
DA:910,0
DA:911,0
DA:912,0
DA:913,0
DA:914,0
DA:915,0
DA:916,0
DA:917,0
DA:918,21
DA:925,22
DA:929,10
DA:930,77
DA:931,111
DA:932,102
DA:933,53
DA:934,119
DA:935,103
DA:936,18
DA:937,107
DA:938,69
DA:939,64
DA:940,102
DA:942,106
DA:943,34
DA:944,22
DA:945,44
DA:946,70
DA:947,14
DA:948,13
DA:949,86
DA:951,52
DA:952,98
DA:953,138
DA:954,36
DA:955,94
DA:956,98
DA:957,29
DA:961,0
DA:962,0
DA:963,0
DA:964,0
DA:965,0
DA:966,0
DA:967,0
DA:968,0
DA:969,0
DA:970,0
DA:971,18
DA:975,26
DA:976,90
DA:977,55
DA:978,9
DA:979,90
DA:980,22
DA:981,156
DA:982,19
DA:983,63
DA:985,36
DA:989,23
DA:990,104
DA:991,22
DA:992,70
DA:993,16
DA:996,62
DA:999,28
DA:1000,0
DA:1001,0
DA:1002,0
DA:1003,0
DA:1004,31
DA:1006,2
LF:702
LH:346
end_of_record
TN:
SF:src/bun/health.ts
FNF:15
FNH:15
DA:92,1
DA:94,45
DA:95,90
DA:107,5
DA:108,8
DA:109,20
DA:110,18
DA:111,10
DA:112,10
DA:113,76
DA:114,8
DA:115,44
DA:116,60
DA:117,56
DA:120,63
DA:121,14
DA:122,17
DA:123,9
DA:124,42
DA:125,18
DA:126,30
DA:127,28
DA:128,50
DA:129,12
DA:130,66
DA:131,64
DA:132,78
DA:133,36
DA:139,26
DA:140,84
DA:141,56
DA:142,102
DA:143,36
DA:150,24
DA:151,54
DA:152,66
DA:153,60
DA:154,35
DA:155,42
DA:156,34
DA:157,58
DA:158,54
DA:159,56
DA:160,16
DA:161,100
DA:162,26
DA:163,12
DA:164,49
DA:165,109
DA:166,12
DA:167,56
DA:180,26
DA:181,78
DA:182,37
DA:183,119
DA:184,9
DA:185,45
DA:186,139
DA:187,9
DA:188,58
DA:189,52
DA:197,29
DA:198,58
DA:199,85
DA:202,22
DA:203,66
DA:204,83
DA:205,26
DA:206,33
DA:207,23
DA:210,8
DA:212,1
LF:72
LH:72
end_of_record
TN:
SF:src/bun/logger.ts
FNF:24
FNH:17
DA:48,148
DA:60,34
DA:61,33
DA:62,47
DA:64,26
DA:71,26
DA:74,58
DA:78,58
DA:80,70
DA:82,66
DA:83,2
DA:88,12
DA:89,14
DA:90,71
DA:91,10
DA:98,6
DA:99,46
DA:100,29
DA:101,24
DA:102,28
DA:107,20
DA:108,37
DA:112,15
DA:113,51
DA:114,30
DA:115,0
DA:116,0
DA:120,10
DA:121,25
DA:126,64
DA:128,24
DA:129,68
DA:130,14
DA:131,9
DA:132,29
DA:133,0
DA:134,2
DA:136,32
DA:137,39
DA:138,24
DA:141,55
DA:142,50
DA:143,44
DA:144,11
DA:145,32
DA:146,2
DA:149,2
DA:160,20
DA:161,39
DA:162,37
DA:164,9
DA:165,38
DA:166,0
DA:168,0
DA:169,2
DA:172,36
DA:174,29
DA:175,54
DA:176,9
DA:179,24
DA:180,9
DA:184,35
DA:185,11
DA:186,39
DA:187,4
DA:193,11
DA:194,31
DA:195,2
DA:198,0
DA:199,0
DA:200,1
DA:204,12
DA:205,35
DA:206,58
DA:207,54
DA:208,0
DA:210,1
DA:213,8
DA:217,11
DA:218,18
DA:219,4
DA:222,11
DA:223,56
DA:224,4
DA:229,11
DA:230,37
DA:231,24
DA:232,13
DA:233,33
DA:234,4
DA:237,0
DA:238,3
DA:242,8
DA:243,28
DA:244,36
DA:245,0
DA:246,0
DA:247,0
DA:250,0
DA:251,0
DA:252,0
DA:253,0
DA:254,0
DA:255,0
DA:256,0
DA:257,0
DA:260,0
DA:261,0
DA:262,0
DA:265,0
DA:270,1
DA:274,13
DA:275,20
DA:276,22
DA:277,11
DA:278,12
DA:279,59
DA:280,25
DA:281,38
DA:284,55
DA:285,22
DA:286,4
DA:287,4
DA:297,63
DA:298,63
DA:300,0
DA:301,0
DA:302,0
DA:303,0
DA:304,0
DA:305,0
DA:306,0
DA:307,0
DA:308,0
DA:309,0
DA:310,3
DA:312,0
DA:313,0
DA:314,0
DA:315,0
DA:316,0
DA:317,0
DA:318,0
DA:319,0
DA:320,0
DA:321,0
DA:322,3
DA:325,39
DA:326,39
DA:334,25
DA:335,35
DA:336,39
DA:337,37
DA:338,37
DA:339,36
DA:340,3
DA:341,12
DA:342,18
DA:343,17
DA:344,41
DA:345,0
DA:346,0
DA:347,0
DA:348,0
DA:350,2
DA:351,14
DA:356,33
DA:358,31
DA:359,34
DA:360,30
DA:362,33
DA:363,34
DA:364,32
DA:366,0
DA:367,0
DA:368,3
DA:370,0
DA:371,0
DA:372,3
DA:374,0
DA:375,0
DA:376,3
DA:382,139
DA:383,9
DA:384,45
DA:385,2
DA:389,11
DA:390,10
DA:391,21
DA:393,10
DA:394,40
DA:395,40
DA:396,36
DA:397,40
DA:398,38
DA:399,38
DA:400,40
DA:401,21
DA:402,15
DA:403,22
DA:404,8
DA:407,14
DA:408,6
DA:410,1
LF:204
LH:150
end_of_record
TN:
SF:src/bun/manifest-scanner.ts
FNF:4
FNH:4
DA:18,150
DA:19,84
DA:41,51
DA:57,1
DA:59,77
DA:60,72
DA:61,84
DA:65,58
DA:66,43
DA:67,26
DA:68,84
DA:69,16
DA:72,9
DA:73,66
DA:90,34
DA:91,116
DA:92,40
DA:93,93
DA:94,108
DA:95,112
DA:96,124
DA:97,133
DA:102,54
DA:103,30
DA:104,76
DA:105,24
DA:108,124
DA:109,13
DA:110,68
DA:111,77
DA:112,34
DA:113,5
DA:114,18
DA:121,41
DA:122,54
DA:123,61
DA:124,82
DA:125,50
DA:127,105
DA:128,80
DA:129,48
DA:130,44
DA:131,41
DA:132,34
DA:133,74
DA:134,60
DA:135,153
DA:136,62
DA:137,43
DA:138,110
DA:139,117
DA:141,19
DA:142,39
DA:144,17
DA:145,94
DA:146,66
DA:147,13
DA:149,64
DA:150,9
DA:151,93
DA:152,147
DA:153,54
DA:154,9
DA:155,9
DA:156,33
DA:159,21
DA:160,45
DA:162,2
LF:68
LH:68
end_of_record
TN:
SF:src/bun/menu-events.ts
FNF:1
FNH:1
DA:12,6
DA:13,7
DA:14,3
DA:15,56
DA:17,23
DA:18,43
DA:19,14
DA:20,35
DA:21,21
DA:22,1
DA:23,2
DA:25,24
DA:28,4
DA:29,16
DA:30,36
DA:31,40
DA:32,5
DA:33,14
DA:34,41
DA:35,27
DA:36,1
DA:37,2
DA:39,11
LF:23
LH:23
end_of_record
TN:
SF:src/bun/native-menus.ts
FNF:4
FNH:4
DA:3,69
DA:5,37
DA:6,75
DA:7,34
DA:8,58
DA:10,30
DA:11,32
DA:12,36
DA:13,34
DA:14,29
DA:15,38
DA:16,31
DA:17,36
DA:18,39
DA:19,54
DA:20,34
DA:21,34
DA:22,47
DA:23,54
DA:24,39
DA:25,41
DA:26,31
DA:27,50
DA:28,42
DA:29,37
DA:30,48
DA:31,43
DA:32,37
DA:33,39
DA:34,43
DA:35,41
DA:36,24
DA:37,39
DA:38,35
DA:39,2
DA:41,11
DA:42,12
DA:43,7
DA:44,22
DA:45,18
DA:46,26
DA:47,28
DA:48,11
DA:49,34
DA:50,44
DA:51,34
DA:52,10
DA:53,28
DA:54,11
DA:55,48
DA:56,41
DA:57,10
DA:58,11
DA:59,45
DA:60,42
DA:61,10
DA:62,28
DA:63,11
DA:64,44
DA:65,43
DA:66,10
DA:67,11
DA:68,34
DA:69,46
DA:70,10
DA:71,11
DA:72,44
DA:73,47
DA:74,10
DA:75,28
DA:76,25
DA:77,31
DA:78,28
DA:79,28
DA:80,22
DA:81,5
DA:82,6
DA:83,7
DA:84,20
DA:85,18
DA:86,11
DA:87,33
DA:88,44
DA:89,34
DA:90,10
DA:91,28
DA:92,11
DA:93,31
DA:94,42
DA:95,34
DA:96,10
DA:97,11
DA:98,30
DA:99,41
DA:100,40
DA:101,10
DA:102,28
DA:103,11
DA:104,39
DA:105,49
DA:106,40
DA:107,10
DA:108,11
DA:109,38
DA:110,45
DA:111,10
DA:112,28
DA:113,11
DA:114,39
DA:115,37
DA:116,10
DA:117,11
DA:118,37
DA:119,44
DA:120,10
DA:121,11
DA:122,36
DA:123,43
DA:124,10
DA:125,28
DA:126,11
DA:127,39
DA:128,47
DA:129,40
DA:130,10
DA:131,11
DA:132,34
DA:133,42
DA:134,38
DA:135,10
DA:136,28
DA:137,11
DA:138,30
DA:139,41
DA:140,34
DA:141,7
DA:142,5
DA:143,6
DA:144,7
DA:145,20
DA:146,18
DA:147,25
DA:148,25
DA:149,28
DA:150,11
DA:151,24
DA:152,45
DA:153,34
DA:154,10
DA:155,11
DA:156,25
DA:157,46
DA:158,34
DA:159,10
DA:160,11
DA:161,30
DA:162,41
DA:163,34
DA:164,7
DA:165,5
DA:166,6
DA:167,7
DA:168,20
DA:169,18
DA:170,11
DA:171,34
DA:172,45
DA:173,34
DA:174,10
DA:175,11
DA:176,38
DA:177,52
DA:178,40
DA:179,10
DA:180,11
DA:181,38
DA:182,52
DA:183,38
DA:184,10
DA:185,28
DA:186,11
DA:187,38
DA:188,42
DA:189,10
DA:190,11
DA:191,34
DA:192,42
DA:193,10
DA:194,28
DA:195,11
DA:196,37
DA:197,44
DA:198,10
DA:199,34
DA:200,5
DA:201,6
DA:202,7
DA:203,22
DA:204,18
DA:205,29
DA:206,25
DA:207,28
DA:208,33
DA:209,5
DA:210,6
DA:211,7
DA:212,20
DA:213,18
DA:214,11
DA:215,44
DA:216,43
DA:217,10
DA:218,11
DA:219,34
DA:220,46
DA:221,10
DA:222,11
DA:223,44
DA:224,47
DA:225,7
DA:226,5
DA:227,3
DA:228,2
DA:231,6
DA:232,9
DA:233,3
DA:234,38
DA:235,14
DA:236,9
DA:237,37
DA:238,45
DA:239,17
DA:240,43
DA:241,26
DA:242,7
DA:243,8
DA:244,9
DA:245,23
DA:246,60
DA:247,30
DA:248,49
DA:249,50
DA:250,19
DA:251,45
DA:252,29
DA:253,9
DA:254,8
DA:255,8
DA:256,26
DA:257,9
DA:258,32
DA:259,40
DA:260,8
DA:261,9
DA:262,36
DA:263,40
DA:264,8
DA:265,26
DA:266,9
DA:267,33
DA:268,44
DA:269,17
DA:270,40
DA:271,7
DA:272,5
DA:273,1
DA:274,2
DA:276,12
DA:277,7
DA:278,30
DA:279,38
DA:280,15
DA:281,37
DA:282,26
DA:283,5
DA:284,6
DA:285,24
DA:286,7
DA:287,27
DA:288,38
DA:289,15
DA:290,34
DA:291,5
DA:292,6
DA:293,7
DA:294,26
DA:295,37
DA:296,15
DA:297,34
DA:298,5
DA:299,6
DA:300,24
DA:301,7
DA:302,20
DA:303,38
DA:304,6
DA:305,7
DA:306,21
DA:307,39
DA:308,6
DA:309,24
DA:310,7
DA:311,26
DA:312,37
DA:313,15
DA:314,34
DA:315,5
DA:316,3
DA:317,2
DA:320,24
DA:321,64
LF:311
LH:311
end_of_record
TN:
SF:src/bun/native-proc.ts
FNF:27
FNH:24
DA:43,84
DA:77,38
DA:78,42
DA:79,48
DA:80,52
DA:82,52
DA:83,54
DA:84,64
DA:85,62
DA:86,58
DA:89,48
DA:98,56
DA:104,44
DA:105,42
DA:107,46
DA:108,44
DA:109,46
DA:110,46
DA:111,48
DA:113,32
DA:117,50
DA:118,48
DA:119,74
DA:125,64
DA:126,60
DA:127,64
DA:128,60
DA:131,54
DA:132,50
DA:136,54
DA:137,54
DA:138,54
DA:139,54
DA:142,92
DA:144,56
DA:146,36
DA:147,40
DA:148,46
DA:149,44
DA:150,38
DA:151,64
DA:158,110
DA:159,108
DA:160,114
DA:161,80
DA:162,100
DA:163,102
DA:164,92
DA:165,78
DA:166,92
DA:167,80
DA:170,86
DA:172,117
DA:176,61
DA:177,36
DA:178,96
DA:179,97
DA:224,1
DA:226,71
DA:227,78
DA:234,29
DA:235,144
DA:240,44
DA:241,150
DA:242,126
DA:243,82
DA:244,42
DA:245,9
DA:247,102
DA:248,146
DA:249,13
DA:250,9
DA:251,121
DA:254,29
DA:255,50
DA:256,22
DA:257,82
DA:258,71
DA:259,52
DA:260,42
DA:261,50
DA:262,46
DA:263,16
DA:264,58
DA:266,79
DA:267,82
DA:268,116
DA:269,78
DA:271,120
DA:272,124
DA:273,118
DA:279,91
DA:280,122
DA:282,18
DA:283,10
DA:284,32
DA:285,12
DA:286,10
DA:287,80
DA:288,12
DA:289,12
DA:290,16
DA:291,28
DA:292,38
DA:293,60
DA:294,6
DA:295,6
DA:296,2
DA:297,16
DA:298,11
DA:299,13
DA:302,28
DA:304,29
DA:312,28
DA:313,22
DA:314,132
DA:315,96
DA:316,147
DA:317,29
DA:318,13
DA:319,80
DA:320,65
DA:324,92
DA:325,67
DA:327,42
DA:328,136
DA:329,136
DA:331,46
DA:332,111
DA:333,58
DA:334,144
DA:335,136
DA:336,30
DA:337,13
DA:338,88
DA:339,79
DA:340,13
DA:341,23
DA:347,46
DA:348,22
DA:349,64
DA:350,10
DA:351,36
DA:352,8
DA:353,26
DA:354,36
DA:355,16
DA:357,136
DA:359,50
DA:360,138
DA:361,16
DA:362,30
DA:363,124
DA:364,130
DA:365,42
DA:367,88
DA:368,110
DA:373,36
DA:374,125
DA:375,104
DA:376,106
DA:380,76
DA:381,13
DA:382,49
DA:383,13
DA:384,39
DA:388,47
DA:397,97
DA:398,124
DA:399,9
DA:402,37
DA:403,61
DA:408,27
DA:409,22
DA:410,64
DA:411,10
DA:412,46
DA:413,8
DA:414,20
DA:415,46
DA:416,16
DA:417,94
DA:418,156
DA:419,71
DA:420,13
DA:421,23
DA:427,35
DA:428,54
DA:429,61
DA:430,26
DA:431,96
DA:432,120
DA:433,16
DA:437,9
DA:438,33
DA:441,37
DA:442,64
DA:443,10
DA:444,34
DA:445,8
DA:446,22
DA:447,40
DA:448,12
DA:449,60
DA:450,104
DA:452,42
DA:453,18
DA:454,22
DA:455,66
DA:456,49
DA:457,14
DA:458,151
DA:459,23
DA:460,13
DA:461,102
DA:462,74
DA:463,10
DA:464,8
DA:465,44
DA:466,18
DA:467,36
DA:468,16
DA:469,100
DA:470,162
DA:471,166
DA:474,140
DA:476,122
DA:477,96
DA:479,96
DA:480,78
DA:486,109
DA:488,53
DA:489,68
DA:490,16
DA:491,132
DA:492,9
DA:493,31
DA:497,34
DA:498,118
DA:499,94
DA:501,117
DA:502,96
DA:503,104
DA:504,104
DA:505,104
DA:509,109
DA:510,113
DA:511,27
DA:512,13
DA:513,61
DA:514,5
DA:516,57
DA:517,18
DA:522,0
DA:523,0
DA:524,0
DA:525,0
DA:526,0
DA:527,0
DA:528,0
DA:529,0
DA:530,0
DA:531,0
DA:532,0
DA:533,0
DA:534,0
DA:535,0
DA:536,0
DA:537,0
DA:538,0
DA:539,0
DA:540,0
DA:541,0
DA:542,0
DA:543,0
DA:544,0
DA:545,0
DA:546,0
DA:547,0
DA:548,0
DA:549,0
DA:550,0
DA:551,96
DA:553,2
DA:563,38
DA:564,18
DA:565,72
DA:566,106
DA:567,62
DA:568,62
DA:569,86
DA:570,45
DA:571,11
DA:572,15
DA:584,40
DA:585,46
DA:586,28
DA:587,46
DA:588,59
DA:590,13
DA:591,76
DA:592,60
DA:593,68
DA:594,68
DA:595,68
DA:598,68
DA:599,128
DA:600,10
DA:602,23
DA:603,61
DA:604,92
DA:605,58
DA:606,9
DA:607,69
DA:610,19
DA:611,46
DA:612,51
DA:615,21
DA:616,46
DA:617,51
DA:620,27
DA:621,76
DA:622,132
DA:623,57
DA:625,2
DA:629,22
DA:639,46
DA:640,88
DA:641,40
DA:642,30
DA:646,54
DA:647,41
DA:650,26
DA:651,91
DA:652,18
DA:653,110
DA:654,34
DA:655,34
DA:656,44
DA:657,44
DA:658,44
DA:659,44
DA:660,44
DA:661,38
DA:662,20
DA:663,52
DA:664,16
DA:665,46
DA:666,160
DA:667,52
DA:668,16
DA:669,50
DA:670,160
DA:671,52
DA:672,16
DA:673,58
DA:674,56
DA:675,52
DA:676,10
DA:677,14
DA:679,80
DA:680,46
DA:681,13
DA:682,73
DA:683,58
DA:684,8
DA:685,16
DA:686,9
DA:687,25
DA:688,17
DA:691,13
DA:692,45
DA:693,40
DA:694,6
DA:695,17
DA:712,34
DA:713,18
DA:714,74
DA:715,68
DA:717,78
DA:718,52
DA:719,90
DA:720,94
DA:724,72
DA:726,122
DA:728,59
DA:729,11
DA:730,18
DA:734,41
DA:737,26
DA:738,14
DA:739,18
DA:740,54
DA:741,56
DA:742,28
DA:743,40
DA:744,14
DA:746,58
DA:747,52
DA:749,144
DA:750,143
DA:751,11
DA:752,34
DA:753,10
DA:754,22
DA:755,48
DA:756,15
LF:407
LH:378
end_of_record
TN:
SF:src/bun/native-stdout-coalescer.ts
FNF:10
FNH:10
DA:1,92
DA:2,115
DA:45,1
DA:47,13
DA:48,54
DA:49,80
DA:50,104
DA:53,70
DA:54,10
DA:56,50
DA:57,98
DA:58,124
DA:59,80
DA:63,93
DA:64,70
DA:65,17
DA:66,9
DA:68,150
DA:69,69
DA:70,101
DA:71,88
DA:72,63
DA:73,98
DA:74,75
DA:75,16
DA:76,13
DA:77,17
DA:78,9
DA:80,40
DA:83,46
DA:84,90
DA:85,52
DA:86,70
DA:87,96
DA:88,62
DA:89,110
DA:92,24
DA:93,44
DA:94,96
DA:95,50
DA:96,52
DA:97,95
DA:98,64
DA:99,84
DA:100,62
DA:101,9
DA:107,40
DA:108,70
DA:109,78
DA:110,86
DA:111,110
DA:114,23
DA:115,40
DA:116,58
DA:117,66
DA:120,24
DA:121,62
DA:122,73
DA:123,48
DA:124,45
DA:125,38
DA:126,50
DA:129,26
DA:130,60
DA:131,29
DA:132,23
DA:134,2
LF:67
LH:67
end_of_record
TN:
SF:src/bun/notification-persistence.ts
FNF:6
FNH:6
DA:24,51
DA:26,49
DA:34,23
DA:35,26
DA:41,22
DA:42,33
DA:43,9
DA:44,43
DA:45,35
DA:46,51
DA:47,41
DA:48,48
DA:51,54
DA:52,32
DA:53,34
DA:54,9
DA:65,6
DA:66,6
DA:67,7
DA:68,15
DA:69,3
DA:70,19
DA:72,27
DA:73,11
DA:74,25
DA:75,30
DA:76,31
DA:79,44
DA:80,8
DA:81,51
DA:82,5
DA:89,12
DA:90,21
DA:91,51
DA:92,33
DA:93,21
DA:94,19
DA:95,18
DA:97,19
DA:98,28
DA:99,28
DA:100,19
DA:101,6
DA:102,17
DA:104,1
LF:45
LH:45
end_of_record
TN:
SF:src/bun/panel-registry.ts
FNF:4
FNH:4
DA:24,109
DA:45,1
DA:47,67
DA:48,152
DA:51,54
DA:52,82
DA:53,48
DA:54,54
DA:55,92
DA:56,73
DA:57,66
DA:58,17
DA:59,9
DA:60,75
DA:61,94
DA:62,62
DA:63,62
DA:64,134
DA:65,152
DA:66,126
DA:67,17
DA:68,9
DA:69,39
DA:70,46
DA:71,82
DA:72,9
DA:76,157
DA:77,52
DA:78,54
DA:79,77
DA:80,77
DA:81,66
DA:82,44
DA:83,13
DA:84,13
DA:85,114
DA:86,9
DA:87,60
DA:88,42
DA:89,50
DA:90,66
DA:91,54
DA:92,58
DA:93,42
DA:94,36
DA:95,14
DA:98,46
DA:99,72
DA:102,38
DA:103,96
DA:104,62
DA:105,74
DA:107,2
LF:53
LH:53
end_of_record
TN:
SF:src/bun/parse-cargo-toml.ts
FNF:1
FNH:1
DA:12,36
DA:15,21
DA:16,10
DA:17,9
DA:18,30
DA:19,11
DA:20,13
DA:22,63
DA:23,18
DA:25,29
DA:26,15
DA:27,55
DA:28,5
DA:29,6
DA:31,37
DA:32,21
DA:33,76
DA:34,46
DA:38,44
DA:40,18
DA:41,9
DA:42,29
DA:43,17
DA:44,17
DA:45,13
DA:46,4
DA:48,16
DA:49,74
DA:50,83
DA:51,38
DA:52,63
DA:53,76
DA:54,53
DA:55,45
DA:56,2
DA:57,2
DA:61,28
DA:62,31
DA:63,30
DA:64,53
DA:65,29
DA:66,64
DA:67,2
DA:68,2
DA:74,70
DA:75,32
DA:76,2
DA:80,31
DA:81,66
DA:82,36
DA:83,2
DA:85,11
LF:52
LH:52
end_of_record
TN:
SF:src/bun/pi-agent-manager.ts
FNF:31
FNH:20
DA:38,53
DA:39,0
DA:40,0
DA:41,0
DA:42,0
DA:43,0
DA:44,0
DA:45,0
DA:46,0
DA:47,0
DA:48,0
DA:49,0
DA:50,0
DA:51,0
DA:52,0
DA:53,0
DA:54,0
DA:55,0
DA:56,0
DA:57,0
DA:58,0
DA:59,0
DA:60,0
DA:61,0
DA:62,0
DA:63,0
DA:64,0
DA:65,0
DA:66,0
DA:67,0
DA:68,0
DA:69,0
DA:70,0
DA:71,0
DA:72,0
DA:73,0
DA:74,0
DA:75,0
DA:76,0
DA:77,0
DA:78,0
DA:79,0
DA:80,0
DA:81,0
DA:82,0
DA:83,0
DA:84,0
DA:85,0
DA:86,0
DA:87,0
DA:88,0
DA:89,0
DA:90,0
DA:91,0
DA:92,0
DA:93,0
DA:94,0
DA:95,0
DA:96,0
DA:97,0
DA:98,0
DA:99,14
DA:102,47
DA:103,10
DA:104,28
DA:105,28
DA:106,30
DA:107,44
DA:108,30
DA:111,34
DA:116,32
DA:121,43
DA:123,13
DA:124,8
DA:125,84
DA:126,10
DA:127,34
DA:128,103
DA:129,65
DA:130,17
DA:133,21
DA:134,134
DA:135,118
DA:137,58
DA:138,50
DA:139,9
DA:140,52
DA:141,44
DA:142,9
DA:143,146
DA:144,55
DA:145,9
DA:146,54
DA:147,49
DA:148,34
DA:149,5
DA:150,9
DA:151,60
DA:152,40
DA:153,9
DA:155,98
DA:160,92
DA:161,22
DA:162,110
DA:163,128
DA:164,46
DA:165,46
DA:166,106
DA:167,18
DA:168,61
DA:169,120
DA:170,70
DA:171,11
DA:172,16
DA:176,22
DA:177,74
DA:178,24
DA:179,44
DA:180,46
DA:181,46
DA:182,38
DA:183,44
DA:184,52
DA:185,46
DA:186,42
DA:187,14
DA:188,16
DA:189,19
DA:190,23
DA:191,23
DA:195,44
DA:197,44
DA:201,47
DA:202,56
DA:203,63
DA:204,18
DA:207,77
DA:208,46
DA:212,74
DA:213,59
DA:214,12
DA:216,61
DA:219,26
DA:220,72
DA:224,72
DA:225,76
DA:226,72
DA:227,22
DA:228,43
DA:229,104
DA:230,51
DA:231,63
DA:232,27
DA:233,11
DA:234,22
DA:239,26
DA:240,72
DA:242,72
DA:243,76
DA:244,72
DA:245,22
DA:246,43
DA:247,104
DA:248,64
DA:249,122
DA:250,55
DA:252,56
DA:253,66
DA:254,54
DA:255,22
DA:256,13
DA:257,11
DA:258,17
DA:263,0
DA:264,0
DA:265,0
DA:266,0
DA:267,0
DA:268,0
DA:269,0
DA:270,0
DA:271,0
DA:272,0
DA:273,0
DA:274,0
DA:275,0
DA:276,0
DA:277,7
DA:280,0
DA:281,0
DA:282,0
DA:283,0
DA:284,26
DA:294,0
DA:295,0
DA:296,0
DA:297,0
DA:298,0
DA:299,21
DA:303,0
DA:304,0
DA:305,0
DA:306,0
DA:307,0
DA:308,9
DA:312,0
DA:313,50
DA:317,0
DA:318,54
DA:322,0
DA:323,46
DA:327,0
DA:328,47
DA:332,20
DA:333,60
DA:334,42
DA:335,22
DA:336,46
DA:337,20
DA:342,23
DA:343,40
DA:345,2
DA:350,60
DA:351,44
DA:352,28
DA:355,34
DA:356,31
DA:358,39
DA:359,82
DA:360,106
DA:362,73
DA:363,71
DA:371,81
DA:372,67
DA:375,74
DA:376,37
DA:379,28
DA:380,65
DA:383,0
DA:384,42
DA:387,31
DA:388,80
DA:389,33
DA:390,36
DA:391,60
DA:392,9
DA:396,23
DA:397,91
DA:398,32
DA:399,9
DA:400,58
DA:403,26
DA:404,59
DA:408,34
DA:409,64
DA:411,2
LF:256
LH:163
end_of_record
TN:
SF:src/bun/plan-status-bridge.ts
FNF:3
FNH:3
DA:47,6
DA:48,6
DA:49,3
DA:50,11
DA:51,17
DA:52,30
DA:53,76
DA:54,12
DA:55,6
DA:56,46
DA:57,42
DA:58,50
DA:59,36
DA:60,35
DA:61,31
DA:62,21
DA:63,54
DA:64,13
DA:66,2
DA:71,14
DA:75,10
DA:76,28
DA:77,12
DA:78,39
DA:79,31
DA:80,49
DA:81,11
DA:82,31
DA:83,13
DA:84,13
DA:86,11
DA:87,14
DA:89,60
DA:90,17
DA:91,28
DA:92,47
DA:93,19
DA:94,23
DA:95,66
DA:96,64
DA:97,32
DA:98,14
DA:99,23
DA:100,25
DA:101,22
DA:102,24
DA:103,10
DA:104,13
DA:105,33
DA:106,2
DA:107,10
LF:51
LH:51
end_of_record
TN:
SF:src/bun/plan-store.ts
FNF:16
FNH:16
DA:38,27
DA:39,133
DA:45,1
DA:47,45
DA:48,90
DA:55,39
DA:56,40
DA:57,70
DA:58,54
DA:59,70
DA:60,50
DA:61,12
DA:62,74
DA:63,36
DA:64,29
DA:71,8
DA:72,10
DA:73,16
DA:74,14
DA:75,10
DA:76,88
DA:77,62
DA:78,120
DA:79,72
DA:80,66
DA:81,40
DA:82,36
DA:83,143
DA:84,72
DA:85,12
DA:86,54
DA:87,22
DA:88,80
DA:89,50
DA:90,12
DA:91,82
DA:92,36
DA:93,37
DA:98,30
DA:99,88
DA:100,62
DA:101,46
DA:102,22
DA:103,122
DA:104,50
DA:105,12
[...]
DA:118,3
DA:119,9
DA:120,1
DA:123,1
DA:124,4
DA:125,7
DA:126,11
DA:127,3
DA:128,31
DA:129,53
DA:131,36
DA:132,0
DA:133,0
DA:134,0
DA:135,0
DA:136,0
DA:137,0
DA:138,2
DA:139,5
DA:140,29
DA:141,25
DA:142,27
DA:143,29
DA:144,45
DA:145,22
DA:146,3
DA:148,54
DA:149,33
DA:150,15
DA:151,12
DA:152,73
DA:153,5
DA:155,52
DA:156,0
DA:157,0
DA:158,0
DA:159,0
DA:160,0
DA:161,0
DA:162,0
DA:163,0
DA:164,2
DA:166,26
DA:167,5
DA:168,18
DA:169,23
DA:170,31
DA:171,21
DA:172,27
DA:173,55
DA:174,35
DA:175,29
DA:176,12
DA:177,13
DA:178,0
DA:179,0
DA:180,2
DA:182,3
DA:183,9
DA:184,1
DA:187,1
DA:188,6
DA:189,9
DA:190,9
DA:191,3
DA:192,48
DA:193,46
DA:194,13
DA:197,9
DA:198,24
DA:199,37
DA:200,36
DA:201,28
LF:142
LH:126
end_of_record
TN:
SF:src/web-client/sidebar/cpu-sparkline.ts
FNF:2
FNH:2
DA:11,28
DA:12,27
DA:18,18
DA:19,14
DA:20,53
DA:21,36
DA:22,20
DA:23,44
DA:24,37
DA:25,45
DA:26,27
DA:27,2
DA:28,24
DA:31,18
DA:32,76
DA:33,51
DA:34,44
DA:35,50
DA:36,42
DA:38,28
DA:41,80
DA:42,33
DA:43,40
DA:44,38
DA:45,40
DA:46,59
DA:47,26
DA:48,10
DA:49,2
DA:54,42
DA:55,30
DA:56,10
DA:57,4
DA:58,70
DA:59,40
DA:60,61
DA:61,28
DA:62,10
LF:38
LH:38
end_of_record
TN:
SF:src/web-client/sidebar/local-ui-state.ts
FNF:11
FNH:10
DA:12,149
DA:13,22
DA:14,26
DA:15,26
DA:16,31
DA:18,19
DA:19,9
DA:20,42
DA:21,22
DA:22,0
DA:23,0
DA:27,16
DA:28,9
DA:29,51
DA:30,2
DA:46,19
DA:47,16
DA:48,22
DA:49,19
DA:50,17
DA:51,2
DA:53,25
DA:54,29
DA:56,6
DA:57,43
DA:58,56
DA:59,21
DA:60,41
DA:61,4
DA:62,20
DA:65,6
DA:66,24
DA:67,39
DA:75,6
DA:76,13
DA:77,7
DA:78,3
DA:79,27
DA:80,62
DA:83,0
DA:84,0
DA:85,0
DA:86,0
DA:87,0
DA:88,0
DA:89,0
DA:90,0
DA:91,1
DA:97,11
DA:98,53
DA:99,45
DA:100,52
DA:101,26
DA:104,14
DA:105,17
DA:106,40
DA:107,34
DA:119,14
DA:120,27
DA:121,38
DA:122,40
DA:123,24
DA:124,2
DA:125,13
DA:128,6
DA:129,5
DA:130,10
DA:131,3
DA:132,27
DA:133,16
DA:134,25
DA:135,5
DA:136,32
DA:137,2
DA:138,19
DA:143,11
DA:144,23
DA:145,27
LF:78
LH:68
end_of_record
TN:
SF:src/web-client/sidebar/workspace-card.ts
FNF:42
FNH:41
DA:24,166
DA:28,114
DA:30,136
DA:31,158
DA:32,132
DA:33,114
DA:79,116
DA:80,49
DA:81,161
DA:82,45
DA:83,135
DA:87,45
DA:88,95
DA:89,47
DA:90,129
DA:94,49
DA:95,30
DA:96,108
DA:97,21
DA:99,57
DA:100,93
DA:101,53
DA:102,138
DA:103,81
DA:104,6
DA:105,58
DA:106,64
DA:107,110
DA:108,60
DA:109,60
DA:110,54
DA:111,60
DA:112,85
DA:113,84
DA:114,70
DA:115,70
DA:116,24
DA:117,22
DA:120,1
DA:122,107
DA:128,54
DA:129,50
DA:130,99
DA:131,62
DA:132,44
DA:133,78
DA:134,68
DA:137,60
DA:138,9
DA:140,89
DA:141,46
DA:142,25
DA:143,29
DA:144,9
DA:145,9
DA:148,30
DA:149,76
DA:150,60
DA:151,90
DA:152,72
DA:153,96
DA:154,110
DA:155,85
DA:158,60
DA:159,153
DA:160,19
DA:161,45
DA:162,12
DA:163,58
DA:164,66
DA:165,29
DA:168,44
DA:169,100
DA:170,52
DA:171,42
DA:172,60
DA:173,12
DA:175,140
DA:176,140
DA:177,128
DA:178,43
DA:179,68
DA:180,91
DA:181,81
DA:182,16
DA:183,138
DA:188,112
DA:189,137
DA:190,70
DA:191,110
DA:192,3
DA:193,16
DA:194,70
DA:195,152
DA:196,27
DA:199,74
DA:200,64
DA:201,72
DA:202,74
DA:203,82
DA:204,76
DA:205,85
DA:209,9
DA:210,12
DA:211,10
DA:212,10
DA:213,14
DA:214,10
DA:215,66
DA:216,73
DA:218,70
DA:219,17
DA:220,9
DA:221,46
DA:222,82
DA:223,84
DA:224,75
DA:225,68
DA:232,45
DA:233,76
DA:234,33
DA:235,70
DA:236,70
DA:237,17
DA:238,9
DA:239,62
DA:240,92
DA:241,56
DA:242,108
DA:250,44
DA:251,26
DA:252,91
DA:253,74
DA:254,139
DA:255,80
DA:256,70
DA:257,17
DA:258,9
DA:259,66
DA:260,102
DA:261,67
DA:262,87
DA:263,108
DA:264,62
DA:267,44
DA:268,66
DA:269,48
DA:270,21
DA:271,28
DA:273,2
DA:277,37
DA:278,86
DA:279,72
DA:280,21
DA:283,35
DA:284,86
DA:285,82
DA:286,90
DA:287,68
DA:288,112
DA:289,44
DA:290,92
DA:291,72
DA:292,76
DA:293,46
DA:294,94
DA:295,86
DA:296,108
DA:297,87
DA:299,48
DA:300,21
DA:303,33
DA:304,86
DA:305,68
DA:306,64
DA:307,46
DA:308,53
DA:309,41
DA:310,47
DA:311,22
DA:312,5
DA:313,77
DA:314,100
DA:315,84
DA:316,100
DA:317,63
DA:318,94
DA:319,90
DA:320,66
DA:321,84
DA:322,58
DA:323,78
DA:324,84
DA:325,60
DA:326,9
DA:327,107
DA:328,100
DA:329,100
DA:330,146
DA:331,60
DA:332,9
DA:333,52
DA:334,5
DA:335,21
DA:338,34
DA:339,86
DA:340,70
DA:342,94
DA:343,82
DA:344,100
DA:345,90
DA:346,62
DA:347,62
DA:348,100
DA:349,108
DA:350,114
DA:351,62
DA:352,98
DA:353,56
DA:354,50
DA:356,92
DA:357,86
DA:358,108
DA:359,118
DA:360,50
DA:361,54
DA:362,48
DA:364,24
DA:365,14
DA:366,26
DA:367,30
DA:368,24
DA:369,117
DA:370,88
DA:371,90
DA:372,6
DA:373,5
DA:380,50
DA:381,98
DA:382,162
DA:383,80
DA:384,142
DA:385,84
DA:386,122
DA:387,71
DA:388,108
DA:389,33
DA:390,118
DA:391,168
DA:392,5
DA:393,4
DA:396,52
DA:397,92
DA:398,82
DA:399,86
DA:400,58
DA:401,48
DA:402,86
DA:403,76
DA:404,48
DA:405,40
DA:406,25
DA:409,19
DA:410,8
DA:411,26
DA:412,6
DA:413,86
DA:414,68
DA:415,80
DA:416,63
DA:417,100
DA:418,50
DA:419,84
DA:420,80
DA:421,130
DA:422,42
DA:423,78
DA:424,89
DA:425,52
DA:426,57
DA:427,12
DA:428,46
DA:429,5
DA:430,21
DA:433,34
DA:434,86
DA:435,106
DA:436,104
DA:437,72
DA:439,100
DA:440,50
DA:441,96
DA:442,80
DA:443,120
DA:444,0
DA:445,0
DA:446,0
DA:447,0
DA:448,44
DA:449,8
DA:450,50
DA:452,90
DA:453,84
DA:454,85
DA:455,92
DA:456,82
DA:457,150
DA:458,90
DA:459,82
DA:460,52
DA:461,46
DA:462,48
DA:463,5
DA:464,46
DA:465,21
DA:473,49
DA:474,38
DA:475,45
DA:476,72
DA:482,108
DA:483,112
DA:484,47
DA:487,49
DA:488,18
DA:489,130
DA:490,54
DA:491,35
DA:494,55
DA:495,11
DA:496,16
DA:500,24
DA:501,12
DA:502,6
DA:503,84
DA:504,72
DA:505,22
DA:506,44
DA:507,44
DA:508,40
DA:509,34
DA:510,10
DA:511,94
DA:512,66
DA:513,82
DA:514,90
DA:515,25
DA:518,35
DA:519,86
DA:520,108
DA:521,75
DA:522,60
DA:523,21
DA:524,5
DA:525,152
DA:526,21
DA:532,47
DA:533,120
DA:534,54
DA:535,99
DA:536,70
DA:537,72
DA:538,5
DA:539,46
DA:540,42
DA:541,79
DA:542,46
DA:543,80
DA:544,88
DA:545,26
DA:546,16
DA:547,88
DA:548,93
DA:549,13
DA:550,40
DA:551,7
DA:552,5
DA:553,137
DA:556,65
DA:559,37
DA:560,86
DA:561,76
DA:562,45
DA:563,60
DA:564,21
DA:565,5
DA:566,120
DA:567,258
DA:568,50
DA:569,46
DA:570,47
DA:571,40
DA:572,22
DA:573,5
DA:574,21
LF:394
LH:390
end_of_record
TN:
SF:src/web-client/sounds.ts
FNF:7
FNH:2
DA:16,65
DA:18,51
DA:19,58
DA:20,55
DA:26,6
DA:27,9
DA:28,68
DA:29,54
DA:30,0
DA:31,0
DA:32,0
DA:36,6
DA:37,9
DA:38,67
DA:39,22
DA:40,0
DA:41,0
DA:42,0
DA:43,0
DA:44,0
DA:45,0
DA:46,1
DA:50,28
DA:51,26
DA:53,0
DA:54,0
DA:55,0
DA:56,0
DA:57,0
DA:58,0
DA:59,0
DA:60,0
DA:61,0
DA:62,0
DA:63,0
DA:64,0
DA:65,0
DA:66,0
DA:67,0
DA:68,0
DA:69,0
DA:70,0
DA:71,0
DA:72,1
DA:75,0
DA:76,1
DA:79,25
DA:81,0
DA:82,0
DA:83,0
DA:84,0
DA:85,0
DA:86,0
DA:87,0
DA:88,0
DA:89,0
DA:90,0
DA:91,0
DA:92,0
DA:93,0
DA:94,0
DA:95,0
DA:96,0
DA:97,0
DA:98,0
DA:99,0
DA:100,0
DA:101,0
DA:102,0
DA:103,0
DA:104,0
DA:105,0
DA:106,0
DA:107,0
DA:113,0
DA:114,0
DA:115,0
DA:116,0
DA:117,1
DA:120,33
DA:123,0
DA:124,0
DA:125,0
DA:126,1
DA:128,0
LF:85
LH:21
end_of_record
TN:
SF:src/web-client/status-bar.ts
FNF:16
FNH:14
DA:23,56
DA:35,59
DA:36,35
DA:37,43
DA:64,15
DA:65,62
DA:66,52
DA:67,46
DA:68,43
DA:76,41
DA:77,51
DA:78,68
DA:79,49
DA:80,64
DA:81,48
DA:82,62
DA:83,33
DA:84,31
DA:85,29
DA:87,1
DA:88,8
DA:89,6
DA:90,5
DA:91,5
DA:92,50
DA:93,30
DA:94,44
DA:95,29
DA:96,52
DA:97,51
DA:98,38
DA:99,33
DA:100,31
DA:101,6
DA:102,30
DA:103,6
DA:104,34
DA:105,43
DA:106,32
DA:107,49
DA:110,8
DA:112,43
DA:113,41
DA:114,37
DA:115,35
DA:124,24
DA:125,23
DA:126,19
DA:127,27
DA:128,35
DA:129,21
DA:130,0
DA:131,0
DA:132,0
DA:134,7
DA:137,48
DA:141,49
DA:142,48
DA:143,21
DA:144,2
DA:146,12
DA:147,10
DA:148,10
DA:149,22
DA:150,20
DA:151,32
DA:152,28
DA:153,36
DA:154,19
DA:155,6
DA:156,31
DA:157,48
DA:159,1
DA:169,16
DA:170,33
DA:172,52
DA:173,13
DA:174,17
DA:175,19
DA:176,34
DA:177,5
DA:178,52
DA:179,75
DA:184,48
DA:185,13
DA:186,17
DA:187,19
DA:188,39
DA:189,42
DA:190,39
DA:191,16
DA:192,16
DA:193,34
DA:194,38
DA:195,1
DA:196,3
DA:197,5
DA:198,46
DA:200,50
DA:201,23
DA:202,30
DA:203,56
DA:204,11
DA:206,35
DA:207,44
DA:208,0
DA:209,0
DA:211,0
DA:212,0
DA:213,2
DA:219,24
DA:220,27
DA:221,65
DA:222,45
DA:223,32
DA:224,25
DA:225,12
DA:226,27
DA:227,25
DA:228,24
DA:229,7
DA:230,2
DA:231,2
DA:233,12
DA:234,17
DA:235,63
DA:236,65
DA:237,54
DA:238,6
DA:239,15
DA:240,22
DA:241,20
DA:242,11
DA:243,13
DA:244,21
DA:245,19
DA:246,21
DA:247,15
DA:248,5
DA:249,1
LF:140
LH:133
end_of_record
TN:
SF:src/web-client/store.ts
FNF:16
FNH:14
DA:19,64
DA:98,11
DA:99,12
DA:100,19
DA:101,27
DA:102,22
DA:103,29
DA:104,19
DA:105,6
DA:106,25
DA:107,17
DA:108,19
DA:109,28
DA:110,27
DA:111,26
DA:112,30
DA:113,15
DA:114,16
DA:115,24
DA:116,15
DA:117,17
DA:118,16
DA:119,6
DA:120,26
DA:121,17
DA:122,36
DA:123,16
DA:124,25
DA:125,22
DA:126,6
DA:127,19
DA:128,16
DA:129,2
DA:204,23
DA:206,24
DA:207,25
DA:208,0
DA:209,0
DA:210,0
DA:211,0
DA:212,5
DA:214,25
DA:215,19
DA:216,14
DA:217,26
DA:218,27
DA:219,38
DA:220,52
DA:221,39
DA:222,7
DA:223,6
DA:225,23
DA:226,72
DA:227,19
DA:228,14
DA:229,66
DA:230,6
DA:232,25
DA:233,19
DA:234,14
DA:235,23
DA:236,31
DA:237,26
DA:238,33
DA:239,23
DA:240,10
DA:241,21
DA:242,19
DA:243,23
DA:244,32
DA:245,31
DA:246,34
DA:247,27
DA:248,6
DA:250,25
DA:251,32
DA:252,26
DA:253,39
DA:254,31
DA:255,22
DA:256,28
DA:257,26
DA:258,26
DA:259,45
DA:260,8
DA:261,6
DA:262,24
DA:263,36
DA:264,36
DA:265,25
DA:266,18
DA:267,37
DA:268,24
DA:269,8
DA:270,6
DA:271,19
DA:272,14
DA:273,41
DA:274,17
DA:275,33
DA:276,47
DA:277,45
DA:278,41
DA:279,15
DA:280,20
DA:281,49
DA:282,31
DA:283,40
DA:284,35
DA:285,10
DA:286,34
DA:287,30
DA:290,47
DA:291,41
DA:292,22
DA:293,21
DA:294,1
DA:295,5
DA:297,26
DA:298,37
DA:299,0
DA:300,0
DA:301,0
DA:302,0
DA:303,0
DA:304,0
DA:305,0
DA:306,0
DA:307,6
DA:308,19
DA:309,14
DA:310,24
DA:311,26
DA:312,32
DA:313,33
DA:314,32
DA:315,21
DA:316,21
DA:317,24
DA:318,9
DA:319,7
DA:320,1
DA:321,5
DA:323,26
DA:324,49
DA:325,20
DA:326,19
DA:327,14
DA:328,24
DA:329,26
DA:330,56
DA:331,7
DA:332,1
DA:333,5
DA:335,25
DA:336,51
DA:337,22
DA:338,42
DA:339,75
DA:340,6
DA:342,24
DA:343,40
DA:344,64
DA:345,40
DA:346,6
DA:347,6
DA:348,19
DA:349,14
DA:350,23
DA:351,15
DA:352,21
DA:353,48
DA:354,6
DA:355,33
DA:356,18
DA:357,45
DA:358,6
DA:359,30
DA:360,49
DA:362,7
DA:363,1
DA:364,5
DA:366,26
DA:367,49
DA:368,20
DA:369,19
DA:370,14
DA:371,24
DA:372,26
DA:373,35
DA:374,14
DA:375,30
DA:376,27
DA:377,9
DA:378,7
DA:379,1
DA:380,5
DA:382,27
DA:383,49
DA:384,16
DA:387,21
DA:388,16
DA:389,26
DA:390,28
DA:391,34
DA:392,35
DA:393,38
DA:394,23
DA:395,23
DA:396,37
DA:397,11
DA:398,9
DA:399,1
DA:400,6
DA:401,19
DA:402,14
DA:403,24
DA:404,26
DA:405,62
DA:406,7
DA:407,1
DA:408,5
DA:410,18
DA:411,19
DA:412,14
DA:413,43
DA:414,49
DA:415,30
DA:416,7
DA:417,1
DA:419,0
DA:420,0
DA:421,0
DA:422,0
DA:423,0
DA:424,0
DA:425,5
DA:427,25
DA:428,63
DA:430,24
DA:431,56
DA:433,25
DA:438,45
DA:439,21
DA:440,16
DA:441,47
DA:442,1
DA:443,6
DA:444,52
DA:445,13
DA:446,42
DA:447,27
DA:448,9
DA:449,23
DA:450,40
DA:451,43
DA:452,42
DA:453,53
DA:454,41
DA:455,59
DA:456,36
DA:457,55
DA:458,6
DA:459,44
DA:460,2
DA:461,19
DA:462,7
DA:463,45
DA:464,2
DA:465,16
DA:466,8
DA:467,51
DA:468,42
DA:469,67
DA:470,41
DA:471,54
DA:472,27
DA:473,33
DA:474,51
DA:475,30
DA:476,25
DA:477,20
DA:478,56
DA:479,7
DA:480,45
DA:481,23
DA:482,9
DA:483,9
DA:484,8
DA:485,53
DA:486,45
DA:487,33
DA:488,43
DA:489,46
DA:490,25
DA:491,7
DA:492,21
DA:493,23
DA:494,23
DA:495,18
DA:496,5
DA:497,10
DA:498,59
DA:499,8
DA:500,46
DA:501,2
DA:502,19
DA:503,22
DA:504,10
DA:505,52
DA:506,7
DA:507,34
DA:508,5
DA:510,27
DA:511,25
DA:512,22
DA:513,68
DA:514,3
DA:515,7
DA:516,8
DA:517,37
DA:518,63
DA:519,29
DA:520,19
DA:521,14
DA:522,22
DA:523,49
DA:524,1
DA:525,5
DA:527,30
DA:528,49
DA:529,59
DA:530,60
DA:531,19
DA:532,14
DA:533,57
DA:534,1
DA:535,5
DA:537,27
DA:538,19
DA:539,14
DA:540,57
DA:541,27
DA:542,1
DA:544,0
DA:545,0
DA:546,0
DA:547,0
DA:548,0
DA:549,0
DA:550,0
DA:552,0
DA:553,5
DA:555,21
DA:556,32
DA:557,21
DA:558,42
DA:559,39
DA:560,54
DA:561,6
DA:562,40
DA:563,43
DA:569,31
DA:573,21
DA:574,16
DA:575,24
DA:576,26
DA:577,23
DA:578,23
DA:579,26
DA:580,33
DA:581,28
DA:582,41
DA:583,34
DA:584,13
DA:585,11
DA:586,9
DA:587,1
DA:588,6
DA:589,19
DA:590,14
DA:591,22
DA:592,24
DA:593,67
DA:594,7
DA:595,1
DA:596,5
DA:598,22
DA:599,52
DA:600,27
DA:601,38
DA:602,66
DA:603,6
DA:604,69
DA:605,42
DA:606,61
DA:607,61
DA:608,73
DA:609,76
DA:610,21
DA:611,16
DA:612,24
DA:613,26
DA:614,48
DA:615,9
DA:616,1
DA:617,0
DA:618,0
DA:619,0
DA:621,0
DA:622,0
DA:623,0
DA:624,0
DA:626,0
DA:627,0
DA:628,0
DA:629,0
DA:630,5
DA:632,25
DA:633,63
DA:635,24
DA:636,51
DA:638,25
DA:639,25
DA:640,23
DA:641,30
DA:642,25
DA:643,8
DA:644,59
DA:645,45
DA:646,6
DA:647,35
DA:648,5
DA:650,27
DA:651,74
DA:652,70
DA:653,19
DA:654,14
DA:655,24
DA:656,25
DA:657,32
DA:658,43
DA:659,32
DA:660,9
DA:661,7
DA:662,1
DA:663,5
DA:665,27
DA:666,31
DA:667,65
DA:668,54
DA:669,19
DA:670,14
DA:671,24
DA:672,25
DA:673,32
DA:674,43
DA:675,27
DA:676,9
DA:677,7
DA:678,1
DA:679,5
DA:681,29
DA:682,19
DA:683,14
DA:684,66
DA:685,6
DA:687,25
DA:692,4
DA:693,18
DA:694,61
DA:696,18
DA:697,46
DA:698,5
DA:700,23
DA:701,39
DA:702,4
DA:703,43
DA:704,46
DA:705,9
DA:706,12
DA:707,6
DA:708,37
DA:709,5
DA:711,33
DA:715,51
DA:716,42
DA:717,4
DA:718,25
DA:719,34
DA:720,20
DA:721,11
DA:722,23
DA:723,6
DA:724,6
DA:725,64
DA:726,64
DA:727,0
DA:730,0
DA:734,17
DA:735,30
DA:736,23
DA:739,12
DA:740,17
DA:741,23
DA:742,21
DA:743,2
DA:744,10
DA:747,1
DA:748,3
DA:749,3
DA:750,17
DA:751,43
DA:752,10
DA:761,1
DA:762,3
DA:763,3
DA:764,3
DA:767,4
DA:768,35
DA:769,35
DA:770,41
DA:771,43
DA:772,25
DA:773,47
DA:774,33
DA:775,29
DA:776,33
DA:777,35
DA:778,35
DA:779,43
DA:780,27
DA:781,37
DA:782,65
DA:783,55
DA:784,53
DA:785,55
DA:786,57
DA:787,57
DA:788,65
DA:789,69
DA:790,63
DA:791,53
DA:792,46
DA:793,5
DA:794,12
DA:795,2
DA:797,47
DA:798,47
DA:799,2
DA:801,22
DA:802,39
DA:803,45
DA:804,44
DA:805,4
DA:806,35
DA:807,35
DA:808,65
DA:809,2
DA:810,12
DA:825,6
DA:826,23
DA:827,18
DA:828,3
DA:829,19
DA:830,28
DA:831,12
DA:832,23
DA:833,16
DA:834,41
DA:835,38
DA:836,19
DA:837,42
DA:838,15
DA:839,32
DA:840,0
DA:842,6
DA:844,8
DA:846,18
DA:847,30
DA:848,28
DA:849,21
DA:850,35
DA:853,1
LF:584
LH:544
end_of_record
TN:
SF:src/web-client/theme-bridge.ts
FNF:3
FNH:3
DA:17,46
DA:24,6
DA:25,10
DA:26,6
DA:27,3
DA:28,25
DA:33,59
DA:34,48
DA:35,51
DA:36,29
DA:41,62
DA:42,70
DA:43,72
DA:44,68
DA:45,73
DA:50,71
DA:51,23
DA:52,18
DA:53,44
DA:54,4
DA:55,63
DA:56,66
DA:57,65
DA:58,59
DA:62,71
DA:66,77
DA:71,64
DA:78,6
DA:79,10
DA:80,3
DA:81,44
DA:82,29
DA:83,48
DA:84,12
DA:87,33
DA:88,41
DA:89,33
DA:90,31
DA:91,49
DA:92,53
DA:93,21
DA:94,2
DA:100,6
DA:101,10
DA:110,3
DA:111,12
DA:112,36
DA:113,60
DA:114,39
DA:115,42
DA:116,47
DA:117,48
DA:118,46
DA:119,2
DA:122,27
DA:123,76
DA:128,29
DA:129,36
DA:130,24
DA:131,20
DA:132,34
DA:133,49
DA:134,33
DA:135,19
DA:136,17
DA:137,19
DA:138,20
DA:139,18
DA:140,21
DA:141,18
DA:142,19
DA:143,25
DA:144,23
DA:145,25
DA:146,26
DA:147,24
DA:148,27
DA:149,24
DA:150,23
DA:151,1
LF:80
LH:80
end_of_record
TN:
SF:src/web-client/touch-gestures.ts
FNF:7
FNH:6
DA:30,6
DA:31,4
DA:32,4
DA:33,15
DA:34,3
DA:35,26
DA:36,26
DA:38,54
DA:39,37
DA:41,36
DA:42,30
DA:52,6
DA:53,8
DA:54,4
DA:55,12
DA:56,3
DA:57,31
DA:58,35
DA:59,34
DA:62,46
DA:64,49
DA:65,14
DA:72,6
DA:73,15
DA:74,17
DA:75,3
DA:76,60
DA:77,48
DA:81,47
DA:82,29
DA:83,65
DA:84,29
DA:85,31
DA:86,15
DA:90,6
DA:91,10
DA:92,6
DA:93,10
DA:94,10
DA:95,3
DA:96,31
DA:97,30
DA:98,30
DA:99,12
DA:130,0
DA:131,0
DA:132,0
DA:133,0
DA:134,0
DA:135,0
DA:136,0
DA:137,0
DA:138,0
DA:139,0
DA:140,0
DA:141,0
DA:142,0
DA:143,0
DA:144,0
DA:145,0
DA:146,0
DA:147,0
DA:148,0
DA:149,0
DA:150,0
DA:151,0
DA:152,0
DA:153,0
DA:154,0
DA:155,0
DA:156,0
DA:157,0
DA:158,0
DA:159,0
DA:160,0
DA:161,0
DA:162,0
DA:163,0
DA:164,0
DA:165,0
DA:166,0
DA:167,0
DA:168,0
DA:169,0
DA:170,0
DA:171,0
DA:172,0
DA:173,0
DA:174,0
DA:175,0
DA:176,0
DA:177,0
DA:178,0
DA:179,0
DA:180,0
DA:181,0
DA:182,0
DA:183,0
DA:184,0
DA:185,0
DA:186,0
DA:187,0
DA:188,0
DA:189,0
DA:190,0
DA:191,0
DA:192,0
DA:193,0
DA:194,0
DA:195,0
DA:196,0
DA:197,0
DA:198,0
DA:199,0
DA:200,0
DA:201,0
DA:202,0
DA:203,0
DA:204,0
DA:205,0
DA:206,0
DA:207,0
DA:208,0
DA:209,0
DA:210,0
DA:211,0
DA:212,0
DA:213,0
DA:214,0
DA:215,0
DA:216,0
DA:217,0
DA:218,0
DA:219,0
DA:220,0
DA:221,0
DA:222,0
DA:223,0
DA:224,0
DA:225,0
DA:226,0
DA:227,0
DA:228,0
DA:229,0
DA:230,0
DA:231,0
DA:232,0
DA:233,0
DA:234,0
DA:235,0
DA:236,0
DA:237,0
DA:238,0
DA:239,0
DA:240,0
DA:241,0
DA:242,0
DA:243,0
DA:244,0
DA:245,0
DA:246,0
DA:247,0
DA:248,0
DA:249,0
DA:250,0
DA:251,0
DA:252,0
DA:253,0
DA:254,0
DA:255,0
DA:256,0
DA:257,0
DA:258,0
DA:259,1
DA:268,6
DA:269,12
DA:270,11
DA:271,11
DA:272,3
DA:273,44
DA:274,56
DA:275,58
DA:276,27
DA:277,43
DA:278,72
DA:279,29
LF:186
LH:57
end_of_record
TN:
SF:src/web-client/transport.ts
FNF:12
FNH:6
DA:17,62
DA:47,6
DA:48,11
DA:49,20
DA:50,3
DA:51,38
DA:52,44
DA:55,15
DA:56,55
DA:58,16
DA:59,28
DA:64,36
DA:65,28
DA:75,37
DA:76,11
DA:77,60
DA:78,0
DA:79,2
DA:81,4
DA:82,25
DA:84,8
DA:85,25
DA:86,23
DA:87,11
DA:88,41
DA:89,44
DA:90,35
DA:91,49
DA:92,13
DA:93,54
DA:98,50
DA:99,3
DA:107,0
DA:108,0
DA:109,0
DA:110,0
DA:111,0
DA:112,0
DA:113,0
DA:114,0
DA:115,0
DA:116,0
DA:117,0
DA:118,1
DA:121,8
DA:122,57
DA:123,67
DA:128,39
DA:129,34
DA:130,0
DA:131,0
DA:132,4
DA:133,65
DA:134,57
DA:135,64
DA:136,34
DA:137,72
DA:139,24
DA:140,28
DA:141,28
DA:142,73
DA:149,26
DA:150,26
DA:151,9
DA:154,0
DA:155,0
DA:156,0
DA:157,0
DA:158,0
DA:159,5
DA:162,0
DA:163,0
DA:164,0
DA:165,0
DA:166,0
DA:167,0
DA:168,0
DA:169,0
DA:170,0
DA:171,0
DA:172,0
DA:173,0
DA:174,0
DA:175,0
DA:176,0
DA:177,0
DA:178,0
DA:179,0
DA:180,0
DA:181,0
DA:182,0
DA:183,0
DA:184,0
DA:185,0
DA:186,0
DA:187,0
DA:188,0
DA:189,0
DA:190,0
DA:191,0
DA:192,0
DA:193,0
DA:194,0
DA:195,0
DA:196,0
DA:197,0
DA:198,0
DA:199,0
DA:200,5
DA:202,16
DA:207,0
DA:208,0
DA:209,0
DA:210,0
DA:211,0
DA:212,0
DA:213,0
DA:214,0
DA:215,0
DA:216,0
DA:217,0
DA:218,0
DA:219,0
DA:220,0
DA:221,0
DA:222,0
DA:223,0
DA:224,1
DA:227,0
DA:228,0
DA:229,0
DA:230,0
DA:231,0
DA:232,0
DA:233,0
DA:234,0
DA:235,0
DA:236,0
DA:237,0
DA:238,0
DA:239,0
DA:240,0
DA:241,0
DA:242,2
DA:245,24
LF:145
LH:56
end_of_record
TN:
SF:src/web-client/update-banner.ts
FNF:5
FNH:5
DA:14,114
DA:15,108
DA:17,2098
DA:75,15
DA:76,41
DA:77,41
DA:79,16
DA:81,47
DA:82,12
DA:83,40
DA:84,45
DA:86,46
DA:87,37
DA:88,51
DA:89,27
DA:91,50
DA:92,25
DA:93,31
DA:94,32
DA:95,43
DA:96,25
DA:97,22
DA:98,6
DA:99,4
DA:100,44
DA:101,20
DA:105,31
DA:106,6
DA:107,4
DA:108,48
DA:113,4
DA:114,29
DA:116,51
DA:117,26
DA:118,32
DA:119,44
DA:120,18
DA:121,4
DA:122,30
DA:124,36
DA:128,11
DA:129,41
DA:130,37
DA:133,6
DA:134,35
DA:135,45
DA:136,8
DA:137,17
DA:138,31
LF:49
LH:49
end_of_record
TN:
SF:src/web-client/web-notifications.ts
FNF:13
FNH:2
DA:18,0
DA:19,0
DA:20,0
DA:21,0
DA:22,0
DA:23,0
DA:24,0
DA:25,0
DA:26,0
DA:27,0
DA:28,0
DA:29,0
DA:30,0
DA:31,0
DA:32,0
DA:33,0
DA:34,0
DA:35,0
DA:36,0
DA:37,0
DA:38,0
DA:39,0
DA:40,0
DA:41,0
DA:42,0
DA:43,0
DA:44,0
DA:45,0
DA:46,0
DA:47,0
DA:48,0
DA:49,0
DA:50,0
DA:51,0
DA:52,0
DA:53,0
DA:54,0
DA:55,0
DA:56,0
DA:57,0
DA:58,0
DA:59,0
DA:60,0
DA:61,0
DA:62,0
DA:63,0
DA:64,0
DA:65,0
DA:66,0
DA:67,0
DA:68,0
DA:69,0
DA:70,0
DA:71,0
DA:72,0
DA:73,0
DA:74,0
DA:75,0
DA:76,0
DA:77,0
DA:78,0
DA:79,0
DA:80,0
DA:81,0
DA:82,0
DA:83,0
DA:84,0
DA:85,0
DA:86,0
DA:87,0
DA:88,0
DA:89,0
DA:90,0
DA:91,0
DA:92,0
DA:93,0
DA:94,0
DA:95,0
DA:96,0
DA:97,0
DA:98,0
DA:99,0
DA:100,1
DA:106,0
DA:107,0
DA:108,0
DA:109,0
DA:110,1
DA:115,0
DA:116,0
DA:117,0
DA:118,1
DA:123,0
DA:124,0
DA:125,0
DA:126,0
DA:127,0
DA:128,0
DA:129,0
DA:130,0
DA:131,0
DA:132,1
DA:137,0
DA:138,0
DA:139,0
DA:140,0
DA:141,0
DA:142,0
DA:143,0
DA:144,0
DA:145,0
DA:146,0
DA:147,0
DA:148,0
DA:149,0
DA:150,0
DA:151,0
DA:152,0
DA:153,0
DA:154,0
DA:155,0
DA:156,1
DA:177,0
DA:178,0
DA:179,0
DA:180,0
DA:181,0
DA:182,0
DA:183,0
DA:184,0
DA:185,0
DA:186,0
DA:187,0
DA:188,0
DA:189,0
DA:190,0
DA:191,0
DA:192,0
DA:193,0
DA:194,0
DA:195,0
DA:196,0
DA:197,0
DA:198,0
DA:199,0
DA:200,0
DA:201,0
DA:202,0
DA:203,0
DA:204,0
DA:205,0
DA:206,0
DA:207,0
DA:208,0
DA:209,0
DA:210,0
DA:211,0
DA:212,0
DA:213,0
DA:214,0
DA:215,0
DA:216,0
DA:217,0
DA:218,0
DA:219,0
DA:220,0
DA:221,0
DA:222,0
DA:223,0
DA:224,0
DA:225,0
DA:226,0
DA:227,0
DA:228,0
DA:229,0
LF:175
LH:5
end_of_record
