TN:
SF:pi-extensions/ht-bridge/intercept/bash-safety-core.ts
FNF:4
FNH:4
DA:8,45
DA:12,39
DA:13,34
DA:14,33
DA:15,13
DA:16,13
DA:17,22
DA:18,36
DA:19,45
DA:20,56
DA:21,29
DA:22,47
DA:23,38
DA:24,2
DA:32,6
DA:33,9
DA:34,34
DA:35,3
DA:36,18
DA:37,45
DA:47,6
DA:48,5
DA:49,5
DA:50,4
DA:51,9
DA:52,8
DA:53,3
DA:54,34
DA:55,66
DA:56,8
DA:58,34
DA:60,9
DA:61,27
DA:62,18
DA:63,7
DA:64,36
DA:65,24
DA:66,30
DA:67,41
DA:68,16
DA:69,38
DA:70,3
DA:71,16
DA:72,6
DA:74,64
DA:76,12
DA:77,27
DA:78,33
DA:79,26
DA:80,25
DA:81,4
DA:82,36
DA:83,17
DA:84,19
DA:85,0
DA:86,0
DA:87,0
DA:88,4
DA:89,6
LF:59
LH:56
end_of_record
TN:
SF:pi-extensions/ht-bridge/lib/config.ts
FNF:3
FNH:1
DA:10,39
DA:11,42
DA:12,41
DA:100,32
DA:101,16
DA:102,24
DA:103,24
DA:104,30
DA:105,14
DA:106,14
DA:107,17
DA:108,29
DA:109,18
DA:110,21
DA:111,25
DA:113,22
DA:114,25
DA:115,28
DA:116,31
DA:117,23
DA:118,24
DA:119,22
DA:120,26
DA:122,25
DA:123,32
DA:124,30
DA:125,34
DA:127,26
DA:129,27
DA:130,26
DA:132,28
DA:133,29
DA:134,24
DA:136,25
DA:138,33
DA:139,29
DA:141,21
DA:142,27
DA:143,24
DA:144,27
DA:145,26
DA:146,30
DA:147,30
DA:149,34
DA:151,24
DA:152,35
DA:153,31
DA:155,22
DA:156,15
DA:157,1
DA:160,0
DA:161,0
DA:162,1
DA:165,0
DA:166,0
DA:167,0
DA:168,0
DA:169,0
DA:170,0
DA:171,0
DA:172,0
DA:173,0
DA:174,0
DA:175,0
DA:176,0
DA:177,0
DA:178,0
DA:179,0
DA:180,0
DA:181,0
DA:182,0
DA:183,0
DA:184,0
DA:185,0
DA:186,0
DA:187,0
DA:188,0
DA:189,0
DA:190,0
DA:191,0
DA:192,0
DA:193,0
DA:194,0
DA:195,0
DA:196,0
DA:197,0
DA:198,0
DA:199,0
DA:200,0
DA:201,0
DA:202,0
DA:203,0
DA:204,0
DA:205,0
DA:206,0
DA:207,0
DA:208,0
DA:209,0
DA:210,0
DA:211,0
DA:212,0
DA:213,0
DA:214,0
DA:215,0
DA:216,0
DA:217,0
DA:218,0
DA:219,0
DA:220,0
DA:221,0
DA:222,0
DA:223,0
DA:224,0
DA:225,0
DA:226,0
DA:227,0
DA:228,0
DA:229,0
DA:230,0
DA:231,0
DA:232,0
DA:233,0
DA:234,0
DA:235,0
DA:236,0
DA:237,0
DA:238,0
DA:239,0
DA:240,0
DA:241,0
DA:242,0
DA:243,0
DA:244,0
DA:245,0
DA:246,0
DA:247,0
DA:248,0
DA:249,0
DA:250,0
DA:251,0
DA:252,0
DA:253,0
DA:254,0
DA:255,0
DA:256,0
DA:257,0
DA:258,0
DA:259,0
DA:260,0
DA:261,0
DA:262,0
DA:263,0
DA:264,0
DA:265,0
DA:266,0
DA:267,0
DA:268,0
DA:269,0
DA:270,0
DA:271,0
DA:272,0
DA:273,0
DA:274,0
DA:275,0
DA:276,0
DA:277,0
DA:278,0
DA:279,0
DA:280,0
DA:281,0
DA:282,0
DA:283,0
DA:284,0
DA:285,0
DA:286,0
DA:287,0
DA:288,0
DA:289,0
DA:290,0
DA:291,0
DA:292,0
DA:293,0
DA:294,0
DA:295,0
DA:296,0
DA:297,1
DA:302,32
DA:303,39
LF:188
LH:54
end_of_record
TN:
SF:pi-extensions/ht-bridge/lib/ht-client.ts
FNF:27
FNH:21
DA:57,1
DA:58,0
DA:59,0
DA:60,0
DA:61,7
DA:63,1
DA:65,38
DA:66,59
DA:69,43
DA:70,90
DA:71,61
DA:79,20
DA:80,10
DA:81,16
DA:82,16
DA:83,6
DA:84,100
DA:85,31
DA:86,44
DA:87,118
DA:88,5
DA:89,3
DA:90,0
DA:91,0
DA:92,0
DA:93,0
DA:94,0
DA:95,0
DA:96,0
DA:97,5
DA:98,4
DA:104,28
DA:105,16
DA:106,6
DA:107,6
DA:108,46
DA:109,29
DA:110,78
DA:111,61
DA:112,64
DA:113,16
DA:114,10
DA:115,29
DA:116,54
DA:117,22
DA:118,52
DA:119,64
DA:120,67
DA:121,16
DA:122,10
DA:123,30
DA:124,30
DA:125,64
DA:126,61
DA:127,73
DA:128,61
DA:129,64
DA:130,16
DA:131,10
DA:132,17
DA:134,73
DA:135,20
DA:136,16
DA:137,15
DA:138,17
DA:139,32
DA:140,18
DA:141,33
DA:142,11
DA:143,22
DA:144,37
DA:145,19
DA:146,57
DA:148,28
DA:155,23
DA:156,24
DA:157,16
DA:158,16
DA:159,12
DA:160,6
DA:161,86
DA:162,89
DA:163,48
DA:164,59
DA:165,64
DA:166,42
DA:167,29
DA:170,96
DA:171,34
DA:172,28
DA:173,31
DA:174,47
DA:175,43
DA:176,30
DA:177,52
DA:178,24
DA:181,14
DA:182,20
DA:183,106
DA:184,2
DA:185,17
DA:186,17
DA:187,25
DA:188,17
DA:190,57
DA:191,93
DA:194,57
DA:195,43
DA:196,36
DA:197,30
DA:198,52
DA:199,24
DA:202,93
DA:203,23
DA:205,47
DA:206,58
DA:207,18
DA:208,13
DA:209,13
DA:210,134
DA:211,9
DA:213,71
DA:214,138
DA:215,53
DA:216,12
DA:218,71
DA:219,136
DA:220,68
DA:221,58
DA:222,88
DA:223,26
DA:224,78
DA:225,47
DA:226,40
DA:227,34
DA:228,48
DA:229,28
DA:232,59
DA:233,98
DA:234,39
DA:235,82
DA:237,18
DA:238,19
DA:239,0
DA:240,0
DA:241,0
DA:242,0
DA:243,0
DA:244,0
DA:245,0
DA:246,63
DA:247,18
DA:249,12
DA:251,0
DA:252,0
DA:253,0
DA:254,0
DA:255,7
DA:256,12
DA:258,63
DA:259,0
DA:260,0
DA:261,77
DA:262,13
DA:263,9
DA:264,6
DA:267,52
DA:268,75
DA:270,21
DA:271,16
DA:272,26
DA:273,21
DA:274,10
DA:275,59
DA:276,26
DA:277,118
DA:278,42
DA:279,77
DA:282,27
DA:283,9
DA:284,31
DA:285,14
DA:286,80
DA:287,10
DA:288,12
DA:291,9
DA:292,84
DA:295,71
DA:296,85
DA:297,48
DA:298,14
DA:299,51
DA:300,8
DA:301,10
DA:302,12
DA:305,0
DA:306,0
DA:307,28
DA:310,87
LF:199
LH:174
end_of_record
TN:
SF:pi-extensions/ht-bridge/lib/messages.ts
FNF:4
FNH:0
DA:11,0
DA:12,0
DA:13,0
DA:14,0
DA:15,0
DA:16,0
DA:17,0
DA:18,0
DA:19,0
DA:20,0
DA:21,0
DA:22,0
DA:23,0
DA:24,0
DA:25,1
DA:36,0
DA:37,0
DA:38,0
DA:39,0
DA:40,0
DA:41,0
DA:42,0
DA:43,0
DA:44,0
DA:45,0
DA:46,0
DA:47,0
DA:48,0
DA:49,0
DA:50,0
DA:51,0
DA:52,0
DA:53,0
DA:54,0
DA:55,0
DA:56,1
DA:59,0
DA:60,0
DA:61,1
DA:65,0
DA:66,0
DA:67,0
DA:68,0
DA:69,0
DA:70,0
DA:71,0
DA:72,0
DA:73,0
LF:48
LH:3
end_of_record
TN:
SF:pi-extensions/ht-bridge/lifecycle/resume.ts
FNF:2
FNH:1
DA:16,45
DA:28,18
DA:29,49
DA:30,25
DA:31,43
DA:32,26
DA:33,48
DA:34,52
DA:35,38
DA:36,49
DA:37,46
DA:38,70
DA:39,32
DA:40,64
DA:41,2
DA:42,12
DA:45,0
DA:46,0
DA:47,0
DA:48,0
DA:49,0
DA:50,0
DA:51,0
DA:52,0
DA:53,0
DA:54,0
DA:55,0
DA:56,0
DA:57,0
DA:58,0
DA:59,0
DA:60,0
DA:61,0
DA:62,0
DA:63,0
DA:64,0
DA:65,0
DA:66,0
DA:67,0
DA:68,0
DA:69,0
DA:70,0
LF:42
LH:16
end_of_record
TN:
SF:pi-extensions/ht-bridge/observe/plan-mirror.ts
FNF:7
FNH:5
DA:22,45
DA:24,46
DA:26,86
DA:37,24
DA:38,15
DA:39,19
DA:40,20
DA:41,19
DA:42,19
DA:43,24
DA:44,26
DA:45,20
DA:46,18
DA:47,21
DA:48,21
DA:49,18
DA:50,18
DA:51,15
DA:52,13
DA:53,16
DA:54,17
DA:55,15
DA:56,1
DA:58,7
DA:59,47
DA:60,57
DA:63,7
DA:64,58
DA:65,58
DA:66,70
DA:67,56
DA:68,9
DA:71,17
DA:72,67
DA:73,34
DA:74,51
DA:75,25
DA:80,9
DA:81,29
DA:82,45
DA:83,13
DA:84,9
DA:85,31
DA:86,0
DA:87,2
DA:89,66
DA:90,19
DA:91,43
DA:92,27
DA:93,58
DA:94,34
DA:95,31
DA:96,18
DA:97,26
DA:98,12
DA:99,52
DA:100,5
DA:101,2
DA:102,13
DA:105,66
DA:110,15
DA:111,15
DA:112,20
DA:113,45
DA:114,26
DA:115,2
DA:116,54
DA:117,18
DA:118,32
DA:119,33
DA:120,27
DA:121,2
DA:122,11
DA:125,0
DA:126,0
DA:127,0
DA:128,0
DA:129,0
DA:130,0
DA:131,0
DA:132,0
DA:133,0
DA:134,0
DA:135,0
DA:136,0
DA:137,0
DA:138,0
DA:139,0
DA:140,0
DA:141,1
DA:145,0
DA:146,0
DA:147,0
DA:148,0
DA:149,0
DA:150,0
DA:151,0
DA:152,0
DA:153,0
DA:154,0
DA:155,0
DA:156,0
DA:157,0
DA:158,0
DA:159,0
DA:160,0
DA:161,0
DA:162,0
DA:163,0
DA:164,0
DA:165,0
DA:166,0
DA:167,0
DA:168,0
DA:169,0
DA:170,0
DA:171,0
DA:172,0
DA:173,0
DA:174,0
DA:175,0
DA:176,0
DA:177,0
DA:178,0
DA:179,0
DA:180,0
DA:181,0
DA:182,0
DA:183,0
DA:184,0
DA:185,0
DA:186,0
DA:187,0
DA:188,0
DA:189,0
DA:190,0
DA:191,0
DA:192,0
DA:193,0
DA:194,0
DA:195,0
DA:196,0
DA:197,0
DA:198,0
DA:199,0
LF:145
LH:73
end_of_record
TN:
SF:pi-extensions/ht-bridge/observe/tui-heartbeat-frames.ts
FNF:5
FNH:4
DA:23,60
DA:24,80
DA:25,83
DA:26,45
DA:41,6
DA:42,7
DA:43,11
DA:44,3
DA:45,47
DA:46,52
DA:48,34
DA:49,26
DA:51,31
DA:53,32
DA:55,39
DA:57,26
DA:61,32
DA:62,21
DA:63,38
DA:64,12
DA:65,29
DA:66,34
DA:67,35
DA:68,40
DA:69,15
DA:70,35
DA:71,40
DA:73,34
DA:74,4
DA:75,24
DA:78,17
DA:80,63
DA:83,66
DA:84,11
DA:89,0
LF:35
LH:34
end_of_record
TN:
SF:pi-extensions/ht-bridge/observe/tui-status.ts
FNF:3
FNH:2
DA:24,0
DA:25,0
DA:26,0
DA:27,0
DA:28,0
DA:29,0
DA:30,0
DA:31,0
DA:32,0
DA:33,0
DA:34,0
DA:35,0
DA:36,0
DA:37,0
DA:38,0
DA:39,0
DA:40,0
DA:41,0
DA:42,0
DA:43,0
DA:44,0
DA:45,0
DA:46,0
DA:47,0
DA:48,0
DA:49,0
DA:50,0
DA:51,0
DA:52,0
DA:53,0
DA:54,0
DA:55,0
DA:56,0
DA:57,0
DA:58,0
DA:59,0
DA:60,0
DA:61,0
DA:62,0
DA:63,0
DA:64,0
DA:65,0
DA:66,0
DA:67,0
DA:68,0
DA:69,0
DA:70,0
DA:71,0
DA:72,0
DA:73,0
DA:74,0
DA:75,0
DA:76,0
DA:77,0
DA:78,0
DA:79,0
DA:80,0
DA:81,0
DA:82,0
LF:59
LH:0
end_of_record
TN:
SF:pi-extensions/ht-bridge/system-prompt/primer.ts
FNF:2
FNH:1
DA:25,18
DA:26,19
DA:27,52
DA:28,18
DA:29,26
DA:30,154
DA:31,5
DA:32,2
DA:33,49
DA:34,18
DA:35,62
DA:36,264
DA:37,5
DA:38,2
DA:39,52
DA:40,18
DA:41,71
DA:42,99
DA:43,5
DA:44,2
DA:45,51
DA:46,18
DA:47,24
DA:48,94
DA:49,5
DA:50,2
DA:51,55
DA:52,18
DA:53,28
DA:54,83
DA:55,5
DA:56,2
DA:57,55
DA:58,18
DA:59,30
DA:60,288
DA:61,5
DA:62,2
DA:66,39
DA:67,39
DA:68,69
DA:70,48
DA:71,66
DA:73,19
DA:74,7
DA:75,31
DA:76,7
DA:77,83
DA:78,4
DA:79,36
DA:81,28
DA:84,9
DA:85,2
DA:87,26
DA:88,50
DA:89,75
DA:90,2
DA:92,38
DA:93,11
DA:94,4
DA:95,37
DA:96,130
DA:97,179
DA:98,3
DA:99,2
DA:104,26
DA:105,49
DA:106,51
DA:107,80
DA:108,52
DA:109,11
DA:110,66
DA:111,5
DA:112,49
DA:113,11
DA:114,207
DA:115,5
DA:116,55
DA:117,11
DA:118,139
DA:119,5
DA:120,17
DA:121,2
DA:123,22
DA:126,0
DA:127,0
DA:128,0
DA:129,0
DA:130,0
DA:131,0
DA:132,0
DA:133,0
DA:134,0
DA:135,0
DA:136,0
DA:137,1
DA:142,22
LF:97
LH:86
end_of_record
TN:
SF:pi-extensions/ht-bridge/tools/plan-approval.ts
FNF:17
FNH:17
DA:12,52
DA:13,42
DA:66,32
DA:67,61
DA:68,60
DA:69,57
DA:70,2
DA:72,6
DA:73,7
DA:74,3
DA:75,13
DA:76,21
DA:77,53
DA:78,46
DA:79,56
DA:80,2
DA:81,9
DA:84,12
DA:90,3
DA:91,78
DA:92,64
DA:93,39
DA:94,20
DA:95,17
DA:96,7
DA:97,64
DA:98,38
DA:99,7
DA:100,23
DA:101,7
DA:102,17
DA:103,10
DA:104,139
DA:105,6
DA:106,4
DA:107,13
DA:109,16
DA:110,43
DA:111,2
DA:113,46
DA:114,18
DA:115,50
DA:116,43
DA:117,190
DA:118,2
DA:119,1
DA:120,2
DA:121,11
DA:124,11
DA:130,3
DA:131,50
DA:132,82
DA:133,50
DA:134,48
DA:135,48
DA:136,40
DA:137,52
DA:138,22
DA:139,21
DA:140,5
DA:142,63
DA:143,50
DA:144,48
DA:147,12
DA:151,3
DA:152,40
DA:153,53
DA:154,29
DA:155,12
DA:156,59
DA:157,7
DA:158,31
DA:159,7
DA:160,6
DA:161,88
DA:162,4
DA:163,7
DA:164,202
DA:165,11
DA:168,6
DA:169,5
DA:170,3
DA:171,64
DA:172,40
DA:174,28
DA:175,14
DA:176,24
DA:177,74
DA:178,1
DA:179,2
DA:181,50
DA:182,50
DA:183,28
DA:184,52
DA:185,10
DA:186,8
DA:187,5
DA:188,66
DA:189,29
DA:190,18
DA:191,5
DA:192,34
DA:193,30
DA:194,19
DA:195,34
DA:196,9
DA:197,35
DA:198,22
DA:199,23
DA:200,3
DA:201,21
DA:202,4
DA:204,32
DA:205,14
DA:206,24
DA:207,15
DA:208,8
DA:209,29
DA:210,26
DA:211,3
DA:212,1
DA:213,2
DA:215,72
DA:216,74
DA:217,31
DA:218,0
DA:219,0
DA:220,0
DA:221,0
DA:222,0
DA:223,2
DA:225,31
DA:226,18
DA:227,5
DA:228,34
DA:229,30
DA:230,17
DA:231,45
DA:232,9
DA:233,16
DA:234,23
DA:235,3
DA:236,21
DA:237,4
DA:239,34
DA:240,70
DA:241,0
DA:243,0
DA:244,0
DA:245,0
DA:246,0
DA:247,0
DA:248,0
DA:249,0
DA:250,1
DA:253,6
DA:254,10
DA:255,3
DA:256,32
DA:257,50
DA:258,2
DA:259,33
DA:260,0
DA:261,2
DA:262,34
DA:263,0
DA:264,2
DA:265,54
DA:266,18
DA:267,92
DA:268,0
DA:269,1
DA:272,16
DA:273,30
DA:274,14
DA:275,31
DA:276,24
DA:277,15
DA:278,21
DA:281,11
DA:282,67
DA:283,65
DA:286,7
DA:287,50
DA:290,11
DA:291,30
DA:294,11
DA:295,19
DA:296,0
DA:297,5
DA:298,15
DA:299,15
DA:300,0
DA:301,14
DA:303,15
LF:195
LH:177
end_of_record
TN:
SF:pi-extensions/ht-bridge/tools/run-in-split-core.ts
FNF:15
FNH:12
DA:7,87
DA:35,1
DA:36,7
DA:37,3
DA:38,35
DA:39,50
DA:40,2
DA:41,41
DA:44,7
DA:45,45
DA:46,16
DA:47,30
DA:48,24
DA:49,53
DA:50,1
DA:53,1
DA:54,4
DA:55,8
DA:56,17
DA:57,3
DA:58,42
DA:59,23
DA:60,34
DA:61,45
DA:62,63
DA:63,69
DA:64,0
DA:65,0
DA:66,0
DA:67,0
DA:70,1
DA:71,4
DA:72,11
DA:73,17
DA:74,3
DA:75,24
DA:76,32
DA:77,26
DA:78,23
DA:79,3
DA:80,9
DA:81,23
DA:84,6
DA:85,8
DA:86,5
DA:87,4
DA:88,8
DA:89,3
DA:90,28
DA:91,14
DA:92,18
DA:93,11
DA:94,23
DA:95,108
DA:96,7
DA:97,8
DA:98,17
DA:99,1
DA:100,2
DA:102,54
DA:103,18
DA:104,14
DA:105,78
DA:106,17
DA:107,1
DA:108,2
DA:110,20
DA:111,29
DA:112,36
DA:113,36
DA:114,4
DA:115,39
DA:116,9
DA:117,8
DA:118,4
DA:119,9
DA:120,15
DA:121,4
DA:122,18
DA:123,14
DA:124,18
DA:125,75
DA:126,8
DA:127,17
DA:128,1
DA:129,2
DA:131,19
DA:132,9
DA:137,51
DA:138,52
DA:139,36
DA:140,45
DA:141,22
DA:142,26
DA:143,23
DA:144,7
DA:145,43
DA:146,54
DA:147,63
DA:148,4
DA:149,25
DA:150,16
DA:151,20
DA:152,13
DA:153,25
DA:154,6
DA:155,27
DA:156,2
DA:157,57
DA:158,9
DA:159,10
DA:160,19
DA:161,1
DA:162,2
DA:163,0
DA:164,0
DA:165,0
DA:166,0
DA:167,0
DA:168,0
DA:169,0
DA:170,0
DA:171,0
DA:172,2
DA:178,66
DA:179,16
DA:180,14
DA:181,18
DA:182,11
DA:183,23
DA:184,110
DA:185,7
DA:186,8
DA:187,52
DA:188,17
DA:189,1
DA:190,2
DA:192,9
DA:193,42
DA:194,31
DA:195,24
DA:196,6
DA:197,17
DA:198,14
DA:199,18
DA:200,11
DA:201,23
DA:202,99
DA:203,7
DA:204,8
DA:205,52
DA:206,17
DA:207,3
DA:210,58
DA:211,12
DA:212,16
DA:213,9
DA:214,21
DA:215,125
DA:216,5
DA:217,6
DA:218,16
DA:219,30
DA:220,14
DA:221,45
DA:222,31
DA:223,3
DA:224,1
LF:168
LH:155
end_of_record
TN:
SF:scripts/check-coverage.ts
FNF:6
FNH:3
DA:25,66
DA:26,45
DA:28,49
DA:29,57
DA:30,78
DA:44,12
DA:45,56
DA:52,14
DA:53,22
DA:54,21
DA:55,38
DA:56,34
DA:57,73
DA:58,51
DA:59,50
DA:60,51
DA:61,52
DA:62,53
DA:63,37
DA:64,19
DA:65,3
DA:66,2
DA:67,11
DA:79,6
DA:80,10
DA:81,9
DA:82,7
DA:83,3
DA:84,25
DA:85,38
DA:86,32
DA:87,14
DA:92,13
DA:93,4
DA:94,24
DA:95,24
DA:96,26
DA:97,26
DA:98,26
DA:99,13
DA:100,26
DA:101,25
DA:102,11
DA:103,7
DA:104,2
DA:105,2
DA:106,18
DA:109,0
DA:110,0
DA:111,0
DA:112,0
DA:116,0
DA:117,0
DA:118,0
DA:119,0
DA:120,0
DA:121,0
DA:122,0
DA:123,0
DA:124,0
DA:125,0
DA:126,0
DA:127,0
DA:128,0
DA:129,0
DA:130,0
DA:131,0
DA:132,0
DA:133,0
DA:134,0
DA:135,0
DA:136,0
DA:137,0
DA:138,0
DA:139,0
DA:140,0
DA:141,0
DA:142,0
DA:143,0
DA:144,0
DA:145,0
DA:146,0
DA:147,0
DA:148,0
DA:149,0
DA:150,0
DA:151,0
DA:152,0
DA:153,0
DA:154,0
DA:155,0
DA:156,0
DA:157,0
DA:158,0
DA:159,0
DA:160,0
DA:161,0
DA:162,0
DA:163,0
DA:164,0
DA:165,0
DA:166,0
DA:167,0
DA:171,0
DA:172,0
DA:173,0
DA:174,0
DA:175,0
DA:176,0
DA:177,0
DA:178,0
DA:179,1
DA:183,20
DA:184,0
LF:114
LH:49
end_of_record
TN:
SF:shareBin/lib/chart.ts
FNF:13
FNH:13
DA:22,38
DA:47,26
DA:48,12
DA:49,12
DA:50,12
DA:51,12
DA:52,12
DA:53,12
DA:54,12
DA:55,10
DA:56,2
DA:58,61
DA:60,21
DA:61,34
DA:62,36
DA:63,43
DA:64,50
DA:65,54
DA:66,39
DA:68,48
DA:69,49
DA:72,62
DA:73,27
DA:74,48
DA:75,4
DA:76,65
DA:77,44
DA:80,47
DA:81,47
DA:82,39
DA:83,58
DA:84,5
DA:86,69
DA:87,45
DA:88,45
DA:89,43
DA:91,32
DA:92,44
DA:93,42
DA:94,45
DA:95,54
DA:96,55
DA:99,61
DA:100,29
DA:101,29
DA:102,34
DA:103,35
DA:104,23
DA:105,25
DA:107,18
DA:108,44
DA:109,65
DA:110,31
DA:111,4
DA:112,34
DA:113,58
DA:116,13
DA:117,37
DA:118,63
DA:119,36
DA:122,40
DA:123,31
DA:124,64
DA:125,6
DA:129,19
DA:130,11
DA:131,173
DA:132,4
DA:133,72
DA:135,20
DA:136,11
DA:137,109
DA:138,4
DA:139,2
DA:142,28
DA:143,24
DA:144,11
DA:145,115
DA:146,6
DA:147,11
DA:148,98
DA:149,4
DA:150,2
DA:153,11
DA:154,110
DA:155,4
DA:156,11
DA:157,114
DA:158,4
DA:161,16
DA:162,30
DA:163,85
DA:164,11
DA:165,104
DA:166,8
DA:167,11
DA:168,100
DA:169,6
DA:170,2
DA:171,11
DA:173,64
DA:174,55
DA:175,32
DA:176,49
DA:177,11
DA:178,104
DA:179,6
DA:180,4
DA:184,16
DA:185,11
DA:186,139
DA:187,4
DA:188,2
DA:192,29
DA:193,39
DA:194,59
DA:195,54
DA:196,74
DA:197,42
DA:198,79
DA:199,47
DA:200,38
DA:201,56
DA:202,28
DA:203,49
DA:204,43
DA:205,55
DA:206,11
DA:207,128
DA:208,8
DA:209,4
DA:210,2
DA:211,11
DA:212,30
DA:213,24
DA:214,49
DA:215,30
DA:216,56
DA:217,60
DA:218,34
DA:219,28
DA:220,57
DA:221,39
DA:222,11
DA:223,93
DA:224,10
DA:225,6
DA:226,6
DA:227,55
DA:228,11
DA:229,138
DA:230,8
DA:231,4
DA:232,4
DA:236,31
DA:237,26
DA:238,48
DA:239,24
DA:240,61
DA:241,26
DA:242,11
DA:243,91
DA:244,6
DA:245,11
DA:246,87
DA:247,4
DA:248,2
DA:250,23
DA:251,22
DA:257,17
DA:258,54
DA:259,19
DA:260,35
DA:261,35
DA:262,27
DA:263,2
DA:264,40
DA:265,40
DA:266,46
DA:267,45
DA:268,24
DA:272,24
DA:273,30
DA:274,24
DA:275,61
DA:276,44
DA:277,17
DA:278,54
DA:280,42
DA:281,39
DA:282,2
DA:283,10
DA:286,18
DA:287,21
DA:288,54
DA:289,55
DA:290,11
DA:291,15
DA:292,36
DA:293,39
DA:294,39
DA:295,21
DA:296,11
DA:297,27
DA:298,40
DA:299,40
DA:300,23
DA:302,31
DA:305,7
DA:306,29
DA:307,26
DA:308,45
DA:309,0
DA:310,2
DA:312,44
DA:313,8
LF:216
LH:215
end_of_record
TN:
SF:shareBin/lib/cli.ts
FNF:2
FNH:1
DA:29,39
DA:80,6
DA:81,6
DA:82,8
DA:83,3
DA:84,25
DA:85,56
DA:89,19
DA:90,35
DA:91,68
DA:92,68
DA:93,43
DA:94,2
DA:96,24
DA:97,41
DA:98,24
DA:99,33
DA:100,27
DA:101,8
DA:102,4
DA:104,32
DA:105,58
DA:106,58
DA:107,33
DA:108,16
DA:109,42
DA:110,4
DA:111,34
DA:115,34
DA:116,29
DA:117,15
DA:118,77
DA:120,8
DA:121,4
DA:122,42
DA:123,30
DA:124,49
DA:125,4
DA:126,33
DA:127,29
DA:128,33
DA:129,65
DA:130,6
DA:131,24
DA:132,13
DA:133,29
DA:135,2
DA:137,29
DA:154,0
DA:155,0
DA:156,0
DA:157,0
DA:158,0
DA:159,0
DA:160,0
DA:161,0
DA:162,0
DA:163,0
DA:164,0
DA:165,0
DA:166,0
DA:167,0
DA:168,0
DA:169,0
DA:170,0
DA:171,0
DA:172,1
DA:184,29
DA:185,70
DA:186,71
DA:187,57
DA:188,57
DA:189,65
DA:190,65
DA:191,1
LF:75
LH:57
end_of_record
TN:
SF:shareBin/lib/csv.ts
FNF:2
FNH:2
DA:29,6
DA:30,7
DA:31,11
DA:32,3
DA:33,52
DA:34,18
DA:35,15
DA:36,17
DA:37,23
DA:38,12
DA:39,25
DA:41,18
DA:42,24
DA:44,20
DA:45,24
DA:47,49
DA:48,23
DA:49,15
DA:50,17
DA:51,27
DA:52,18
DA:54,15
DA:55,20
DA:56,16
DA:58,8
DA:59,4
DA:61,44
DA:62,22
DA:63,10
DA:64,8
DA:65,4
DA:67,22
DA:68,22
DA:69,17
DA:70,10
DA:71,8
DA:72,4
DA:74,23
DA:76,53
DA:77,22
DA:78,21
DA:79,15
DA:80,17
DA:81,10
DA:82,8
DA:83,4
DA:84,21
DA:85,22
DA:86,21
DA:87,15
DA:88,17
DA:89,10
DA:90,8
DA:91,4
DA:93,16
DA:94,6
DA:95,2
DA:100,18
DA:101,62
DA:102,17
DA:103,28
DA:104,0
DA:105,3
DA:107,11
DA:112,17
DA:113,32
DA:114,23
DA:115,36
DA:116,37
LF:69
LH:68
end_of_record
TN:
SF:shareBin/lib/diff-render.ts
FNF:5
FNH:5
DA:21,38
DA:36,16
DA:37,54
DA:38,32
DA:39,45
DA:40,60
DA:43,10
DA:44,17
DA:45,39
DA:46,33
DA:47,45
DA:48,8
DA:49,4
DA:52,4
DA:53,28
DA:54,29
DA:55,27
DA:56,24
DA:57,7
DA:58,47
DA:59,8
DA:60,4
DA:61,32
DA:62,53
DA:63,8
DA:64,4
DA:65,32
DA:66,53
DA:67,8
DA:68,4
DA:69,32
DA:70,53
DA:71,8
DA:72,4
DA:74,40
DA:75,2
DA:76,10
DA:79,11
DA:80,18
DA:82,22
DA:84,8
DA:85,35
DA:86,19
DA:87,39
DA:88,35
DA:89,7
DA:90,4
DA:91,21
DA:94,30
DA:95,31
DA:96,34
DA:97,8
DA:98,4
DA:99,31
DA:100,41
DA:101,19
DA:102,6
DA:103,22
DA:104,31
DA:105,30
DA:106,45
DA:107,9
DA:108,8
DA:109,4
DA:111,16
DA:112,31
DA:113,19
DA:114,47
DA:115,45
DA:116,9
DA:117,8
DA:118,4
DA:121,17
DA:122,42
DA:123,41
DA:124,5
DA:125,2
DA:126,14
DA:127,11
DA:130,9
DA:131,47
DA:132,16
DA:133,97
DA:134,2
DA:135,71
DA:136,74
DA:137,144
LF:87
LH:87
end_of_record
TN:
SF:shareBin/lib/escape.ts
FNF:2
FNH:2
DA:7,12
DA:8,9
DA:9,23
DA:10,22
DA:11,22
DA:12,24
DA:13,23
DA:19,12
DA:20,58
LF:9
LH:9
end_of_record
TN:
SF:shareBin/lib/git-log.ts
FNF:7
FNH:6
DA:22,77
DA:45,14
DA:46,36
DA:47,21
DA:48,31
DA:49,44
DA:50,42
DA:51,41
DA:52,39
DA:53,71
DA:62,20
DA:63,10
DA:64,12
DA:65,69
DA:66,13
DA:67,12
DA:68,11
DA:69,11
DA:70,5
DA:71,2
DA:72,15
DA:95,18
DA:99,19
DA:100,18
DA:102,34
DA:104,59
DA:105,23
DA:108,30
DA:109,25
DA:110,28
DA:111,23
DA:112,4
DA:113,4
DA:116,35
DA:117,41
DA:119,17
DA:120,13
DA:121,11
DA:122,22
DA:123,38
DA:124,7
DA:129,53
DA:130,49
DA:131,35
DA:134,55
DA:135,52
DA:136,45
DA:137,4
DA:138,4
DA:140,67
DA:141,16
DA:142,2
DA:143,2
DA:145,12
DA:150,15
DA:151,14
DA:152,61
DA:153,10
LF:58
LH:58
end_of_record
TN:
SF:shareBin/lib/json-tree.ts
FNF:6
FNH:6
DA:15,38
DA:17,21
DA:18,29
DA:29,6
DA:30,7
DA:31,11
DA:32,3
DA:33,57
DA:34,63
DA:35,43
DA:38,1
DA:39,7
DA:40,7
DA:41,11
DA:42,7
DA:43,3
DA:44,27
DA:45,54
DA:46,2
DA:47,63
DA:48,36
DA:49,49
DA:50,2
DA:51,35
DA:52,48
DA:53,2
DA:54,35
DA:55,59
DA:56,2
DA:57,30
DA:58,57
DA:59,2
DA:60,44
DA:61,17
DA:62,7
DA:63,7
DA:64,11
DA:65,7
DA:66,8
DA:67,1
DA:68,0
DA:70,0
DA:73,1
DA:74,6
DA:75,9
DA:76,7
DA:77,3
DA:78,18
DA:79,21
DA:80,54
DA:81,4
DA:82,106
DA:85,1
DA:86,7
DA:87,7
DA:88,11
DA:89,7
DA:90,6
DA:91,3
DA:92,35
DA:93,25
DA:94,35
DA:95,23
DA:96,29
DA:97,45
DA:98,18
DA:99,21
DA:100,54
DA:101,4
DA:102,56
DA:103,101
DA:104,25
DA:105,15
DA:106,57
DA:107,2
DA:108,11
DA:109,106
LF:77
LH:75
end_of_record
TN:
SF:shareBin/lib/markdown.ts
FNF:9
FNH:9
DA:25,38
DA:27,46
DA:28,31
DA:40,16
DA:41,57
DA:42,39
DA:45,10
DA:46,31
DA:47,20
DA:48,12
DA:49,29
DA:50,26
DA:52,34
DA:53,40
DA:54,21
DA:55,10
DA:56,64
DA:57,27
DA:58,10
DA:59,6
DA:61,37
DA:62,54
DA:63,8
DA:64,4
DA:66,53
DA:67,21
DA:68,21
DA:69,18
DA:70,35
DA:71,27
DA:72,9
DA:73,10
DA:74,8
DA:75,4
DA:77,36
DA:78,21
DA:79,65
DA:80,54
DA:81,10
DA:82,6
DA:83,46
DA:84,8
DA:85,4
DA:86,37
DA:87,21
DA:88,66
DA:89,55
DA:90,10
DA:91,6
DA:92,46
DA:93,8
DA:94,4
DA:96,36
DA:97,48
DA:98,10
DA:99,8
DA:100,4
DA:102,19
DA:103,61
DA:105,4
DA:106,30
DA:107,31
DA:108,32
DA:109,30
DA:110,9
DA:111,12
DA:112,6
DA:113,25
DA:114,8
DA:115,4
DA:116,41
DA:117,2
DA:118,13
DA:121,7
DA:122,25
DA:123,14
DA:124,14
DA:125,12
DA:126,59
DA:127,59
DA:128,5
DA:129,15
DA:130,73
DA:131,76
DA:132,5
DA:133,11
DA:134,82
DA:135,11
DA:136,82
DA:137,10
DA:138,58
DA:145,15
DA:148,21
DA:149,59
DA:150,39
DA:151,23
DA:152,4
DA:154,32
DA:156,71
DA:157,57
DA:158,26
DA:159,27
DA:160,25
DA:161,43
DA:162,81
DA:164,4
DA:167,65
DA:168,63
DA:169,4
DA:170,14
LF:110
LH:110
end_of_record
TN:
SF:shareBin/lib/qr.ts
FNF:34
FNH:34
DA:38,20
DA:39,7
DA:40,7
DA:41,7
DA:42,5
DA:43,2
DA:47,26
DA:48,38
DA:49,26
DA:50,68
DA:51,37
DA:52,62
DA:53,2
DA:54,66
DA:55,27
DA:56,0
DA:57,0
DA:58,0
DA:59,2
DA:61,54
DA:62,38
DA:63,45
DA:65,67
DA:66,53
DA:67,2
DA:68,67
DA:72,13
DA:74,32
DA:75,35
DA:76,36
DA:77,51
DA:79,43
DA:82,19
DA:83,43
DA:84,28
DA:85,40
DA:86,43
DA:87,41
DA:88,45
DA:89,40
DA:90,41
DA:91,29
DA:92,24
DA:93,22
DA:94,28
DA:95,2
DA:96,2
DA:97,16
DA:99,55
DA:104,1
DA:105,6
DA:106,9
DA:107,9
DA:108,3
DA:109,18
DA:111,23
DA:112,31
DA:113,37
DA:114,46
DA:116,54
DA:118,52
DA:119,52
DA:121,34
DA:122,11
DA:125,19
DA:126,36
DA:127,27
DA:128,1
DA:131,10
DA:132,17
DA:133,44
DA:134,14
DA:135,66
DA:136,14
DA:137,2
DA:138,11
DA:143,35
DA:144,35
DA:145,9
DA:146,12
DA:147,33
DA:148,18
DA:149,18
DA:150,12
DA:151,27
DA:152,2
DA:153,63
DA:154,2
DA:156,10
DA:157,28
DA:158,36
DA:162,7
DA:163,14
DA:164,31
DA:165,35
DA:166,2
DA:167,8
DA:170,10
DA:171,57
DA:172,38
DA:173,40
DA:174,36
DA:175,2
DA:176,2
DA:177,10
DA:180,18
DA:181,34
DA:182,53
DA:183,41
DA:184,24
DA:185,32
DA:186,42
DA:187,38
DA:188,2
DA:189,2
DA:190,29
DA:195,1
DA:196,11
DA:197,9
DA:198,9
DA:199,3
DA:200,62
DA:202,68
DA:203,20
DA:204,25
DA:205,17
DA:206,38
DA:207,59
DA:208,23
DA:209,53
DA:210,19
DA:211,2
DA:212,33
DA:213,0
DA:214,0
DA:215,0
DA:216,0
DA:217,2
DA:220,17
DA:221,43
DA:222,37
DA:223,34
DA:224,50
DA:225,2
DA:226,2
DA:227,40
DA:228,57
DA:229,2
DA:230,10
DA:233,1
DA:234,9
DA:235,9
DA:236,3
DA:237,62
DA:238,58
DA:239,44
DA:244,10
DA:245,15
DA:246,69
DA:247,8
DA:250,7
DA:251,32
DA:254,1
DA:255,9
DA:256,10
DA:257,9
DA:258,3
DA:259,30
DA:260,38
DA:261,45
DA:262,45
DA:265,31
DA:266,32
DA:267,32
DA:268,39
DA:269,43
DA:270,43
DA:271,37
DA:272,2
DA:275,38
DA:276,32
DA:277,32
DA:278,26
DA:279,24
DA:280,2
DA:282,30
DA:283,31
DA:287,52
DA:288,52
DA:289,63
DA:290,63
DA:293,22
DA:294,55
DA:295,34
DA:296,36
DA:298,4
DA:299,24
DA:300,54
DA:301,51
DA:302,11
DA:303,17
DA:304,8
DA:305,47
DA:306,4
DA:307,2
DA:308,2
DA:311,17
DA:312,0
DA:313,0
DA:314,0
DA:315,0
DA:316,0
DA:317,0
DA:318,1
DA:321,1
DA:322,9
DA:323,10
DA:324,4
DA:325,4
DA:326,3
DA:327,36
DA:328,38
DA:329,24
DA:330,24
DA:331,72
DA:332,14
DA:333,68
DA:334,64
DA:335,62
DA:336,55
DA:337,26
DA:338,2
DA:339,1
DA:342,1
DA:343,9
DA:344,10
DA:345,4
DA:346,4
DA:347,3
DA:348,36
DA:349,38
DA:350,64
DA:351,44
DA:352,55
DA:353,38
DA:354,2
DA:355,1
DA:358,20
DA:359,72
DA:360,23
DA:363,1
DA:364,9
DA:365,10
DA:366,7
DA:367,3
DA:368,30
DA:369,17
DA:372,54
DA:373,34
DA:374,45
DA:375,35
DA:376,28
DA:377,45
DA:378,47
DA:379,44
DA:380,40
DA:381,34
DA:383,30
DA:384,17
DA:385,51
DA:386,42
DA:388,15
DA:389,4
DA:390,2
DA:391,2
DA:396,18
DA:397,28
DA:398,19
DA:399,23
DA:400,28
DA:401,60
DA:402,38
DA:403,44
DA:404,45
DA:405,1
DA:407,1
DA:408,9
DA:409,10
DA:410,6
DA:411,3
DA:412,28
DA:413,44
DA:414,46
DA:415,40
DA:416,54
DA:417,2
DA:418,2
DA:421,25
DA:422,7
DA:423,7
DA:424,7
DA:425,5
DA:426,1
DA:428,1
DA:429,9
DA:430,9
DA:431,6
DA:432,3
DA:433,30
DA:435,51
DA:437,23
DA:438,32
DA:439,37
DA:440,21
DA:441,2
DA:442,2
DA:443,42
DA:446,68
DA:447,40
DA:448,40
DA:449,40
DA:450,74
DA:453,31
DA:454,51
DA:455,2
DA:456,31
DA:457,55
DA:458,2
DA:459,29
DA:462,22
DA:463,25
DA:464,0
DA:466,0
DA:467,0
DA:468,0
DA:469,0
DA:470,0
DA:471,0
DA:472,0
DA:473,0
DA:474,0
DA:475,0
DA:476,0
DA:477,0
DA:478,0
DA:479,0
DA:484,13
DA:485,30
DA:486,18
DA:489,34
DA:490,33
DA:491,19
DA:492,36
DA:493,40
DA:494,17
DA:495,46
DA:496,47
DA:497,15
DA:498,33
DA:499,21
DA:501,2
DA:502,2
DA:503,34
DA:504,33
DA:505,19
DA:506,36
DA:507,40
DA:508,17
DA:509,46
DA:510,47
DA:511,15
DA:512,33
DA:513,21
DA:515,2
DA:516,2
DA:518,38
DA:519,40
DA:520,30
DA:521,4
DA:522,27
DA:523,27
DA:524,28
DA:525,9
DA:526,19
DA:527,4
DA:528,2
DA:529,2
DA:533,15
DA:544,20
DA:546,77
DA:548,79
DA:550,79
DA:552,78
DA:554,82
DA:556,79
DA:558,81
DA:560,82
DA:562,83
DA:564,83
DA:566,82
DA:568,81
DA:569,2
DA:572,26
DA:573,67
DA:574,2
DA:577,24
DA:578,18
DA:579,19
DA:580,19
DA:581,19
DA:582,20
DA:583,21
DA:584,21
DA:585,22
DA:586,22
DA:587,23
DA:588,23
DA:589,21
DA:590,2
DA:594,30
DA:595,5
DA:596,10
DA:597,10
DA:598,10
DA:599,10
DA:600,10
DA:601,14
DA:602,14
DA:603,14
DA:604,14
DA:605,14
DA:606,12
DA:607,1
DA:609,24
DA:610,51
DA:611,73
DA:612,2
DA:613,16
DA:614,97
DA:615,1
DA:620,7
DA:621,17
DA:622,60
DA:623,11
DA:641,24
DA:642,32
DA:643,34
DA:644,38
DA:645,40
DA:646,45
DA:647,19
DA:648,37
DA:649,14
DA:650,26
DA:651,31
DA:652,12
DA:653,8
DA:654,6
DA:655,25
DA:656,70
DA:657,38
DA:658,38
DA:659,38
DA:660,11
DA:661,76
DA:662,8
DA:663,15
DA:664,2
DA:665,2
DA:666,12
DA:667,135
DA:668,57
DA:669,19
DA:670,10
DA:671,10
LF:475
LH:447
end_of_record
TN:
SF:shareBin/lib/table.ts
FNF:6
FNH:6
DA:21,38
DA:32,6
DA:33,6
DA:34,11
DA:35,3
DA:36,43
DA:37,27
DA:38,51
DA:39,2
DA:43,63
DA:44,35
DA:45,41
DA:46,51
DA:47,4
DA:49,46
DA:50,53
DA:52,30
DA:53,144
DA:54,4
DA:56,14
DA:57,20
DA:58,24
DA:59,3
DA:60,13
DA:61,94
DA:62,2
DA:63,25
DA:64,4
DA:66,33
DA:67,3
DA:68,9
DA:69,11
DA:70,44
DA:71,14
DA:72,2
DA:73,21
DA:75,137
DA:82,1947
LF:38
LH:38
end_of_record
TN:
SF:shareBin/lib/yaml.ts
FNF:12
FNH:12
DA:52,16
DA:53,34
DA:54,39
DA:55,56
DA:56,12
DA:59,11
DA:60,13
DA:61,21
DA:62,10
DA:63,17
DA:66,52
DA:67,52
DA:68,16
DA:69,2
DA:70,17
DA:71,48
DA:72,14
DA:73,52
DA:76,27
DA:77,59
DA:78,4
DA:79,48
DA:80,2
DA:81,23
DA:87,1
DA:88,7
DA:89,7
DA:90,12
DA:91,3
DA:92,31
DA:93,29
DA:94,65
DA:95,46
DA:96,2
DA:97,45
DA:100,1
DA:101,7
DA:102,7
DA:103,12
DA:104,3
DA:105,17
DA:106,16
DA:107,29
DA:108,26
DA:109,43
DA:110,29
DA:111,0
DA:112,0
DA:113,0
DA:114,4
DA:115,48
DA:120,52
DA:121,23
DA:123,0
DA:124,0
DA:125,0
DA:126,0
DA:127,0
DA:128,0
DA:129,0
DA:130,0
DA:131,0
DA:132,4
DA:133,31
DA:137,27
DA:138,32
DA:139,23
DA:140,19
DA:141,8
DA:146,34
DA:147,30
DA:148,72
DA:149,22
DA:150,15
DA:151,8
DA:152,4
DA:154,33
DA:155,6
DA:156,2
DA:157,15
DA:160,1
DA:161,7
DA:162,7
DA:163,12
DA:164,3
DA:165,17
DA:166,16
DA:167,29
DA:168,26
DA:169,43
DA:170,29
DA:171,0
DA:172,0
DA:173,0
DA:174,4
DA:175,47
DA:176,39
DA:177,64
DA:178,4
DA:179,48
DA:180,67
DA:181,62
DA:182,32
DA:183,40
DA:184,10
DA:185,8
DA:186,4
DA:188,8
DA:189,55
DA:190,0
DA:191,0
DA:192,4
DA:193,64
DA:194,21
DA:195,11
DA:196,2
DA:197,15
DA:200,7
DA:203,27
DA:204,29
DA:209,7
DA:210,23
DA:211,23
DA:212,38
DA:213,20
DA:214,37
DA:215,42
DA:216,53
DA:217,28
DA:218,71
DA:219,3
DA:220,2
DA:221,9
DA:224,9
DA:225,4
DA:226,44
DA:227,41
DA:228,0
DA:229,0
DA:230,2
DA:231,10
DA:234,9
DA:235,29
DA:236,30
DA:239,81
DA:240,15
DA:241,13
DA:242,23
DA:243,21
DA:244,19
DA:245,2
DA:246,81
DA:247,47
DA:248,2
DA:250,38
DA:251,56
DA:252,57
DA:253,56
DA:255,36
DA:256,30
DA:257,36
DA:258,2
DA:259,64
DA:260,30
DA:261,36
DA:262,2
DA:263,43
DA:264,0
DA:265,0
DA:266,2
DA:267,14
LF:171
LH:150
end_of_record
TN:
SF:src/bun/accessory-mode.ts
FNF:4
FNH:0
DA:21,42
DA:22,30
DA:27,56
DA:33,13
DA:35,12
DA:38,5
DA:40,0
DA:41,0
DA:42,0
DA:43,0
DA:44,0
DA:45,0
DA:46,0
DA:47,0
DA:48,0
DA:49,0
DA:50,0
DA:51,0
DA:52,0
DA:53,0
DA:54,0
DA:55,0
DA:56,0
DA:57,0
DA:58,0
DA:59,0
DA:60,0
DA:61,0
DA:62,0
DA:63,0
DA:64,0
DA:65,0
DA:66,0
DA:67,0
DA:68,0
DA:69,0
DA:70,0
DA:71,0
DA:72,0
DA:73,0
DA:74,0
DA:75,0
DA:76,0
DA:77,0
DA:78,0
DA:79,0
DA:80,0
DA:81,0
DA:82,0
DA:83,0
DA:84,0
DA:85,0
DA:86,0
DA:87,0
DA:88,0
DA:89,0
DA:90,0
DA:91,0
DA:92,0
DA:93,0
DA:94,0
DA:95,0
DA:96,0
DA:97,0
DA:98,0
DA:99,0
DA:100,0
DA:101,0
DA:102,0
DA:103,0
DA:104,0
DA:105,0
DA:106,0
DA:107,0
DA:108,0
DA:109,0
DA:110,0
DA:111,0
DA:112,0
DA:113,0
DA:114,0
DA:115,0
DA:116,0
DA:117,0
DA:118,0
DA:119,0
DA:120,0
DA:121,0
DA:122,0
DA:123,0
DA:124,0
DA:125,0
DA:126,0
DA:127,0
DA:128,0
DA:129,0
DA:130,1
DA:143,0
DA:144,0
DA:145,0
DA:146,0
DA:147,0
DA:148,0
DA:149,0
DA:150,0
DA:151,0
DA:152,0
DA:153,0
DA:154,1
DA:168,0
DA:169,0
DA:170,0
DA:171,0
DA:172,0
DA:173,0
DA:174,0
DA:175,0
DA:176,0
DA:177,0
LF:119
LH:8
end_of_record
TN:
SF:src/bun/ask-user-queue.ts
FNF:18
FNH:16
DA:84,1
DA:86,45
DA:87,90
DA:88,32
DA:89,77
DA:90,36
DA:91,39
DA:92,44
DA:93,138
DA:104,22
DA:107,10
DA:108,64
DA:109,46
DA:110,42
DA:111,70
DA:112,62
DA:113,46
DA:114,50
DA:115,46
DA:116,58
DA:117,58
DA:118,70
DA:119,54
DA:120,52
DA:121,12
DA:123,32
DA:124,89
DA:125,37
DA:126,12
DA:128,42
DA:129,145
DA:130,73
DA:133,94
DA:134,139
DA:135,44
DA:136,9
DA:138,108
DA:139,88
DA:140,63
DA:148,40
DA:149,72
DA:150,42
DA:151,38
DA:152,18
DA:153,11
DA:158,42
DA:159,72
DA:160,42
DA:161,46
DA:162,20
DA:163,11
DA:167,28
DA:168,115
DA:172,55
DA:173,143
DA:179,29
DA:180,58
DA:181,85
DA:184,52
DA:185,78
DA:186,66
DA:187,56
DA:188,65
DA:189,66
DA:190,9
DA:191,22
DA:192,58
DA:193,16
DA:196,128
DA:197,29
DA:200,32
DA:201,83
DA:202,26
DA:203,35
DA:204,23
DA:207,8
DA:209,1
LF:77
LH:77
end_of_record
TN:
SF:src/bun/ask-user-telegram.ts
FNF:8
FNH:8
DA:51,52
DA:52,7
DA:53,41
DA:63,6
DA:64,9
DA:65,18
DA:66,3
DA:67,19
DA:68,47
DA:69,56
DA:70,19
DA:71,39
DA:72,2
DA:74,21
DA:75,66
DA:76,56
DA:77,58
DA:78,28
DA:79,19
DA:80,56
DA:81,2
DA:83,38
DA:84,14
DA:85,19
DA:86,38
DA:87,2
DA:89,21
DA:92,10
DA:93,23
DA:94,14
DA:95,38
DA:96,15
DA:97,37
DA:98,13
DA:99,53
DA:100,24
DA:101,50
DA:112,6
DA:113,9
DA:114,11
DA:115,3
DA:116,32
DA:117,31
DA:118,14
DA:119,16
DA:120,28
DA:121,13
DA:122,60
DA:123,55
DA:124,12
DA:125,63
DA:126,7
DA:127,6
DA:128,17
DA:129,44
DA:130,22
DA:133,45
DA:134,56
DA:135,51
DA:136,10
DA:137,28
DA:138,32
DA:139,42
DA:140,2
DA:141,8
DA:142,6
DA:143,73
DA:144,32
DA:145,5
DA:146,24
DA:147,34
DA:148,18
DA:149,30
DA:150,15
DA:151,76
DA:152,65
DA:153,11
DA:154,9
DA:155,1
DA:156,6
DA:157,16
DA:158,28
DA:159,13
DA:160,15
DA:161,35
DA:162,42
DA:163,14
DA:164,63
DA:165,9
DA:166,7
DA:167,6
DA:168,13
DA:169,16
DA:170,26
DA:171,63
DA:172,2
DA:187,15
DA:188,45
DA:189,29
DA:190,32
DA:191,31
DA:192,39
DA:193,36
DA:194,41
DA:195,28
DA:205,6
DA:206,9
DA:207,10
DA:208,18
DA:209,3
DA:210,19
DA:211,47
DA:213,21
DA:214,66
DA:215,56
DA:216,27
DA:217,28
DA:218,56
DA:219,2
DA:220,17
DA:221,60
DA:222,21
DA:225,14
DA:226,34
DA:227,11
DA:228,37
DA:229,29
DA:230,5
DA:231,15
DA:232,66
DA:233,16
DA:234,19
LF:132
LH:132
end_of_record
TN:
SF:src/bun/atomic-write.ts
FNF:1
FNH:1
DA:1,75
DA:24,6
DA:25,10
DA:26,6
DA:27,11
DA:28,3
DA:29,32
DA:30,27
DA:31,9
DA:32,28
DA:33,0
DA:34,0
DA:35,0
DA:36,0
DA:39,2
DA:41,33
DA:42,11
DA:43,35
DA:44,2
DA:47,1
LF:20
LH:16
end_of_record
TN:
SF:src/bun/audits.ts
FNF:13
FNH:12
DA:57,0
DA:58,0
DA:59,0
DA:60,0
DA:61,0
DA:62,0
DA:63,0
DA:64,0
DA:65,0
DA:66,0
DA:67,0
DA:68,0
DA:69,0
DA:70,0
DA:71,0
DA:72,0
DA:73,0
DA:74,0
DA:75,0
DA:76,0
DA:77,0
DA:78,0
DA:79,0
DA:80,0
DA:81,0
DA:82,0
DA:83,0
DA:84,0
DA:85,0
DA:86,0
DA:87,0
DA:88,0
DA:89,0
DA:90,0
DA:91,0
DA:92,0
DA:93,0
DA:94,1
DA:107,15
DA:108,46
DA:109,17
DA:111,34
DA:112,16
DA:113,26
DA:114,84
DA:115,61
DA:116,5
DA:117,2
DA:119,11
DA:125,6
DA:126,10
DA:127,23
DA:128,3
DA:129,13
DA:130,9
DA:131,62
DA:132,17
DA:133,14
DA:134,26
DA:135,16
DA:136,22
DA:137,54
DA:138,3
DA:140,29
DA:141,14
DA:142,26
DA:143,15
DA:144,23
DA:145,42
DA:146,1
DA:147,2
DA:148,50
DA:149,12
DA:150,24
DA:151,14
DA:152,21
DA:153,67
DA:154,12
DA:155,50
DA:156,21
DA:157,71
DA:159,3
DA:160,2
DA:165,15
DA:166,19
DA:167,19
DA:168,11
DA:169,23
DA:170,19
DA:171,16
DA:172,17
DA:173,18
DA:174,24
DA:175,44
DA:176,2
DA:178,1
DA:179,2
DA:185,6
DA:186,8
DA:187,9
DA:188,3
DA:189,21
DA:190,14
DA:191,20
DA:192,20
DA:193,32
DA:194,53
DA:195,1
DA:196,2
DA:197,28
DA:198,55
DA:199,16
DA:202,14
DA:203,20
DA:204,16
DA:205,23
DA:206,81
DA:207,1
DA:208,2
DA:209,20
LF:120
LH:83
end_of_record
TN:
SF:src/bun/auto-continue-engine.ts
FNF:22
FNH:20
DA:22,106
DA:69,42
DA:76,1
DA:78,77
DA:79,90
DA:85,50
DA:86,80
DA:87,40
DA:88,44
DA:89,50
DA:94,109
DA:95,110
DA:96,78
DA:97,44
DA:98,42
DA:99,32
DA:100,48
DA:101,26
DA:102,90
DA:103,50
DA:104,14
DA:110,112
DA:111,112
DA:112,84
DA:113,80
DA:114,27
DA:115,48
DA:116,50
DA:117,9
DA:118,44
DA:119,42
DA:120,32
DA:121,50
DA:122,26
DA:123,90
DA:124,50
DA:125,14
DA:128,42
DA:129,89
DA:132,26
DA:133,69
DA:137,24
DA:138,46
DA:139,64
DA:143,24
DA:144,57
DA:147,34
DA:148,58
DA:149,58
DA:153,22
DA:159,10
DA:160,90
DA:161,75
DA:162,38
DA:163,12
DA:164,18
DA:165,48
DA:166,62
DA:167,6
DA:168,20
DA:169,10
DA:170,7
DA:171,9
DA:173,103
DA:174,38
DA:175,12
DA:176,18
DA:177,48
DA:178,44
DA:179,6
DA:180,20
DA:181,10
DA:182,7
DA:183,9
DA:188,88
DA:189,44
DA:190,72
DA:191,86
DA:192,14
DA:194,58
DA:195,62
DA:197,79
DA:198,112
DA:199,39
DA:200,50
DA:201,56
DA:202,31
DA:203,50
DA:204,40
DA:205,134
DA:206,25
DA:208,152
DA:209,112
DA:210,39
DA:211,50
DA:212,56
DA:213,9
DA:214,10
DA:216,77
DA:219,38
DA:220,12
DA:221,18
DA:222,48
DA:223,64
DA:224,28
DA:225,6
DA:226,20
DA:227,28
DA:228,7
DA:229,9
DA:233,118
DA:238,118
DA:239,149
DA:240,38
DA:241,12
DA:242,18
DA:243,48
DA:244,162
DA:245,28
DA:246,6
DA:247,20
DA:248,28
DA:249,7
DA:250,9
DA:254,127
DA:255,74
DA:256,38
DA:257,12
DA:258,18
DA:259,48
DA:260,218
DA:261,28
DA:262,6
DA:263,20
DA:264,28
DA:265,7
DA:266,9
DA:268,85
DA:269,93
DA:270,19
DA:272,55
DA:273,38
DA:274,12
DA:275,18
DA:276,48
DA:277,34
DA:278,34
DA:279,6
DA:280,20
DA:281,28
DA:282,7
DA:283,9
DA:286,22
DA:287,110
DA:288,13
DA:289,19
DA:290,6
DA:291,9
DA:292,24
DA:293,67
DA:294,14
DA:295,3
DA:296,10
DA:297,14
DA:298,15
DA:300,82
DA:301,68
DA:302,38
DA:303,12
DA:304,14
DA:305,40
DA:306,30
DA:307,30
DA:308,6
DA:309,20
DA:310,28
DA:311,10
DA:314,46
DA:315,76
DA:316,29
DA:317,126
DA:318,66
DA:319,9
DA:320,28
DA:323,11
DA:324,12
DA:330,19
DA:331,10
DA:332,136
DA:333,22
DA:334,58
DA:335,48
DA:336,76
DA:337,96
DA:338,28
DA:339,11
DA:340,13
DA:341,24
DA:345,8
DA:346,12
DA:347,18
DA:348,20
DA:349,32
DA:350,10
DA:351,30
DA:352,57
DA:353,33
DA:354,87
DA:355,44
DA:356,42
DA:357,64
DA:358,56
DA:359,56
DA:360,26
DA:361,60
DA:362,36
DA:363,14
DA:364,35
DA:367,35
DA:368,54
DA:369,130
DA:370,83
DA:371,26
DA:372,60
DA:373,16
DA:376,8
DA:378,2
DA:385,62
DA:386,106
DA:387,84
DA:389,84
DA:390,90
DA:391,86
DA:394,92
DA:396,26
DA:401,132
DA:402,78
DA:408,0
DA:409,0
DA:410,0
DA:411,0
DA:412,0
DA:413,0
DA:414,0
DA:415,0
DA:416,0
DA:417,0
DA:418,0
DA:419,0
DA:420,0
DA:421,0
DA:422,0
DA:423,0
DA:424,0
DA:425,0
DA:426,0
DA:427,0
DA:428,0
DA:429,0
DA:430,0
DA:431,0
DA:432,0
DA:433,0
DA:434,0
DA:435,0
DA:436,0
DA:437,0
DA:438,0
DA:439,0
DA:440,0
DA:441,37
DA:447,65
DA:448,38
DA:449,152
DA:450,108
DA:451,22
DA:452,154
DA:453,8
DA:454,103
DA:455,60
DA:456,81
DA:457,106
DA:458,5
DA:459,23
DA:460,89
DA:462,60
DA:463,65
DA:464,5
DA:465,77
DA:466,94
DA:467,111
DA:468,56
DA:469,5
DA:470,5
DA:471,46
DA:477,58
DA:478,54
DA:481,44
DA:482,14
DA:483,66
DA:484,40
DA:485,18
DA:486,20
DA:487,18
DA:488,61
DA:489,22
DA:490,30
DA:492,62
DA:493,128
DA:494,30
DA:495,127
DA:496,57
DA:497,24
DA:498,19
DA:499,17
DA:500,66
DA:501,8
DA:502,50
DA:503,84
DA:504,61
DA:505,10
DA:506,106
DA:507,5
DA:508,23
LF:324
LH:291
end_of_record
TN:
SF:src/bun/auto-continue.ts
FNF:7
FNH:7
DA:68,23
DA:69,11
DA:70,12
DA:71,11
DA:72,12
DA:73,10
DA:74,11
DA:75,22
DA:76,14
DA:77,14
DA:78,9
DA:79,2
DA:81,37
DA:83,6
DA:84,7
DA:85,3
DA:86,39
DA:87,54
DA:88,41
DA:91,40
DA:92,14
DA:93,21
DA:94,67
DA:95,1
DA:96,2
DA:97,29
DA:98,50
DA:99,16
DA:100,23
DA:101,68
DA:102,1
DA:103,2
DA:104,2
DA:107,50
DA:108,31
DA:109,14
DA:110,21
DA:111,66
DA:112,1
DA:113,2
DA:116,26
DA:117,39
DA:118,42
DA:119,16
DA:120,16
DA:121,27
DA:122,69
DA:123,40
DA:124,1
DA:125,4
DA:126,14
DA:127,21
DA:128,64
DA:129,1
DA:130,2
DA:133,12
DA:134,19
DA:135,70
DA:136,1
DA:139,10
DA:140,27
DA:141,34
DA:142,39
DA:143,2
DA:144,12
DA:151,10
DA:152,18
DA:153,9
DA:154,20
DA:155,20
DA:156,4
DA:157,5
DA:158,30
DA:159,31
DA:160,30
DA:161,14
DA:162,47
DA:163,2
DA:164,11
DA:170,11
DA:171,55
DA:172,29
DA:173,57
DA:174,31
DA:175,11
DA:181,10
DA:182,52
DA:183,46
DA:184,39
LF:89
LH:89
end_of_record
TN:
SF:src/bun/browser-history.ts
FNF:18
FNH:17
DA:12,120
DA:13,84
DA:14,98
DA:23,47
DA:31,1
DA:33,45
DA:34,120
DA:35,68
DA:39,42
DA:40,100
DA:41,78
DA:42,86
DA:43,41
DA:44,56
DA:45,80
DA:46,88
DA:47,27
DA:48,62
DA:49,24
DA:50,56
DA:51,44
DA:52,58
DA:53,23
DA:56,80
DA:57,48
DA:58,45
DA:59,8
DA:60,68
DA:61,62
DA:62,9
DA:63,48
DA:70,56
DA:71,68
DA:72,54
DA:73,46
DA:75,99
DA:76,134
DA:77,106
DA:79,88
DA:80,96
DA:81,122
DA:82,70
DA:83,9
DA:85,90
DA:86,105
DA:90,44
DA:91,68
DA:92,90
DA:93,37
DA:96,21
DA:97,50
DA:98,48
DA:102,23
DA:103,114
DA:104,40
DA:109,34
DA:110,22
DA:111,58
DA:113,118
DA:114,43
DA:115,13
DA:117,104
DA:118,45
DA:119,13
DA:120,27
DA:124,25
DA:125,22
DA:126,86
DA:127,90
DA:128,72
DA:129,68
DA:130,82
DA:131,67
DA:132,51
DA:133,124
DA:134,13
DA:135,11
DA:136,19
DA:140,13
DA:141,50
DA:142,40
DA:143,8
DA:144,13
DA:145,55
DA:146,58
DA:147,13
DA:148,62
DA:149,10
DA:150,23
DA:156,46
DA:158,20
DA:159,22
DA:160,82
DA:161,105
DA:162,90
DA:165,134
DA:166,112
DA:167,58
DA:168,19
DA:169,31
DA:170,31
DA:171,14
DA:172,55
DA:173,40
DA:174,8
DA:175,15
DA:180,24
DA:181,22
DA:182,82
DA:183,105
DA:184,90
DA:188,144
DA:189,16
DA:194,28
DA:195,114
DA:196,121
DA:198,2
LF:117
LH:117
end_of_record
TN:
SF:src/bun/browser-surface-manager.ts
FNF:17
FNH:15
DA:36,59
DA:37,42
DA:38,28
DA:40,49
DA:42,57
DA:43,86
DA:44,58
DA:45,18
DA:46,64
DA:47,46
DA:48,28
DA:49,110
DA:50,44
DA:51,28
DA:52,14
DA:53,148
DA:54,25
DA:58,60
DA:59,84
DA:60,52
DA:61,44
DA:62,82
DA:66,42
DA:67,84
DA:68,104
DA:71,39
DA:72,84
DA:73,140
DA:76,30
DA:77,63
DA:80,30
DA:81,75
DA:84,32
DA:85,86
DA:86,58
DA:87,84
DA:88,66
DA:91,28
DA:92,57
DA:96,36
DA:97,63
DA:101,47
DA:102,84
DA:103,52
DA:104,72
DA:106,82
DA:107,68
DA:108,9
DA:112,42
DA:113,84
DA:114,52
DA:115,62
DA:116,72
DA:117,58
DA:118,9
DA:121,34
DA:122,101
DA:125,29
DA:126,91
DA:129,36
DA:130,84
DA:131,92
DA:134,0
DA:135,0
DA:136,44
DA:139,23
DA:140,51
DA:142,1
LF:68
LH:66
end_of_record
TN:
SF:src/bun/cookie-parsers.ts
FNF:8
FNH:8
DA:28,15
DA:29,21
DA:30,9
DA:31,36
DA:32,55
DA:33,27
DA:34,46
DA:35,57
DA:36,22
DA:37,21
DA:38,29
DA:39,42
DA:40,28
DA:41,68
DA:42,27
DA:43,31
DA:44,48
DA:45,27
DA:46,27
DA:47,7
DA:48,3
DA:49,9
DA:52,15
DA:59,15
DA:60,21
DA:61,31
DA:62,30
DA:63,32
DA:64,57
DA:65,38
DA:66,38
DA:67,72
DA:68,38
DA:69,20
DA:70,11
DA:71,35
DA:72,38
DA:73,24
DA:74,41
DA:75,32
DA:76,22
DA:77,19
DA:78,25
DA:79,25
DA:80,5
DA:81,2
DA:82,15
DA:87,18
DA:88,36
DA:89,17
DA:90,19
DA:91,21
DA:92,17
DA:93,30
DA:94,21
DA:95,25
DA:96,42
DA:97,26
DA:98,5
DA:99,36
DA:102,18
DA:103,19
DA:104,34
DA:105,47
DA:106,4
DA:107,4
DA:108,29
DA:109,58
DA:110,44
DA:111,11
DA:112,75
DA:113,4
DA:114,2
DA:115,26
DA:120,12
DA:122,38
DA:123,66
DA:124,14
DA:125,2
DA:126,8
DA:129,7
DA:130,73
DA:133,1
DA:134,3
DA:135,3
DA:136,21
DA:137,32
DA:138,43
DA:139,37
DA:140,39
DA:141,9
LF:91
LH:91
end_of_record
TN:
SF:src/bun/cookie-store.ts
FNF:29
FNH:28
DA:17,142
DA:18,84
DA:19,98
DA:36,51
DA:46,1
DA:48,45
DA:49,114
DA:50,68
DA:54,55
DA:55,75
DA:61,46
DA:62,125
DA:63,51
DA:70,46
DA:71,82
DA:72,58
DA:73,66
DA:74,51
DA:75,84
DA:76,69
DA:77,56
DA:78,13
DA:79,76
DA:80,9
DA:81,37
DA:84,58
DA:85,94
DA:86,84
DA:87,39
DA:88,46
DA:89,74
DA:90,9
DA:91,50
DA:94,63
DA:95,94
DA:96,88
DA:97,50
DA:98,56
DA:99,118
DA:105,31
DA:106,96
DA:107,142
DA:109,82
DA:110,108
DA:111,45
DA:112,9
DA:113,124
DA:114,76
DA:115,50
DA:116,48
DA:120,40
DA:121,36
DA:122,63
DA:123,94
DA:124,116
DA:125,118
DA:126,70
DA:127,24
DA:128,9
DA:129,50
DA:130,48
DA:131,31
DA:138,40
DA:139,68
DA:140,113
DA:141,100
DA:142,41
DA:143,118
DA:144,9
DA:145,9
DA:147,156
DA:148,47
DA:149,120
DA:150,9
DA:152,46
DA:153,75
DA:154,80
DA:155,127
DA:156,52
DA:157,9
DA:158,9
DA:159,35
DA:168,31
DA:169,22
DA:170,58
DA:171,94
DA:174,72
DA:175,125
DA:176,104
DA:177,45
DA:178,126
DA:179,13
DA:180,13
DA:183,50
DA:184,79
DA:185,84
DA:186,74
DA:187,152
DA:188,130
DA:189,112
DA:190,90
DA:191,170
DA:192,52
DA:193,13
DA:194,35
DA:195,13
DA:196,21
DA:201,44
DA:202,68
DA:203,82
DA:204,37
DA:208,58
DA:209,68
DA:210,46
DA:211,99
DA:212,138
DA:213,106
DA:214,52
DA:215,90
DA:216,9
DA:217,35
DA:221,58
DA:222,86
DA:223,76
DA:224,66
DA:225,84
DA:226,54
DA:227,48
DA:228,29
DA:232,43
DA:233,36
DA:234,91
DA:235,163
DA:236,92
DA:237,62
DA:238,28
DA:239,9
DA:240,9
DA:241,86
DA:242,31
DA:246,21
DA:247,50
DA:248,58
DA:249,48
DA:253,25
DA:254,73
DA:258,23
DA:259,114
DA:260,44
DA:263,20
DA:264,55
DA:269,73
DA:270,83
DA:271,45
DA:272,21
DA:273,113
DA:276,29
DA:277,102
DA:278,48
DA:279,41
DA:280,6
DA:281,66
DA:282,42
DA:283,44
DA:284,27
DA:285,12
DA:288,25
DA:289,22
DA:290,86
DA:291,90
DA:292,72
DA:293,68
DA:294,82
DA:295,67
DA:296,85
DA:297,148
DA:298,74
DA:299,82
DA:300,13
DA:301,11
DA:302,19
DA:305,13
DA:306,42
DA:307,40
DA:308,8
DA:309,13
DA:310,55
DA:311,58
DA:312,77
DA:313,23
DA:319,46
DA:321,20
DA:322,22
DA:323,82
DA:324,105
DA:325,90
DA:330,134
DA:331,112
DA:332,26
DA:333,74
DA:334,20
DA:337,58
DA:338,19
DA:339,31
DA:340,31
DA:341,14
DA:342,47
DA:343,40
DA:344,8
DA:345,15
DA:350,24
DA:351,22
DA:352,82
DA:353,105
DA:354,90
DA:355,144
DA:356,16
DA:361,28
DA:362,114
DA:363,121
DA:365,2
LF:221
LH:221
end_of_record
TN:
SF:src/bun/editor-files.ts
FNF:5
FNH:5
DA:1,57
DA:2,104
DA:10,41
DA:13,45
DA:15,20
DA:16,57
DA:17,59
DA:20,9
DA:21,61
DA:22,39
DA:23,21
DA:24,28
DA:25,53
DA:26,18
DA:27,2
DA:28,61
DA:31,10
DA:32,35
DA:33,76
DA:34,109
DA:35,33
DA:36,86
DA:37,59
DA:38,74
DA:39,14
DA:42,14
DA:48,3
DA:49,58
DA:50,60
DA:51,9
DA:52,29
DA:53,19
DA:54,0
DA:55,6
DA:56,129
DA:57,4
DA:58,30
DA:59,17
DA:60,0
DA:61,4
DA:62,23
DA:63,0
DA:64,4
DA:65,35
DA:66,28
DA:67,161
DA:68,4
DA:69,158
DA:70,0
DA:71,1
DA:75,14
DA:80,3
DA:81,46
DA:82,9
DA:83,28
DA:84,32
DA:85,30
DA:86,97
DA:87,160
DA:88,4
DA:89,4
DA:90,50
DA:91,61
DA:92,47
DA:93,26
DA:94,32
DA:95,94
DA:96,0
DA:97,0
LF:69
LH:63
end_of_record
TN:
SF:src/bun/event-writer.ts
FNF:4
FNH:4
DA:3,63
DA:8,1
DA:10,65
DA:12,30
DA:13,76
DA:14,22
DA:15,92
DA:16,146
DA:18,63
DA:19,30
DA:20,30
DA:21,76
DA:22,16
DA:23,16
DA:24,29
DA:25,19
DA:26,15
DA:27,15
DA:28,51
DA:29,8
DA:30,24
DA:34,21
DA:35,45
DA:37,2
LF:24
LH:24
end_of_record
TN:
SF:src/bun/health.ts
FNF:12
FNH:12
DA:57,1
DA:59,45
DA:60,90
DA:67,61
DA:68,76
DA:69,8
DA:70,44
DA:71,60
DA:72,51
DA:73,14
DA:74,17
DA:75,9
DA:76,56
DA:77,18
DA:78,30
DA:79,28
DA:80,50
DA:81,14
DA:82,78
DA:83,36
DA:89,26
DA:90,84
DA:91,56
DA:92,102
DA:93,36
DA:98,24
DA:99,54
DA:100,66
DA:101,68
DA:102,49
DA:103,109
DA:104,12
DA:105,51
DA:113,29
DA:114,58
DA:115,85
DA:118,22
DA:119,66
DA:120,83
DA:121,26
DA:122,33
DA:123,23
DA:126,8
DA:128,1
LF:44
LH:44
end_of_record
TN:
SF:src/bun/logger.ts
FNF:20
FNH:13
DA:38,110
DA:47,34
DA:48,33
DA:50,25
DA:54,20
DA:55,37
DA:59,15
DA:60,51
DA:61,30
DA:62,0
DA:63,0
DA:67,10
DA:68,25
DA:71,54
DA:73,24
DA:74,68
DA:75,14
DA:76,9
DA:77,29
DA:78,0
DA:79,2
DA:81,32
DA:82,39
DA:83,24
DA:86,55
DA:87,50
DA:88,44
DA:89,11
DA:90,32
DA:91,2
DA:94,2
DA:105,20
DA:106,39
DA:108,9
DA:109,38
DA:110,0
DA:112,0
DA:113,2
DA:116,36
DA:118,29
DA:119,54
DA:120,9
DA:121,9
DA:125,35
DA:129,11
DA:130,31
DA:131,2
DA:134,0
DA:135,0
DA:136,1
DA:139,8
DA:140,28
DA:141,36
DA:142,0
DA:143,0
DA:144,0
DA:147,0
DA:148,0
DA:149,0
DA:150,0
DA:151,0
DA:152,0
DA:153,0
DA:156,0
DA:161,1
DA:165,13
DA:166,20
DA:167,18
DA:168,11
DA:169,12
DA:170,59
DA:171,23
DA:172,4
DA:182,63
DA:183,63
DA:185,0
DA:186,0
DA:187,0
DA:188,0
DA:189,0
DA:190,0
DA:191,0
DA:192,0
DA:193,0
DA:194,0
DA:195,3
DA:197,0
DA:198,0
DA:199,0
DA:200,0
DA:201,0
DA:202,0
DA:203,0
DA:204,0
DA:205,0
DA:206,0
DA:207,3
DA:210,39
DA:211,39
DA:219,25
DA:220,35
DA:221,39
DA:222,37
DA:223,37
DA:224,36
DA:225,3
DA:226,12
DA:227,7
DA:228,5
DA:229,17
DA:230,41
DA:231,0
DA:232,0
DA:233,0
DA:234,0
DA:236,2
DA:237,16
DA:240,31
DA:241,34
DA:242,30
DA:244,33
DA:245,34
DA:246,32
DA:248,0
DA:249,0
DA:250,3
DA:252,0
DA:253,0
DA:254,3
DA:256,0
DA:257,0
DA:258,3
DA:264,139
DA:265,9
DA:266,45
DA:267,2
DA:271,11
DA:272,10
DA:273,21
DA:275,10
DA:276,40
DA:277,40
DA:278,36
DA:279,40
DA:280,38
DA:281,38
DA:282,40
DA:283,21
DA:284,15
DA:285,22
DA:286,8
DA:289,14
DA:290,6
DA:292,1
LF:154
LH:106
end_of_record
TN:
SF:src/bun/manifest-scanner.ts
FNF:4
FNH:4
DA:18,122
DA:19,84
DA:41,51
DA:46,1
DA:48,77
DA:49,72
DA:50,84
DA:56,34
DA:57,116
DA:58,40
DA:59,93
DA:60,108
DA:61,112
DA:62,124
DA:63,68
DA:64,77
DA:65,34
DA:66,5
DA:67,18
DA:74,41
DA:75,54
DA:76,61
DA:77,82
DA:78,50
DA:80,105
DA:81,80
DA:82,48
DA:83,44
DA:84,41
DA:85,34
DA:86,74
DA:87,60
DA:88,153
DA:89,62
DA:90,43
DA:91,110
DA:92,117
DA:94,19
DA:95,39
DA:97,17
DA:98,94
DA:99,66
DA:100,13
DA:102,64
DA:103,9
DA:104,93
DA:105,147
DA:106,54
DA:107,9
DA:108,9
DA:109,33
DA:112,21
DA:113,45
DA:115,2
LF:54
LH:54
end_of_record
TN:
SF:src/bun/menu-events.ts
FNF:1
FNH:1
DA:12,6
DA:13,7
DA:14,3
DA:15,56
DA:17,23
DA:18,43
DA:19,14
DA:20,35
DA:21,21
DA:22,1
DA:23,2
DA:25,24
DA:28,4
DA:29,16
DA:30,36
DA:31,40
DA:32,5
DA:33,14
DA:34,41
DA:35,27
DA:36,1
DA:37,2
DA:39,11
LF:23
LH:23
end_of_record
TN:
SF:src/bun/native-menus.ts
FNF:4
FNH:4
DA:3,69
DA:5,37
DA:6,75
DA:7,34
DA:8,58
DA:10,30
DA:11,32
DA:12,36
DA:13,34
DA:14,29
DA:15,38
DA:16,31
DA:17,36
DA:18,39
DA:19,54
DA:20,34
DA:21,34
DA:22,47
DA:23,54
DA:24,39
DA:25,41
DA:26,31
DA:27,50
DA:28,42
DA:29,37
DA:30,48
DA:31,43
DA:32,37
DA:33,39
DA:34,43
DA:35,41
DA:36,24
DA:37,39
DA:38,35
DA:39,2
DA:41,11
DA:42,12
DA:43,7
DA:44,22
DA:45,18
DA:46,26
DA:47,28
DA:48,11
DA:49,34
DA:50,44
DA:51,34
DA:52,10
DA:53,28
DA:54,11
DA:55,48
DA:56,41
DA:57,10
DA:58,11
DA:59,45
DA:60,42
DA:61,10
DA:62,28
DA:63,11
DA:64,44
DA:65,43
DA:66,10
DA:67,11
DA:68,34
DA:69,46
DA:70,10
DA:71,11
DA:72,44
DA:73,47
DA:74,10
DA:75,28
DA:76,25
DA:77,31
DA:78,28
DA:79,28
DA:80,22
DA:81,5
DA:82,6
DA:83,7
DA:84,20
DA:85,18
DA:86,11
DA:87,33
DA:88,44
DA:89,34
DA:90,10
DA:91,28
DA:92,11
DA:93,31
DA:94,42
DA:95,34
DA:96,10
DA:97,11
DA:98,30
DA:99,41
DA:100,40
DA:101,10
DA:102,28
DA:103,11
DA:104,39
DA:105,49
DA:106,40
DA:107,10
DA:108,11
DA:109,38
DA:110,45
DA:111,10
DA:112,28
DA:113,11
DA:114,39
DA:115,37
DA:116,10
DA:117,11
DA:118,37
DA:119,44
DA:120,10
DA:121,11
DA:122,36
DA:123,43
DA:124,10
DA:125,28
DA:126,11
DA:127,39
DA:128,47
DA:129,40
DA:130,10
DA:131,11
DA:132,34
DA:133,42
DA:134,38
DA:135,10
DA:136,28
DA:137,11
DA:138,30
DA:139,41
DA:140,34
DA:141,7
DA:142,5
DA:143,6
DA:144,7
DA:145,20
DA:146,18
DA:147,25
DA:148,25
DA:149,28
DA:150,11
DA:151,24
DA:152,45
DA:153,34
DA:154,10
DA:155,11
DA:156,25
DA:157,46
DA:158,34
DA:159,10
DA:160,11
DA:161,30
DA:162,41
DA:163,34
DA:164,7
DA:165,5
DA:166,6
DA:167,7
DA:168,20
DA:169,18
DA:170,11
DA:171,34
DA:172,45
DA:173,34
DA:174,10
DA:175,11
DA:176,38
DA:177,52
DA:178,40
DA:179,10
DA:180,11
DA:181,38
DA:182,52
DA:183,38
DA:184,10
DA:185,28
DA:186,11
DA:187,38
DA:188,42
DA:189,10
DA:190,11
DA:191,34
DA:192,42
DA:193,10
DA:194,28
DA:195,11
DA:196,37
DA:197,44
DA:198,10
DA:199,34
DA:200,5
DA:201,6
DA:202,7
DA:203,22
DA:204,18
DA:205,29
DA:206,25
DA:207,28
DA:208,33
DA:209,5
DA:210,6
DA:211,7
DA:212,20
DA:213,18
DA:214,11
DA:215,44
DA:216,43
DA:217,10
DA:218,11
DA:219,34
DA:220,46
DA:221,10
DA:222,11
DA:223,44
DA:224,47
DA:225,7
DA:226,5
DA:227,3
DA:228,2
DA:231,6
DA:232,9
DA:233,3
DA:234,38
DA:235,14
DA:236,9
DA:237,37
DA:238,45
DA:239,17
DA:240,43
DA:241,26
DA:242,7
DA:243,8
DA:244,9
DA:245,23
DA:246,60
DA:247,30
DA:248,49
DA:249,50
DA:250,19
DA:251,45
DA:252,29
DA:253,9
DA:254,8
DA:255,8
DA:256,26
DA:257,9
DA:258,32
DA:259,40
DA:260,8
DA:261,9
DA:262,36
DA:263,40
DA:264,8
DA:265,26
DA:266,9
DA:267,33
DA:268,44
DA:269,17
DA:270,40
DA:271,7
DA:272,5
DA:273,1
DA:274,2
DA:276,12
DA:277,7
DA:278,30
DA:279,38
DA:280,15
DA:281,37
DA:282,26
DA:283,5
DA:284,6
DA:285,24
DA:286,7
DA:287,27
DA:288,38
DA:289,15
DA:290,34
DA:291,5
DA:292,6
DA:293,7
DA:294,26
DA:295,37
DA:296,15
DA:297,34
DA:298,5
DA:299,6
DA:300,24
DA:301,7
DA:302,20
DA:303,38
DA:304,6
DA:305,7
DA:306,21
DA:307,39
DA:308,6
DA:309,24
DA:310,7
DA:311,26
DA:312,37
DA:313,15
DA:314,34
DA:315,5
DA:316,3
DA:317,2
DA:320,24
DA:321,64
LF:311
LH:311
end_of_record
TN:
SF:src/bun/native-stdout-coalescer.ts
FNF:8
FNH:8
DA:1,92
DA:2,115
DA:15,1
DA:17,13
DA:18,54
DA:19,80
DA:20,104
DA:21,10
DA:23,50
DA:24,98
DA:25,124
DA:26,80
DA:27,93
DA:28,70
DA:29,17
DA:30,9
DA:31,40
DA:34,46
DA:35,90
DA:36,46
DA:37,70
DA:38,62
DA:39,93
DA:42,24
DA:43,44
DA:44,96
DA:45,50
DA:46,95
DA:47,94
DA:48,9
DA:51,23
DA:52,40
DA:55,24
DA:56,62
DA:57,73
DA:58,48
DA:59,45
DA:60,38
DA:61,50
DA:64,26
DA:65,64
DA:66,58
DA:67,43
DA:69,2
LF:44
LH:44
end_of_record
TN:
SF:src/bun/parse-cargo-toml.ts
FNF:1
FNH:1
DA:12,36
DA:15,21
DA:16,10
DA:17,9
DA:18,30
DA:19,11
DA:20,13
DA:22,63
DA:23,18
DA:25,29
DA:26,15
DA:27,55
DA:28,5
DA:29,6
DA:31,37
DA:32,21
DA:33,76
DA:34,46
DA:38,44
DA:40,18
DA:41,9
DA:42,29
DA:43,17
DA:44,17
DA:45,13
DA:46,4
DA:48,16
DA:49,74
DA:50,83
DA:51,38
DA:52,63
DA:53,76
DA:54,53
DA:55,45
DA:56,2
DA:57,2
DA:61,28
DA:62,31
DA:63,30
DA:64,53
DA:65,29
DA:66,64
DA:67,2
DA:68,2
DA:74,70
DA:75,32
DA:76,2
DA:80,31
DA:81,66
DA:82,36
DA:83,2
DA:85,11
LF:52
LH:52
end_of_record
TN:
SF:src/bun/pi-agent-manager.ts
FNF:50
FNH:10
DA:38,53
DA:39,0
DA:40,0
DA:41,0
DA:42,0
DA:43,0
DA:44,0
DA:45,0
DA:46,0
DA:47,0
DA:48,0
DA:49,0
DA:50,0
DA:51,0
DA:52,0
DA:53,0
DA:54,0
DA:55,0
DA:56,0
DA:57,0
DA:58,0
DA:59,0
DA:60,0
DA:61,0
DA:62,0
DA:63,0
DA:64,0
DA:65,0
DA:66,0
DA:67,0
DA:68,0
DA:69,0
DA:70,0
DA:71,0
DA:72,0
DA:73,0
DA:74,0
DA:75,0
DA:76,0
DA:77,0
DA:78,0
DA:79,0
DA:80,0
DA:81,0
DA:82,0
DA:83,0
DA:84,0
DA:85,0
DA:86,0
DA:87,0
DA:88,0
DA:89,0
DA:90,0
DA:91,0
DA:92,0
DA:93,0
DA:94,0
DA:95,0
DA:96,0
DA:97,0
DA:98,0
DA:99,14
DA:102,47
DA:103,10
DA:104,28
DA:105,28
DA:106,30
DA:107,44
DA:108,30
DA:109,56
DA:117,34
DA:120,34
DA:125,32
DA:130,43
DA:132,13
DA:133,8
DA:134,84
DA:135,10
DA:136,34
DA:137,103
DA:138,65
DA:139,0
DA:140,0
DA:141,0
DA:142,0
DA:143,0
DA:144,0
DA:145,0
DA:146,0
DA:147,0
DA:148,0
DA:149,0
DA:150,0
DA:151,0
DA:152,0
DA:153,0
DA:154,0
DA:155,0
DA:156,0
DA:157,0
DA:158,0
DA:159,0
DA:160,0
DA:161,0
DA:162,0
DA:163,0
DA:164,0
DA:165,0
DA:166,0
DA:167,0
DA:168,0
DA:169,0
DA:170,0
DA:171,0
DA:172,0
DA:173,0
DA:174,0
DA:175,0
DA:176,0
DA:177,0
DA:178,0
DA:179,0
DA:180,0
DA:181,0
DA:182,0
DA:183,0
DA:184,0
DA:185,0
DA:186,0
DA:187,0
DA:188,0
DA:189,0
DA:190,0
DA:191,0
DA:192,0
DA:193,0
DA:194,0
DA:195,0
DA:196,0
DA:197,0
DA:198,0
DA:199,0
DA:200,0
DA:201,0
DA:202,0
DA:203,0
DA:204,0
DA:205,0
DA:206,0
DA:207,0
DA:208,0
DA:209,0
DA:210,0
DA:211,0
DA:212,0
DA:213,0
DA:214,0
DA:215,0
DA:216,0
DA:217,0
DA:218,0
DA:219,0
DA:220,0
DA:221,0
DA:222,0
DA:223,0
DA:224,0
DA:225,0
DA:226,0
DA:227,0
DA:228,0
DA:229,0
DA:230,0
DA:231,0
DA:232,0
DA:233,0
DA:234,0
DA:235,0
DA:236,0
DA:237,0
DA:238,0
DA:239,0
DA:240,0
DA:241,0
DA:242,0
DA:243,0
DA:244,0
DA:245,0
DA:246,0
DA:247,0
DA:248,0
DA:249,0
DA:250,0
DA:251,0
DA:252,0
DA:253,0
DA:254,0
DA:255,0
DA:256,0
DA:257,0
DA:258,0
DA:259,0
DA:260,0
DA:261,0
DA:262,0
DA:263,0
DA:264,0
DA:265,0
DA:266,0
DA:267,0
DA:268,0
DA:269,0
DA:270,0
DA:271,0
DA:272,0
DA:273,0
DA:274,0
DA:275,14
DA:280,0
DA:281,0
DA:282,0
DA:283,0
DA:284,0
DA:285,0
DA:286,0
DA:287,0
DA:288,0
DA:289,0
DA:290,0
DA:291,0
DA:292,0
DA:293,0
DA:294,7
DA:297,0
DA:298,0
DA:299,0
DA:300,0
DA:301,0
DA:302,0
DA:303,0
DA:304,0
DA:305,0
DA:306,0
DA:307,0
DA:308,0
DA:309,0
DA:310,0
DA:311,0
DA:312,0
DA:313,0
DA:314,0
DA:315,0
DA:316,0
DA:317,0
DA:318,0
DA:319,0
DA:320,0
DA:321,0
DA:322,0
DA:323,0
DA:324,0
DA:325,0
DA:326,0
DA:327,0
DA:328,0
DA:329,0
DA:330,0
DA:331,0
DA:332,0
DA:333,0
DA:334,0
DA:335,0
DA:336,0
DA:337,0
DA:338,0
DA:339,0
DA:340,0
DA:341,0
DA:342,0
DA:343,0
DA:344,0
DA:345,0
DA:346,0
DA:347,0
DA:348,8
DA:352,0
DA:353,0
DA:354,0
DA:355,0
DA:356,0
DA:357,0
DA:358,0
DA:359,0
DA:360,0
DA:361,0
DA:362,0
DA:363,0
DA:364,0
DA:365,0
DA:366,0
DA:367,0
DA:368,0
DA:369,0
DA:370,0
DA:371,0
DA:372,0
DA:373,0
DA:374,0
DA:375,0
DA:376,0
DA:377,0
DA:378,0
DA:379,0
DA:380,0
DA:381,0
DA:382,0
DA:383,0
DA:384,0
DA:385,0
DA:386,0
DA:387,0
DA:388,0
DA:389,0
DA:390,0
DA:391,0
DA:392,0
DA:393,0
DA:394,0
DA:395,0
DA:396,0
DA:397,0
DA:398,0
DA:399,0
DA:400,0
DA:401,0
DA:402,0
DA:403,0
DA:404,0
DA:405,0
DA:406,0
DA:407,0
DA:408,0
DA:409,47
DA:413,0
DA:414,0
DA:415,0
DA:416,0
DA:417,0
DA:418,9
DA:422,0
DA:423,50
DA:427,0
DA:428,0
DA:429,0
DA:430,0
DA:431,0
DA:432,0
DA:433,0
DA:434,0
DA:435,0
DA:436,0
DA:437,0
DA:438,0
DA:439,0
DA:440,8
DA:444,0
DA:445,0
DA:446,0
DA:447,0
DA:448,0
DA:449,0
DA:450,0
DA:451,0
DA:452,0
DA:453,0
DA:454,0
DA:455,0
DA:456,0
DA:457,0
DA:458,0
DA:459,0
DA:460,0
DA:461,0
DA:462,0
DA:463,0
DA:464,0
DA:465,0
DA:466,0
DA:467,0
DA:468,0
DA:469,0
DA:470,0
DA:471,0
DA:472,0
DA:473,0
DA:474,0
DA:475,0
DA:476,0
DA:477,0
DA:478,0
DA:479,0
DA:480,0
DA:481,0
DA:482,0
DA:483,0
DA:484,0
DA:485,0
DA:486,0
DA:487,0
DA:488,0
DA:489,0
DA:490,59
DA:494,0
DA:495,0
DA:496,0
DA:497,0
DA:498,0
DA:499,0
DA:500,0
DA:501,0
DA:502,0
DA:503,0
DA:504,0
DA:505,0
DA:506,0
DA:507,0
DA:508,0
DA:509,0
DA:510,0
DA:511,0
DA:512,0
DA:513,0
DA:514,0
DA:515,0
DA:516,0
DA:517,0
DA:518,9
DA:522,20
DA:523,54
DA:524,42
DA:529,107
DA:530,66
DA:531,96
DA:532,9
DA:533,66
DA:534,22
DA:535,46
DA:536,0
DA:537,0
DA:538,0
DA:539,0
DA:540,0
DA:541,0
DA:542,23
DA:544,2
DA:549,60
DA:550,44
DA:551,28
DA:554,34
DA:555,31
DA:557,39
DA:558,82
DA:559,106
DA:561,0
DA:562,41
DA:570,81
DA:571,67
DA:574,74
DA:575,37
DA:578,28
DA:579,65
DA:582,0
DA:583,42
DA:586,31
DA:587,80
DA:588,33
DA:589,36
DA:590,60
DA:591,9
DA:595,23
DA:596,91
DA:597,32
DA:598,9
DA:599,58
DA:602,26
DA:603,59
DA:607,34
DA:608,64
DA:610,2
LF:489
LH:74
end_of_record
TN:
SF:src/bun/plan-status-bridge.ts
FNF:3
FNH:3
DA:47,6
DA:48,6
DA:49,3
DA:50,11
DA:51,17
DA:52,30
DA:53,76
DA:54,12
DA:55,6
DA:56,46
DA:57,42
DA:58,50
DA:59,36
DA:60,35
DA:61,31
DA:62,21
DA:63,54
DA:64,13
DA:66,2
DA:71,14
DA:75,10
DA:76,28
DA:77,12
DA:78,39
DA:79,31
DA:80,49
DA:81,11
DA:82,31
DA:83,13
DA:84,13
DA:86,11
DA:87,14
DA:89,60
DA:90,17
DA:91,28
DA:92,47
DA:93,19
DA:94,23
DA:95,66
DA:96,64
DA:97,32
DA:98,14
DA:99,23
DA:100,25
DA:101,22
DA:102,24
DA:103,10
DA:104,13
DA:105,33
DA:106,2
DA:107,10
LF:51
LH:51
end_of_record
TN:
SF:src/bun/plan-store.ts
FNF:16
FNH:16
DA:38,27
DA:39,133
DA:45,1
DA:47,45
DA:48,90
DA:55,39
DA:56,40
DA:57,70
DA:58,54
DA:59,70
DA:60,50
DA:61,12
DA:62,74
DA:63,36
DA:64,29
DA:71,8
DA:72,10
DA:73,16
DA:74,14
DA:75,10
DA:76,88
DA:77,62
DA:78,120
DA:79,72
DA:80,66
DA:81,40
DA:82,36
DA:83,143
DA:84,72
DA:85,12
DA:86,54
DA:87,22
DA:88,80
DA:89,50
DA:90,12
DA:91,82
DA:92,36
DA:93,37
DA:98,30
DA:99,88
DA:100,62
DA:101,46
DA:102,22
DA:103,122
DA:104,50
DA:105,12
DA:106,74
DA:107,36
DA:108,29
DA:114,27
DA:115,92
DA:116,62
DA:117,27
DA:121,25
DA:122,89
DA:127,20
DA:128,69
DA:135,29
DA:136,58
DA:137,85
DA:140,22
DA:141,66
DA:142,83
DA:143,26
DA:144,41
DA:145,23
DA:148,8
DA:150,1
DA:152,44
DA:153,46
DA:154,59
DA:155,160
DA:156,127
DA:157,48
DA:158,34
DA:159,131
DA:160,18
DA:161,10
DA:162,5
DA:163,53
DA:166,33
DA:167,145
LF:82
LH:82
end_of_record
TN:
SF:src/bun/pty-manager.ts
FNF:23
FNH:21
DA:2,72
DA:35,54
DA:36,126
DA:37,128
DA:38,124
DA:39,3
DA:41,37
DA:42,28
DA:43,36
DA:44,28
DA:45,36
DA:46,42
DA:47,38
DA:48,40
DA:49,34
DA:50,34
DA:51,30
DA:52,8
DA:53,34
DA:56,26
DA:57,26
DA:60,38
DA:65,48
DA:66,52
DA:69,122
DA:72,36
DA:73,35
DA:75,19
DA:76,43
DA:79,22
DA:80,49
DA:83,24
DA:84,53
DA:88,27
DA:89,73
DA:93,24
DA:94,49
DA:97,29
DA:98,50
DA:99,56
DA:100,52
DA:101,62
DA:102,60
DA:103,42
DA:104,33
DA:105,9
DA:106,54
DA:107,54
DA:108,140
DA:111,150
DA:114,118
DA:115,34
DA:120,76
DA:121,77
DA:122,134
DA:123,9
DA:126,122
DA:128,132
DA:132,65
DA:133,44
DA:134,93
DA:136,44
DA:137,42
DA:138,30
DA:139,162
DA:140,58
DA:141,58
DA:142,98
DA:143,84
DA:145,76
DA:147,58
DA:148,58
DA:149,60
DA:151,106
DA:152,148
DA:153,12
DA:155,126
DA:156,100
DA:157,20
DA:158,38
DA:159,48
DA:160,48
DA:161,73
DA:162,65
DA:163,74
DA:164,83
DA:165,100
DA:166,82
DA:167,25
DA:172,77
DA:173,42
DA:174,110
DA:175,36
DA:178,78
DA:179,25
DA:180,111
DA:181,74
DA:182,25
DA:183,64
DA:184,21
DA:185,144
DA:186,109
DA:188,16
DA:189,38
DA:190,14
DA:192,60
DA:195,68
DA:196,48
DA:197,35
DA:198,77
DA:199,34
DA:200,117
DA:201,67
DA:202,106
DA:203,13
DA:204,13
DA:207,58
DA:208,84
DA:209,84
DA:210,84
DA:211,12
DA:212,9
DA:214,42
DA:220,0
DA:221,0
DA:222,0
DA:223,0
DA:224,0
DA:225,0
DA:226,0
DA:227,10
DA:228,20
DA:230,47
DA:234,36
DA:235,129
DA:238,29
DA:239,51
DA:240,60
DA:241,27
DA:246,73
DA:250,42
DA:251,44
DA:252,44
DA:253,44
DA:254,37
DA:255,27
DA:257,73
DA:261,20
DA:262,45
DA:265,20
DA:266,41
DA:269,32
DA:270,94
DA:271,110
DA:272,54
DA:275,23
DA:276,54
DA:277,67
DA:278,84
DA:279,66
DA:280,9
DA:281,77
DA:287,58
DA:288,26
DA:289,40
DA:290,20
DA:293,85
DA:294,30
DA:295,44
DA:296,25
DA:299,22
DA:300,46
DA:301,9
DA:302,42
DA:303,50
DA:304,42
DA:307,25
DA:308,79
DA:312,80
DA:317,104
DA:318,82
DA:320,52
DA:321,56
DA:322,49
DA:323,11
DA:325,2
DA:327,46
DA:328,42
DA:329,28
DA:330,28
DA:331,30
DA:332,32
DA:333,30
DA:334,32
DA:335,26
DA:336,8
DA:337,59
LF:197
LH:190
end_of_record
TN:
SF:src/bun/rpc-handler.ts
FNF:3
FNH:3
DA:10,71
DA:11,53
DA:12,51
DA:13,68
DA:18,58
DA:20,55
DA:21,61
DA:22,57
DA:23,57
DA:24,51
DA:25,53
DA:26,55
DA:27,61
DA:28,93
DA:33,53
DA:34,66
DA:35,72
DA:36,64
DA:37,59
DA:38,55
DA:109,6
DA:110,10
DA:111,10
DA:112,10
DA:113,16
DA:117,16
DA:118,17
DA:119,16
DA:120,21
DA:121,13
DA:122,14
DA:126,3
DA:127,18
DA:128,13
DA:129,13
DA:130,13
DA:131,19
DA:132,19
DA:133,20
DA:134,19
DA:135,24
DA:136,16
DA:137,25
DA:138,32
DA:139,42
DA:140,6
DA:141,41
DA:142,43
DA:143,31
DA:144,51
DA:145,59
DA:146,35
DA:147,60
DA:148,37
DA:149,27
DA:150,50
DA:151,4
DA:156,21
DA:157,50
DA:159,14
DA:160,9
DA:161,38
DA:162,25
DA:163,23
DA:164,23
DA:165,20
DA:166,21
DA:167,22
DA:168,75
DA:169,28
DA:170,21
DA:171,27
DA:172,30
DA:173,26
DA:174,24
DA:175,22
DA:176,21
DA:177,53
DA:178,60
DA:179,22
DA:180,2
DA:181,2
DA:182,3
DA:184,31
DA:189,42
DA:190,58
DA:196,42
DA:197,13
DA:198,57
DA:199,58
DA:200,4
DA:203,4
DA:205,36
DA:206,66
DA:207,22
LF:95
LH:95
end_of_record
TN:
SF:src/bun/rpc-handlers/agent.ts
FNF:6
FNH:1
DA:3,15
DA:4,44
DA:6,12
DA:7,0
DA:8,0
DA:9,5
DA:12,0
DA:13,0
DA:14,0
DA:15,0
DA:16,0
DA:17,5
DA:23,0
DA:24,0
DA:25,0
DA:26,0
DA:27,0
DA:28,5
DA:32,19
DA:39,0
DA:40,0
DA:41,0
DA:42,0
DA:43,0
DA:44,0
DA:45,0
DA:46,0
DA:47,0
DA:48,0
DA:49,2
DA:51,1
LF:31
LH:9
end_of_record
TN:
SF:src/bun/rpc-handlers/ask-user.ts
FNF:10
FNH:10
DA:12,6
DA:13,7
DA:14,7
DA:15,3
DA:16,12
DA:20,36
DA:21,61
DA:22,45
DA:23,51
DA:24,50
DA:25,58
DA:26,57
DA:27,60
DA:28,67
DA:29,47
DA:30,43
DA:31,19
DA:32,13
DA:33,14
DA:34,13
DA:35,17
DA:36,16
DA:37,26
DA:38,19
DA:39,12
DA:40,9
DA:41,20
DA:45,39
DA:46,59
DA:47,22
DA:48,36
DA:49,26
DA:50,29
DA:56,38
DA:57,53
DA:58,51
DA:59,47
DA:60,24
DA:65,38
DA:66,53
DA:67,54
DA:68,48
DA:69,21
DA:71,1
DA:74,17
DA:75,24
DA:76,49
DA:77,70
DA:78,2
DA:79,8
DA:82,1
DA:83,8
DA:84,5
DA:85,3
DA:86,24
DA:87,58
DA:90,9
DA:91,70
DA:92,6
DA:93,0
DA:94,0
DA:97,9
DA:98,4
DA:99,19
DA:100,20
DA:101,18
DA:102,26
DA:103,5
DA:104,10
DA:105,2
DA:106,16
DA:107,90
DA:108,1
DA:111,1
DA:112,5
DA:113,6
DA:114,3
DA:115,33
DA:116,29
DA:117,71
DA:118,2
DA:119,17
DA:120,25
DA:121,49
DA:122,16
DA:123,23
DA:124,63
DA:125,60
DA:126,26
DA:127,2
DA:128,26
DA:129,75
DA:130,2
DA:131,10
LF:94
LH:92
end_of_record
TN:
SF:src/bun/rpc-handlers/audit.ts
FNF:2
FNH:0
DA:1,48
DA:20,0
DA:21,0
DA:22,0
DA:23,0
DA:24,0
DA:25,0
DA:26,0
DA:27,0
DA:28,0
DA:29,0
DA:30,0
DA:31,0
DA:32,0
DA:33,0
DA:34,0
DA:35,0
DA:36,0
DA:37,0
DA:38,0
DA:39,0
DA:40,0
DA:41,0
DA:42,0
DA:43,0
DA:44,0
DA:45,0
DA:46,0
DA:47,0
DA:48,0
DA:49,0
DA:50,0
DA:51,0
DA:52,0
DA:53,0
DA:54,0
DA:55,0
DA:56,0
DA:63,0
DA:64,0
DA:65,0
DA:66,0
DA:67,0
DA:68,0
DA:69,0
DA:70,0
DA:71,0
DA:72,0
DA:73,0
DA:74,0
DA:75,0
DA:76,0
DA:77,0
LF:53
LH:1
end_of_record
TN:
SF:src/bun/rpc-handlers/auto-continue.ts
FNF:10
FNH:10
DA:27,6
DA:28,7
DA:29,4
DA:30,3
DA:31,12
DA:34,35
DA:35,54
DA:36,16
DA:37,25
DA:38,25
DA:39,33
DA:40,41
DA:41,39
DA:42,31
DA:43,41
DA:44,36
DA:45,6
DA:51,40
DA:52,57
DA:53,41
DA:54,41
DA:55,29
DA:61,38
DA:62,60
DA:63,35
DA:64,50
DA:65,35
DA:66,4
DA:67,15
DA:68,21
DA:69,17
DA:70,15
DA:71,11
DA:72,25
DA:73,17
DA:74,16
DA:75,77
DA:76,7
DA:78,6
DA:79,51
DA:80,38
DA:81,6
DA:82,54
DA:83,46
DA:84,6
DA:85,58
DA:86,54
DA:87,6
DA:88,67
DA:89,0
DA:90,6
DA:91,4
DA:92,48
DA:93,25
DA:94,0
DA:95,0
DA:96,6
DA:97,73
DA:98,50
DA:105,38
DA:106,60
DA:107,13
DA:108,49
DA:109,27
DA:110,6
DA:111,61
DA:112,24
DA:115,40
DA:116,60
DA:117,15
DA:118,69
DA:119,2
DA:120,15
DA:121,41
DA:122,46
DA:125,41
DA:126,60
DA:127,15
DA:128,69
DA:129,2
DA:130,15
DA:131,42
DA:132,43
DA:134,1
DA:137,17
DA:138,24
DA:139,49
DA:140,71
DA:141,2
DA:142,8
DA:145,1
DA:146,5
DA:147,5
DA:148,5
DA:149,10
DA:150,3
DA:151,58
DA:152,28
DA:153,17
DA:154,17
DA:155,8
LF:101
LH:98
end_of_record
TN:
SF:src/bun/rpc-handlers/browser-cookies.ts
FNF:9
FNH:1
DA:2,110
DA:9,6
DA:10,6
DA:11,3
DA:12,62
DA:14,12
DA:15,0
DA:16,0
DA:17,0
DA:18,5
DA:21,0
DA:22,0
DA:23,0
DA:24,5
DA:27,0
DA:28,0
DA:29,0
DA:30,0
DA:31,0
DA:32,0
DA:33,0
DA:34,0
DA:35,0
DA:36,0
DA:37,0
DA:38,0
DA:39,0
DA:40,0
DA:41,0
DA:42,0
DA:43,0
DA:44,0
DA:45,0
DA:46,5
DA:49,0
DA:50,0
DA:51,0
DA:52,0
DA:53,0
DA:54,5
DA:57,0
DA:58,0
DA:59,0
DA:60,0
DA:61,0
DA:62,0
DA:63,0
DA:64,5
DA:67,0
DA:68,0
DA:69,0
DA:70,0
DA:71,0
DA:72,0
DA:73,0
DA:74,0
DA:75,0
DA:76,5
DA:79,0
DA:80,0
DA:81,0
DA:82,0
DA:83,5
DA:86,0
DA:87,0
DA:88,0
DA:89,0
DA:90,0
DA:91,0
DA:92,0
DA:93,0
DA:94,0
DA:95,0
DA:96,0
DA:97,0
DA:98,0
DA:99,0
DA:100,0
DA:101,0
DA:102,0
DA:103,0
DA:104,0
DA:105,0
DA:106,0
DA:107,0
DA:108,0
DA:109,0
DA:110,0
DA:111,0
DA:112,0
DA:113,0
DA:114,0
DA:115,0
DA:116,0
DA:117,0
DA:118,0
DA:119,0
DA:120,0
DA:121,0
DA:122,0
DA:123,0
DA:124,0
DA:125,0
DA:126,0
DA:127,0
DA:128,0
DA:129,0
DA:130,0
DA:131,2
DA:133,1
LF:110
LH:15
end_of_record
TN:
SF:src/bun/rpc-handlers/browser-dom.ts
FNF:19
FNH:8
DA:2,43
DA:8,15
DA:9,49
DA:11,12
DA:12,35
DA:13,11
DA:14,48
DA:15,42
DA:16,34
DA:17,36
DA:18,22
DA:19,76
DA:20,9
DA:21,36
DA:22,0
DA:23,0
DA:24,0
DA:25,0
DA:26,6
DA:27,16
DA:30,0
DA:31,0
DA:32,0
DA:33,0
DA:34,0
DA:35,0
DA:36,0
DA:37,0
DA:38,0
DA:39,5
DA:42,0
DA:43,0
DA:44,0
DA:45,0
DA:46,0
DA:47,0
DA:48,0
DA:49,0
DA:50,0
DA:51,5
DA:54,0
DA:55,0
DA:56,0
DA:57,0
DA:58,0
DA:59,0
DA:60,0
DA:61,0
DA:62,0
DA:63,5
DA:66,0
DA:67,0
DA:68,0
DA:69,0
DA:70,0
DA:71,0
DA:72,0
DA:73,0
DA:74,0
DA:75,5
DA:78,0
DA:79,0
DA:80,0
DA:81,0
DA:82,0
DA:83,0
DA:84,0
DA:85,0
DA:86,0
DA:87,5
DA:90,0
DA:91,0
DA:92,0
DA:93,0
DA:94,0
DA:95,0
DA:96,0
DA:97,0
DA:98,0
DA:99,5
DA:102,34
DA:103,11
DA:104,48
DA:105,42
DA:106,40
DA:107,34
DA:108,36
DA:109,22
DA:110,543
DA:111,9
DA:112,16
DA:115,34
DA:116,11
DA:117,48
DA:118,42
DA:119,40
DA:120,34
DA:121,36
DA:122,22
DA:123,242
DA:124,9
DA:125,16
DA:128,0
DA:129,0
DA:130,0
DA:131,0
DA:132,0
DA:133,0
DA:134,0
DA:135,0
DA:136,0
DA:137,5
DA:140,0
DA:141,0
DA:142,0
DA:143,0
DA:144,0
DA:145,0
DA:146,0
DA:147,0
DA:148,0
DA:149,0
DA:150,5
DA:153,36
DA:154,11
DA:155,48
DA:156,21
DA:157,42
DA:158,43
DA:159,43
DA:160,25
DA:161,2
DA:162,14
DA:163,36
DA:164,22
DA:165,47
DA:166,9
DA:167,16
DA:170,39
DA:171,11
DA:172,48
DA:173,42
DA:174,34
DA:175,36
DA:176,22
DA:177,262
DA:178,9
DA:179,16
DA:182,33
DA:183,11
DA:184,48
DA:185,34
DA:186,30
DA:187,42
DA:188,34
DA:189,38
DA:191,17
DA:192,22
DA:193,0
DA:194,0
DA:195,0
DA:196,0
DA:197,0
DA:198,0
DA:199,0
DA:200,0
DA:201,0
DA:202,0
DA:203,0
DA:204,0
DA:205,0
DA:206,0
DA:207,0
DA:208,0
DA:209,0
DA:210,0
DA:211,0
DA:212,0
DA:213,0
DA:214,0
DA:215,0
DA:216,0
DA:217,0
DA:218,0
DA:219,0
DA:220,0
DA:221,0
DA:222,0
DA:223,0
DA:224,0
DA:225,18
DA:227,42
DA:230,0
DA:231,0
DA:232,0
DA:233,0
DA:234,0
DA:235,0
DA:236,0
DA:237,0
DA:238,0
DA:240,5
DA:243,0
DA:244,0
DA:245,0
DA:246,0
DA:247,0
DA:248,0
DA:249,0
DA:250,0
DA:251,0
DA:252,0
DA:253,0
DA:254,0
DA:255,0
DA:256,0
DA:257,0
DA:258,0
DA:259,0
DA:260,0
DA:261,0
DA:262,0
DA:263,0
DA:264,0
DA:265,0
DA:266,0
DA:267,0
DA:268,0
DA:269,0
DA:270,0
DA:271,0
DA:272,0
DA:273,0
DA:274,0
DA:275,0
DA:276,5
DA:279,34
DA:280,11
DA:281,48
DA:282,21
DA:283,60
DA:284,42
DA:285,34
DA:286,49
DA:287,45
DA:288,36
DA:290,20
DA:291,13
DA:292,0
DA:293,15
DA:294,0
DA:295,22
DA:296,0
DA:297,20
DA:298,0
DA:299,0
DA:300,0
DA:301,0
DA:302,13
DA:303,0
DA:304,15
DA:305,16
DA:306,71
DA:307,1
DA:310,0
DA:313,0
DA:315,0
DA:323,0
DA:324,0
DA:326,0
DA:327,0
DA:328,0
DA:329,0
DA:330,0
DA:331,0
DA:332,0
DA:333,0
DA:335,2
DA:337,1
LF:279
LH:107
end_of_record
TN:
SF:src/bun/rpc-handlers/browser-page.ts
FNF:25
FNH:19
DA:6,6
DA:7,6
DA:8,3
DA:9,71
DA:11,12
DA:12,28
DA:13,0
DA:14,0
DA:15,0
DA:16,0
DA:17,0
DA:18,6
DA:21,34
DA:22,76
DA:23,16
DA:26,40
DA:27,38
DA:28,18
DA:29,54
DA:30,41
DA:31,18
DA:32,37
DA:33,9
DA:34,16
DA:37,38
DA:38,11
DA:39,48
DA:40,32
DA:41,23
DA:42,61
DA:43,6
DA:44,16
DA:47,34
DA:48,11
DA:49,48
DA:50,65
DA:51,16
DA:54,37
DA:55,11
DA:56,48
DA:57,68
DA:58,16
DA:61,36
DA:62,11
DA:63,48
DA:64,65
DA:65,16
DA:68,33
DA:69,11
DA:70,48
DA:71,21
DA:72,56
DA:75,34
DA:76,11
DA:77,48
DA:78,38
DA:79,26
DA:80,60
DA:81,6
DA:82,16
DA:85,0
DA:86,0
DA:87,0
DA:88,0
DA:89,0
DA:90,0
DA:91,0
DA:92,5
DA:95,0
DA:96,0
DA:97,0
DA:98,0
DA:99,5
DA:102,0
DA:103,0
DA:104,0
DA:105,0
DA:106,5
DA:109,31
DA:110,45
DA:113,37
DA:114,30
DA:115,16
DA:118,0
DA:119,0
DA:120,0
DA:121,0
DA:122,0
DA:123,0
DA:124,0
DA:125,0
DA:126,0
DA:127,0
DA:128,0
DA:129,0
DA:130,0
DA:131,0
DA:132,0
DA:133,0
DA:134,0
DA:135,0
DA:136,0
DA:137,0
DA:138,0
DA:139,0
DA:140,0
DA:141,0
DA:142,0
DA:143,0
DA:144,0
DA:145,0
DA:146,0
DA:147,0
DA:148,0
DA:149,0
DA:150,0
DA:151,0
DA:152,0
DA:153,0
DA:154,0
DA:155,0
DA:156,0
DA:157,0
DA:158,0
DA:159,0
DA:160,5
DA:163,35
DA:164,11
DA:165,48
DA:166,53
DA:167,16
DA:170,39
DA:171,11
DA:172,48
DA:173,38
DA:174,32
DA:175,60
DA:176,16
DA:179,38
DA:180,11
DA:181,48
DA:182,32
DA:183,29
DA:184,36
DA:185,22
DA:186,136
DA:187,9
DA:188,16
DA:191,42
DA:192,11
DA:193,48
DA:194,21
DA:195,53
DA:198,43
DA:199,11
DA:200,48
DA:201,21
DA:202,44
DA:203,16
DA:206,41
DA:207,11
DA:208,48
DA:209,21
DA:210,48
DA:213,0
DA:214,0
DA:215,0
DA:216,0
DA:217,0
DA:218,5
DA:221,38
DA:222,11
DA:223,48
DA:224,16
DA:225,50
DA:226,24
DA:227,18
DA:228,19
DA:229,21
DA:230,25
DA:231,23
DA:232,30
DA:233,1
DA:234,0
DA:236,0
DA:237,0
DA:238,0
DA:239,0
DA:240,0
DA:241,0
DA:242,0
DA:243,0
DA:244,0
DA:245,0
DA:246,0
DA:247,0
DA:248,2
DA:250,1
LF:198
LH:118
end_of_record
TN:
SF:src/bun/rpc-handlers/editor.ts
FNF:9
FNH:1
DA:3,0
DA:7,0
DA:8,1
DA:11,15
DA:12,38
DA:13,12
DA:14,0
DA:15,0
DA:16,0
DA:17,0
DA:18,0
DA:19,0
DA:20,0
DA:21,0
DA:22,0
DA:23,0
DA:24,5
DA:26,0
DA:27,0
DA:28,0
DA:29,0
DA:30,0
DA:31,0
DA:32,0
DA:33,5
DA:35,0
DA:36,0
DA:37,0
DA:38,0
DA:39,0
DA:40,0
DA:41,0
DA:42,0
DA:43,0
DA:44,0
DA:45,0
DA:46,5
DA:48,0
DA:49,0
DA:50,0
DA:51,0
DA:52,5
DA:54,0
DA:55,0
DA:56,0
DA:57,0
DA:58,5
DA:60,0
DA:61,0
DA:62,0
DA:63,0
DA:64,2
DA:66,1
LF:53
LH:11
end_of_record
TN:
SF:src/bun/rpc-handlers/notification.ts
FNF:10
FNH:10
DA:11,11
DA:12,32
DA:15,6
DA:16,6
DA:17,3
DA:18,43
DA:25,36
DA:27,12
DA:28,41
DA:29,45
DA:30,19
DA:31,47
DA:32,37
DA:33,37
DA:34,35
DA:35,25
DA:36,15
DA:37,8
DA:38,33
DA:39,35
DA:40,0
DA:41,6
DA:48,13
DA:49,34
DA:50,6
DA:53,34
DA:54,37
DA:55,19
DA:56,19
DA:57,25
DA:58,23
DA:59,36
DA:60,10
DA:61,56
DA:62,19
DA:63,25
DA:64,23
DA:65,23
DA:66,38
DA:67,8
DA:68,9
DA:69,16
DA:72,33
DA:73,46
DA:74,17
DA:75,23
DA:76,21
DA:77,18
DA:78,7
DA:81,34
DA:82,36
DA:83,54
DA:84,16
DA:87,42
DA:88,30
DA:89,32
DA:90,65
DA:91,39
DA:99,67
DA:100,40
DA:103,34
DA:104,22
DA:105,18
DA:106,56
DA:107,19
DA:108,25
DA:109,23
DA:110,23
DA:111,38
DA:112,8
DA:113,9
DA:114,13
DA:116,1
LF:73
LH:72
end_of_record
TN:
SF:src/bun/rpc-handlers/pane.ts
FNF:4
FNH:4
DA:2,50
DA:4,15
DA:5,28
DA:7,12
DA:8,25
DA:9,31
DA:10,78
DA:11,21
DA:12,54
DA:13,42
DA:14,36
DA:15,18
DA:16,26
DA:17,50
DA:18,26
DA:19,26
DA:20,26
DA:21,23
DA:22,1
DA:23,3
DA:25,1
LF:21
LH:21
end_of_record
TN:
SF:src/bun/rpc-handlers/panel.ts
FNF:2
FNH:1
DA:2,44
DA:7,15
DA:8,43
DA:10,12
DA:11,0
DA:12,0
DA:13,0
DA:14,2
DA:16,1
LF:9
LH:6
end_of_record
TN:
SF:src/bun/rpc-handlers/plan.ts
FNF:12
FNH:11
DA:4,46
DA:12,6
DA:13,6
DA:14,7
DA:15,2
DA:22,1
DA:23,8
DA:24,8
DA:25,5
DA:26,70
DA:27,15
DA:28,16
DA:29,73
DA:30,1
DA:31,4
DA:32,11
DA:35,12
DA:39,30
DA:40,65
DA:41,57
DA:42,39
DA:43,29
DA:44,0
DA:45,6
DA:46,23
DA:47,24
DA:48,30
DA:49,54
DA:56,33
DA:57,68
DA:58,57
DA:59,54
DA:60,23
DA:61,40
DA:62,0
DA:63,6
DA:64,49
DA:65,34
DA:66,80
DA:67,24
DA:68,0
DA:69,0
DA:70,0
DA:71,6
DA:73,6
DA:74,76
DA:75,27
DA:81,35
DA:82,70
DA:83,57
DA:84,65
DA:85,29
DA:90,32
DA:91,67
DA:92,57
DA:93,60
DA:94,23
DA:99,14
DA:100,1
DA:103,17
DA:104,24
DA:105,44
DA:106,0
DA:107,2
DA:108,8
DA:111,1
DA:112,8
DA:113,5
DA:114,3
DA:115,24
DA:116,57
DA:123,9
DA:124,41
DA:125,16
DA:126,21
DA:127,51
DA:128,58
DA:129,27
DA:130,12
DA:131,7
DA:132,10
DA:133,7
DA:134,59
DA:135,7
DA:136,10
DA:137,1
LF:86
LH:80
end_of_record
TN:
SF:src/bun/rpc-handlers/script.ts
FNF:2
FNH:1
DA:6,15
DA:7,38
DA:9,12
DA:20,0
DA:21,0
DA:22,0
DA:23,0
DA:24,0
DA:25,0
DA:26,0
DA:27,0
DA:28,0
DA:29,0
DA:30,0
DA:31,0
DA:32,0
DA:33,0
DA:34,0
DA:35,0
DA:36,0
DA:37,0
DA:38,0
DA:39,2
DA:41,1
LF:24
LH:5
end_of_record
TN:
SF:src/bun/rpc-handlers/shared.ts
FNF:6
FNH:6
DA:5,15
DA:6,25
DA:7,25
DA:8,58
DA:9,13
DA:12,1
DA:13,6
DA:14,8
DA:15,8
DA:16,5
DA:17,3
DA:18,30
DA:19,39
DA:20,6
DA:21,0
DA:22,0
DA:23,0
DA:24,0
DA:25,0
DA:26,0
DA:27,0
DA:28,0
DA:29,0
DA:30,0
DA:31,0
DA:32,0
DA:33,0
DA:34,0
DA:35,0
DA:36,0
DA:37,0
DA:38,0
DA:39,0
DA:40,0
DA:41,0
DA:42,0
DA:43,0
DA:44,0
DA:45,0
DA:46,0
DA:47,0
DA:48,0
DA:49,0
DA:50,0
DA:51,0
DA:52,0
DA:53,0
DA:54,0
DA:55,0
DA:56,0
DA:57,0
DA:58,0
DA:59,0
DA:60,0
DA:61,1
DA:67,992
DA:99,25
DA:100,14
DA:101,15
DA:102,12
DA:103,17
DA:104,14
DA:105,20
DA:106,20
DA:107,15
DA:108,17
DA:109,18
DA:110,17
DA:111,17
DA:112,16
DA:113,20
DA:114,22
DA:115,13
DA:118,19
DA:119,19
DA:120,19
DA:121,19
DA:122,19
DA:123,19
DA:124,19
DA:125,17
DA:126,17
DA:127,15
DA:128,17
DA:129,17
DA:130,17
DA:131,19
DA:132,19
DA:133,19
DA:134,19
DA:135,19
DA:136,19
DA:137,19
DA:138,19
DA:139,19
DA:140,19
DA:141,19
DA:142,19
DA:143,19
DA:144,20
DA:145,17
DA:146,2
DA:164,32
DA:167,25
DA:168,67
DA:169,43
DA:170,4
DA:171,26
DA:172,51
DA:173,48
DA:174,77
DA:175,4
DA:176,27
DA:177,51
DA:178,48
DA:179,67
DA:180,4
DA:181,25
DA:182,45
DA:183,42
DA:184,4
DA:187,21
DA:188,51
DA:189,48
DA:190,63
DA:191,4
DA:192,22
DA:193,51
DA:194,48
DA:195,63
DA:196,2
DA:197,2
DA:199,6
DA:200,8
DA:201,8
DA:202,8
DA:203,3
DA:204,25
DA:205,54
DA:206,21
DA:207,41
DA:208,18
DA:209,0
DA:210,6
DA:211,8
DA:212,4
DA:213,30
DA:214,17
DA:215,26
DA:216,0
DA:217,8
DA:218,73
DA:219,16
DA:220,57
DA:221,1
DA:222,8
DA:223,10
DA:224,19
DA:225,53
DA:226,35
DA:227,62
DA:228,8
DA:229,41
DA:230,0
DA:231,8
DA:232,43
DA:233,0
DA:234,8
DA:235,43
DA:236,0
DA:237,8
DA:238,5
DA:239,0
DA:240,0
DA:241,0
DA:242,0
DA:243,0
DA:244,0
DA:245,0
DA:246,0
DA:247,0
DA:248,0
DA:249,0
DA:250,0
DA:251,0
DA:252,0
DA:253,0
DA:254,2
DA:256,2
DA:263,6
DA:264,8
DA:265,11
DA:266,3
DA:267,17
DA:268,24
DA:269,20
DA:270,29
DA:279,6
DA:280,8
DA:281,12
DA:282,3
DA:283,65
DA:286,33
DA:287,41
DA:288,26
DA:289,65
LF:206
LH:146
end_of_record
TN:
SF:src/bun/rpc-handlers/sidebar.ts
FNF:7
FNH:7
DA:2,46
DA:4,15
DA:5,38
DA:6,27
DA:7,51
DA:9,12
DA:10,40
DA:11,31
DA:12,37
DA:13,27
DA:14,31
DA:15,29
DA:16,28
DA:17,9
DA:18,16
DA:21,42
DA:22,33
DA:23,37
DA:24,24
DA:25,9
DA:26,16
DA:29,42
DA:30,33
DA:31,37
DA:32,31
DA:33,28
DA:34,9
DA:35,16
DA:38,44
DA:39,35
DA:40,34
DA:41,9
DA:42,16
DA:45,33
DA:46,25
DA:47,37
DA:48,41
DA:49,35
DA:50,30
DA:51,9
DA:52,13
DA:54,1
LF:42
LH:42
end_of_record
TN:
SF:src/bun/rpc-handlers/surface.ts
FNF:26
FNH:18
DA:1,46
DA:2,38
DA:3,54
DA:4,33
DA:5,60
DA:9,53
DA:10,52
DA:12,42
DA:21,38
DA:22,37
DA:24,1
DA:25,11
DA:26,8
DA:27,33
DA:28,3
DA:29,17
DA:30,50
DA:31,35
DA:32,38
DA:33,34
DA:34,69
DA:35,47
DA:36,27
DA:37,2
DA:38,12
DA:49,15
DA:50,11
DA:51,13
DA:52,13
DA:53,13
DA:54,19
DA:55,19
DA:56,24
DA:57,7
DA:59,12
DA:60,28
DA:61,53
DA:62,17
DA:63,23
DA:64,23
DA:65,16
DA:66,7
DA:69,0
DA:70,0
DA:71,0
DA:72,5
DA:83,39
DA:84,71
DA:85,21
DA:86,54
DA:87,16
DA:88,47
DA:89,27
DA:90,6
DA:91,70
DA:94,38
DA:95,40
DA:96,51
DA:101,41
DA:102,18
DA:103,17
DA:104,18
DA:105,17
DA:106,15
DA:107,9
DA:108,48
DA:109,15
DA:110,32
DA:112,42
DA:113,16
DA:114,81
DA:115,1
DA:116,6
DA:123,34
DA:124,42
DA:125,0
DA:126,0
DA:130,0
DA:131,0
DA:132,0
DA:133,0
DA:134,6
DA:135,35
DA:136,62
DA:137,0
DA:139,0
DA:140,0
DA:141,0
DA:142,0
DA:143,0
DA:144,0
DA:146,5
DA:149,0
DA:150,0
DA:151,0
DA:152,0
DA:153,0
DA:154,0
DA:155,0
DA:156,0
DA:157,0
DA:158,0
DA:159,0
DA:160,0
DA:161,0
DA:162,0
DA:163,0
DA:164,0
DA:165,0
DA:166,0
DA:167,0
DA:168,0
DA:169,0
DA:170,0
DA:171,0
DA:172,0
DA:173,0
DA:174,0
DA:175,0
DA:176,0
DA:177,5
DA:180,38
DA:181,71
DA:182,40
DA:184,49
DA:185,25
DA:186,70
DA:187,21
DA:188,16
DA:189,95
DA:190,1
DA:191,8
DA:192,31
DA:193,56
DA:194,16
DA:195,29
DA:196,0
DA:197,8
DA:198,27
DA:199,0
DA:200,0
DA:201,0
DA:202,8
DA:203,28
DA:204,6
DA:206,45
DA:207,40
DA:208,26
DA:211,35
DA:212,38
DA:213,18
DA:214,41
DA:215,14
DA:216,38
DA:217,10
DA:218,6
DA:219,61
DA:220,78
DA:221,34
DA:222,18
DA:223,42
DA:224,40
DA:225,44
DA:226,41
DA:227,9
DA:228,25
DA:229,17
DA:230,5
DA:231,12
DA:232,27
DA:235,35
DA:236,71
DA:237,45
DA:238,16
DA:241,35
DA:242,11
DA:243,48
DA:244,63
DA:245,16
DA:248,36
DA:249,11
DA:250,48
DA:251,54
DA:252,80
DA:253,16
DA:256,39
DA:257,71
DA:258,34
DA:259,24
DA:260,49
DA:261,36
DA:262,6
DA:263,16
DA:266,38
DA:267,71
DA:268,47
DA:269,31
DA:270,23
DA:271,49
DA:272,35
DA:273,6
DA:274,16
DA:277,0
DA:278,0
DA:279,0
DA:280,0
DA:281,0
DA:282,0
DA:283,0
DA:284,0
DA:285,5
DA:288,0
DA:289,0
DA:290,0
DA:291,0
DA:292,0
DA:293,0
DA:294,0
DA:295,0
DA:296,0
DA:297,0
DA:298,0
DA:299,0
DA:300,0
DA:301,0
DA:302,0
DA:303,0
DA:304,0
DA:305,0
DA:306,0
DA:307,0
DA:308,0
DA:309,0
DA:310,0
DA:311,0
DA:312,0
DA:313,0
DA:314,0
DA:315,0
DA:316,0
DA:317,0
DA:318,0
DA:319,0
DA:320,0
DA:321,0
DA:322,0
DA:323,0
DA:324,0
DA:325,0
DA:326,0
DA:327,0
DA:328,0
DA:329,0
DA:330,0
DA:331,0
DA:332,0
DA:333,0
DA:334,0
DA:335,0
DA:336,0
DA:337,0
DA:338,0
DA:339,0
DA:340,0
DA:341,0
DA:342,0
DA:343,0
DA:344,0
DA:345,0
DA:346,0
DA:347,0
DA:348,0
DA:349,0
DA:350,0
DA:351,0
DA:352,0
DA:353,0
DA:354,0
DA:355,0
DA:356,0
DA:357,0
DA:358,0
DA:359,0
DA:360,0
DA:361,0
DA:362,0
DA:363,0
DA:364,0
DA:365,0
DA:366,0
DA:367,0
DA:368,0
DA:369,0
DA:370,0
DA:371,0
DA:372,0
DA:373,0
DA:374,0
DA:375,0
DA:376,0
DA:377,0
DA:378,0
DA:379,0
DA:380,0
DA:381,0
DA:382,0
DA:383,0
DA:384,0
DA:385,0
DA:386,0
DA:387,0
DA:388,0
DA:389,0
DA:390,0
DA:391,0
DA:392,0
DA:393,0
DA:394,0
DA:395,0
DA:396,0
DA:397,0
DA:398,0
DA:399,0
DA:400,0
DA:401,0
DA:402,0
DA:403,0
DA:404,0
DA:405,0
DA:406,0
DA:407,0
DA:408,0
DA:409,0
DA:410,0
DA:411,0
DA:412,0
DA:413,0
DA:414,0
DA:415,2
DA:417,1
LF:340
LH:157
end_of_record
TN:
SF:src/bun/rpc-handlers/system.ts
FNF:10
FNH:8
DA:2,50
DA:4,25
DA:5,33
DA:11,6
DA:12,6
DA:13,16
DA:14,3
DA:15,77
DA:17,12
DA:21,33
DA:22,33
DA:23,0
DA:24,0
DA:25,0
DA:26,0
DA:27,0
DA:28,6
DA:29,18
DA:32,47
DA:37,0
DA:38,0
DA:39,0
DA:40,0
DA:41,0
DA:42,0
DA:43,0
DA:44,0
DA:45,0
DA:46,5
DA:49,31
DA:50,31
DA:51,16
DA:52,48
DA:53,50
DA:54,32
DA:55,23
DA:56,6
DA:59,36
DA:60,35
DA:61,17
DA:62,36
DA:63,6
DA:69,0
DA:70,0
DA:71,5
DA:74,27
DA:75,31
DA:76,44
DA:77,56
DA:78,18
DA:79,27
DA:80,24
DA:81,26
DA:82,52
DA:83,28
DA:84,49
DA:85,53
DA:86,40
DA:87,22
DA:88,22
DA:89,44
DA:90,49
DA:91,54
DA:92,30
DA:93,30
DA:94,30
DA:95,27
DA:96,1
DA:97,9
DA:98,1
DA:99,3
DA:101,1
LF:72
LH:56
end_of_record
TN:
SF:src/bun/rpc-handlers/telegram.ts
FNF:9
FNH:8
DA:8,15
DA:9,30
DA:10,53
DA:12,12
DA:13,34
DA:14,59
DA:15,34
DA:16,51
DA:17,53
DA:18,6
DA:19,47
DA:20,50
DA:21,6
DA:22,35
DA:23,22
DA:24,56
DA:25,6
DA:26,64
DA:27,35
DA:30,38
DA:31,59
DA:32,39
DA:33,41
DA:34,42
DA:35,0
DA:36,6
DA:37,29
DA:38,14
DA:39,46
DA:40,25
DA:41,8
DA:42,15
DA:43,65
DA:44,64
DA:45,47
DA:48,30
DA:49,29
DA:50,45
DA:53,31
DA:54,35
DA:55,22
DA:56,40
DA:57,6
DA:58,43
DA:68,0
DA:69,0
DA:70,0
DA:71,0
DA:72,0
DA:73,0
DA:74,0
DA:75,0
DA:76,2
DA:78,2
DA:82,12
DA:83,12
DA:84,13
DA:85,21
DA:86,27
DA:87,17
DA:88,13
DA:89,25
DA:90,28
DA:91,1
LF:64
LH:55
end_of_record
TN:
SF:src/bun/rpc-handlers/workspace.ts
FNF:11
FNH:11
DA:3,15
DA:4,38
DA:6,12
DA:7,30
DA:8,31
DA:9,45
DA:10,18
DA:11,22
DA:12,24
DA:13,50
DA:14,41
DA:15,7
DA:18,33
DA:19,31
DA:20,78
DA:21,22
DA:24,38
DA:25,69
DA:26,16
DA:29,38
DA:30,37
DA:31,64
DA:32,9
DA:33,16
DA:36,37
DA:37,36
DA:38,64
DA:39,9
DA:40,16
DA:43,38
DA:44,37
DA:45,67
DA:46,45
DA:47,9
DA:48,16
DA:51,30
DA:52,36
DA:53,16
DA:56,34
DA:57,36
DA:58,13
DA:60,1
LF:42
LH:42
end_of_record
TN:
SF:src/bun/session-manager.ts
FNF:23
FNH:17
DA:2,86
DA:3,102
DA:4,90
DA:5,126
DA:6,112
DA:7,98
DA:8,78
DA:10,64
DA:11,66
DA:16,63
DA:17,42
DA:18,128
DA:19,18
DA:20,131
DA:21,37
DA:22,6
DA:23,19
DA:28,83
DA:29,70
DA:30,26
DA:31,176
DA:32,8
DA:33,5
DA:34,80
DA:35,18
DA:36,151
DA:37,35
DA:38,5
DA:39,10
DA:42,21
DA:85,1
DA:87,79
DA:88,74
DA:89,92
DA:96,34
DA:97,74
DA:100,59
DA:101,86
DA:102,86
DA:104,62
DA:107,58
DA:108,60
DA:113,48
DA:114,52
DA:115,22
DA:116,82
DA:117,26
DA:118,26
DA:119,80
DA:120,56
DA:121,18
DA:122,76
DA:123,72
DA:124,19
DA:125,13
DA:126,54
DA:127,40
DA:128,8
DA:129,22
DA:130,31
DA:134,63
DA:135,62
DA:136,78
DA:137,14
DA:138,82
DA:139,51
DA:140,9
DA:141,56
DA:142,13
DA:143,45
DA:144,30
DA:145,60
DA:146,20
DA:149,13
DA:150,71
DA:154,59
DA:155,74
DA:156,63
DA:159,24
DA:160,144
DA:161,12
DA:166,22
DA:167,38
DA:168,52
DA:169,90
DA:170,26
DA:171,26
DA:172,48
DA:173,58
DA:174,16
DA:175,19
DA:176,14
DA:177,59
DA:178,40
DA:179,8
DA:182,0
DA:183,0
DA:184,29
DA:185,15
DA:189,64
DA:190,44
DA:191,54
DA:194,65
DA:195,98
DA:196,99
DA:197,147
DA:199,9
DA:201,63
DA:203,70
DA:204,79
DA:205,133
DA:206,82
DA:207,13
DA:208,13
DA:210,112
DA:211,43
DA:212,13
DA:214,120
DA:216,0
DA:217,52
DA:220,0
DA:221,64
DA:224,0
DA:225,0
DA:226,0
DA:227,0
DA:228,0
DA:229,0
DA:230,0
DA:231,0
DA:232,24
DA:235,0
DA:236,0
DA:237,0
DA:238,0
DA:239,0
DA:240,0
DA:241,0
DA:242,0
DA:243,0
DA:244,0
DA:245,0
DA:246,0
DA:247,24
DA:250,38
DA:251,9
DA:253,46
DA:254,18
DA:255,20
DA:256,26
DA:257,36
DA:258,44
DA:259,104
DA:260,40
DA:261,48
DA:262,30
DA:263,28
DA:264,12
DA:266,70
DA:267,166
DA:269,25
DA:272,46
DA:273,98
DA:274,58
DA:276,54
DA:277,66
DA:278,52
DA:279,22
DA:280,66
DA:281,16
DA:284,72
DA:286,98
DA:287,76
DA:290,56
DA:291,100
DA:294,61
DA:295,98
DA:296,72
DA:297,52
DA:300,64
DA:301,98
DA:302,58
DA:303,70
DA:304,22
DA:305,84
DA:306,16
DA:309,66
DA:310,50
DA:311,44
DA:312,22
DA:313,16
DA:314,14
DA:317,0
DA:318,61
DA:321,50
DA:322,98
DA:323,64
DA:324,61
DA:325,26
DA:329,83
DA:330,21
DA:331,13
DA:332,50
DA:333,40
DA:334,13
DA:337,5
DA:338,44
DA:341,44
DA:342,77
DA:345,30
DA:346,79
DA:349,28
DA:350,57
DA:353,23
DA:354,105
DA:355,58
DA:356,70
DA:357,56
DA:358,26
DA:359,70
DA:360,16
DA:363,9
DA:364,51
DA:366,2
DA:373,52
DA:374,92
DA:375,114
DA:376,53
DA:377,130
DA:378,33
DA:379,5
DA:380,18
DA:381,78
DA:382,68
DA:383,52
DA:384,68
DA:385,20
DA:386,9
DA:387,36
DA:388,34
DA:389,26
DA:390,170
DA:391,12
DA:392,36
LF:244
LH:219
end_of_record
TN:
SF:src/bun/settings-manager.ts
FNF:12
FNH:12
DA:1,148
DA:2,184
DA:8,97
DA:13,1
DA:17,13
DA:18,48
DA:19,78
DA:20,10
DA:21,64
DA:24,19
DA:25,47
DA:28,36
DA:29,70
DA:30,116
DA:31,48
DA:32,52
DA:33,47
DA:36,11
DA:37,8
DA:38,10
DA:39,58
DA:40,85
DA:43,23
DA:44,53
DA:45,70
DA:46,52
DA:47,9
DA:48,46
DA:51,28
DA:52,114
DA:53,124
DA:56,38
DA:57,83
DA:58,26
DA:59,70
DA:60,16
DA:63,10
DA:66,43
DA:68,27
DA:69,22
DA:70,160
DA:77,160
DA:78,30
DA:79,18
DA:80,60
DA:81,19
DA:86,32
DA:87,32
DA:88,14
DA:89,48
DA:90,40
DA:91,8
DA:92,14
DA:96,20
DA:97,22
DA:98,150
DA:99,110
DA:100,74
DA:107,136
DA:108,102
DA:109,67
DA:117,55
DA:118,59
DA:119,18
DA:120,13
DA:121,38
DA:122,38
DA:127,26
DA:128,86
DA:129,73
DA:130,15
DA:131,26
DA:132,92
DA:133,84
DA:134,132
DA:135,20
DA:138,71
DA:141,2
LF:78
LH:78
end_of_record
TN:
SF:src/bun/sideband-parser.ts
FNF:23
FNH:20
DA:4,82
DA:6,77
DA:11,102
DA:41,1
DA:47,13
DA:48,66
DA:49,116
DA:50,10
DA:53,51
DA:54,52
DA:55,16
DA:56,112
DA:57,9
DA:60,21
DA:61,50
DA:62,48
DA:63,48
DA:66,20
DA:67,48
DA:68,83
DA:69,54
DA:71,95
DA:72,48
DA:73,69
DA:74,9
DA:75,52
DA:79,50
DA:80,92
DA:81,42
DA:85,58
DA:86,46
DA:88,44
DA:89,46
DA:91,60
DA:92,75
DA:94,50
DA:95,48
DA:96,49
DA:97,12
DA:100,28
DA:101,101
DA:102,26
DA:103,86
DA:104,70
DA:105,34
DA:106,50
DA:107,70
DA:108,48
DA:109,50
DA:110,46
DA:111,21
DA:112,42
DA:113,30
DA:114,26
DA:115,45
DA:116,6
DA:117,58
[...]
DA:565,0
DA:566,0
DA:567,0
DA:568,1
DA:575,0
DA:576,0
DA:577,0
DA:578,0
DA:579,0
DA:580,0
DA:581,0
DA:582,0
DA:583,0
DA:584,0
DA:585,0
DA:586,0
DA:587,0
DA:588,0
DA:589,0
DA:590,0
DA:591,0
DA:592,0
DA:593,2
DA:599,12
DA:600,20
DA:601,26
DA:602,11
DA:603,14
DA:604,26
DA:605,0
DA:606,2
DA:607,1
LF:382
LH:333
end_of_record
TN:
SF:src/web-client/sidebar/card-manifests.ts
FNF:10
FNH:9
DA:18,72
DA:26,95
DA:34,20
DA:35,9
DA:36,227
DA:37,8
DA:38,320
DA:39,13
DA:40,138
DA:41,14
DA:42,136
DA:43,2
DA:45,19
DA:46,23
DA:47,78
DA:48,45
DA:49,44
DA:50,45
DA:51,44
DA:52,17
DA:53,36
DA:54,11
DA:56,2
DA:69,6
DA:70,4
DA:71,11
DA:72,3
DA:73,43
DA:74,57
DA:75,42
DA:76,30
DA:77,9
DA:78,2
DA:79,24
DA:80,62
DA:81,2
DA:82,22
DA:83,62
DA:84,2
DA:85,9
DA:88,1
DA:89,4
DA:90,5
DA:91,11
DA:92,3
DA:93,29
DA:94,53
DA:95,62
DA:96,46
DA:97,28
DA:98,16
DA:99,39
DA:100,64
DA:101,5
DA:102,26
DA:103,5
DA:104,16
DA:105,23
DA:106,29
DA:107,19
DA:108,25
DA:109,23
DA:110,33
DA:111,34
DA:112,12
DA:113,13
DA:114,22
DA:115,51
DA:116,34
DA:118,3
DA:119,9
DA:120,1
DA:123,1
DA:124,4
DA:125,7
DA:126,11
DA:127,3
DA:128,31
DA:129,53
DA:131,36
DA:132,0
DA:133,0
DA:134,0
DA:135,0
DA:136,0
DA:137,0
DA:138,2
DA:139,5
DA:140,29
DA:141,25
DA:142,27
DA:143,29
DA:144,45
DA:145,22
DA:146,3
DA:148,54
DA:149,33
DA:150,15
DA:151,12
DA:152,73
DA:153,5
DA:155,52
DA:156,0
DA:157,0
DA:158,0
DA:159,0
DA:160,0
DA:161,0
DA:162,0
DA:163,0
DA:164,2
DA:166,26
DA:167,5
DA:168,18
DA:169,23
DA:170,31
DA:171,21
DA:172,27
DA:173,55
DA:174,35
DA:175,29
DA:176,12
DA:177,13
DA:178,0
DA:179,0
DA:180,2
DA:182,3
DA:183,9
DA:184,1
DA:187,1
DA:188,6
DA:189,9
DA:190,9
DA:191,3
DA:192,48
DA:193,46
DA:194,13
DA:197,9
DA:198,24
DA:199,37
DA:200,36
DA:201,28
LF:142
LH:126
end_of_record
TN:
SF:src/web-client/sidebar/cpu-sparkline.ts
FNF:1
FNH:1
DA:11,28
DA:12,27
DA:14,18
DA:15,76
DA:16,51
DA:17,44
DA:18,50
DA:19,42
DA:21,28
DA:24,80
DA:25,33
DA:26,40
DA:27,38
DA:28,40
DA:29,59
DA:30,26
DA:31,10
DA:32,2
DA:37,14
DA:38,46
DA:39,36
DA:40,20
DA:41,44
DA:42,37
DA:43,45
DA:44,27
DA:45,2
DA:46,42
DA:47,30
DA:48,10
DA:49,4
DA:50,52
DA:51,40
DA:52,61
DA:53,28
DA:54,10
LF:36
LH:36
end_of_record
TN:
SF:src/web-client/sidebar/local-ui-state.ts
FNF:11
FNH:10
DA:12,149
DA:13,22
DA:14,26
DA:15,26
DA:16,31
DA:18,19
DA:19,9
DA:20,42
DA:21,22
DA:22,0
DA:23,0
DA:27,16
DA:28,9
DA:29,51
DA:30,2
DA:46,19
DA:47,16
DA:48,22
DA:49,19
DA:50,17
DA:51,2
DA:53,25
DA:54,29
DA:56,6
DA:57,43
DA:58,56
DA:59,21
DA:60,41
DA:61,4
DA:62,20
DA:65,6
DA:66,24
DA:67,39
DA:75,6
DA:76,13
DA:77,7
DA:78,3
DA:79,27
DA:80,62
DA:83,0
DA:84,0
DA:85,0
DA:86,0
DA:87,0
DA:88,0
DA:89,0
DA:90,0
DA:91,1
DA:97,11
DA:98,53
DA:99,45
DA:100,52
DA:101,26
DA:104,14
DA:105,17
DA:106,40
DA:107,34
DA:119,14
DA:120,27
DA:121,38
DA:122,40
DA:123,24
DA:124,2
DA:125,13
DA:128,6
DA:129,5
DA:130,10
DA:131,3
DA:132,27
DA:133,16
DA:134,25
DA:135,5
DA:136,32
DA:137,2
DA:138,19
DA:143,11
DA:144,23
DA:145,27
LF:78
LH:68
end_of_record
TN:
SF:src/web-client/sidebar/workspace-card.ts
FNF:41
FNH:40
DA:24,126
DA:25,114
DA:27,104
DA:28,132
DA:29,114
DA:60,116
DA:61,49
DA:62,161
DA:63,45
DA:64,135
DA:65,47
DA:66,183
DA:67,45
DA:68,95
DA:69,47
DA:70,129
DA:71,49
DA:72,30
DA:73,132
DA:74,21
DA:75,53
DA:76,138
DA:77,81
DA:78,6
DA:79,58
DA:80,64
DA:81,110
DA:82,60
DA:83,60
DA:84,54
DA:85,60
DA:86,85
DA:87,84
DA:88,70
DA:89,70
DA:90,24
DA:91,22
DA:94,1
DA:96,107
DA:102,54
DA:103,50
DA:104,99
DA:105,62
DA:106,44
DA:107,78
DA:108,68
DA:111,60
DA:112,9
DA:114,89
DA:115,46
DA:116,25
DA:117,29
DA:118,9
DA:119,9
DA:122,30
DA:123,76
DA:124,60
DA:125,90
DA:126,72
DA:127,96
DA:128,110
DA:129,85
DA:132,60
DA:133,153
DA:134,19
DA:135,45
DA:136,12
DA:137,58
DA:138,66
DA:139,29
DA:142,44
DA:143,100
DA:144,52
DA:145,42
DA:146,60
DA:147,12
DA:149,140
DA:150,140
DA:151,128
DA:152,43
DA:153,138
DA:154,91
DA:155,81
DA:156,16
DA:157,138
DA:162,112
DA:163,137
DA:164,70
DA:165,110
DA:166,3
DA:167,16
DA:168,144
DA:169,152
DA:170,27
DA:173,74
DA:174,72
DA:175,74
DA:176,82
DA:177,76
DA:178,85
DA:182,9
DA:183,12
DA:184,10
DA:185,10
DA:186,14
DA:187,10
DA:188,66
DA:189,73
DA:191,70
DA:192,17
DA:193,9
DA:194,46
DA:195,82
DA:196,84
DA:197,75
DA:198,68
DA:201,44
DA:202,66
DA:203,48
DA:204,21
DA:205,28
DA:207,2
DA:211,37
DA:212,86
DA:213,72
DA:214,21
DA:217,35
DA:218,86
DA:219,82
DA:220,90
DA:221,68
DA:222,112
DA:223,44
DA:224,92
DA:225,72
DA:226,76
DA:227,46
DA:228,94
DA:229,86
DA:230,108
DA:231,87
DA:233,48
DA:234,21
DA:237,33
DA:238,86
DA:239,68
DA:240,64
DA:241,46
DA:242,53
DA:243,41
DA:244,47
DA:245,22
DA:246,5
DA:247,77
DA:248,100
DA:249,84
DA:250,100
DA:251,63
DA:252,94
DA:253,90
DA:254,66
DA:255,84
DA:256,58
DA:257,78
DA:258,84
DA:259,60
DA:260,9
DA:261,107
DA:262,100
DA:263,100
DA:264,146
DA:265,60
DA:266,9
DA:267,52
DA:268,5
DA:269,21
DA:272,34
DA:273,86
DA:274,70
DA:276,94
DA:277,82
DA:278,100
DA:279,90
DA:280,62
DA:281,62
DA:282,100
DA:283,108
DA:284,114
DA:285,62
DA:286,110
DA:287,50
DA:289,92
DA:290,86
DA:291,122
DA:292,128
DA:293,48
DA:294,21
DA:297,52
DA:298,92
DA:299,82
DA:300,86
DA:301,58
DA:302,48
DA:303,86
DA:304,76
DA:305,48
DA:306,40
DA:307,25
DA:310,39
DA:311,52
DA:312,77
DA:313,57
DA:316,19
DA:317,8
DA:318,26
DA:319,6
DA:320,86
DA:321,68
DA:322,80
DA:323,63
DA:324,100
DA:325,50
DA:326,84
DA:327,80
DA:328,130
DA:329,42
DA:330,78
DA:331,89
DA:332,52
DA:333,57
DA:334,12
DA:335,46
DA:336,5
DA:337,21
DA:340,36
DA:341,96
DA:342,57
DA:343,50
DA:344,35
DA:345,87
DA:346,5
DA:347,27
DA:350,34
DA:351,86
DA:352,106
DA:353,104
DA:354,72
DA:356,100
DA:357,50
DA:358,96
DA:359,80
DA:360,120
DA:361,0
DA:362,0
DA:363,0
DA:364,0
DA:365,44
DA:366,8
DA:367,50
DA:369,90
DA:370,84
DA:371,85
DA:372,92
DA:373,82
DA:374,150
DA:375,90
DA:376,82
DA:377,52
DA:378,46
DA:379,48
DA:380,5
DA:381,46
DA:382,21
DA:390,49
DA:391,38
DA:392,45
DA:393,72
DA:399,108
DA:400,112
DA:401,47
DA:404,49
DA:405,18
DA:406,130
DA:407,54
DA:408,35
DA:411,55
DA:412,11
DA:413,16
DA:417,35
DA:418,86
DA:419,108
DA:420,75
DA:421,60
DA:422,21
DA:423,5
DA:424,79
DA:425,88
DA:426,76
DA:427,26
DA:428,48
DA:429,48
DA:430,44
DA:431,38
DA:432,14
DA:433,98
DA:434,46
DA:435,5
DA:436,21
DA:439,37
DA:440,86
DA:441,76
DA:442,45
DA:443,60
DA:444,21
DA:445,5
DA:446,120
DA:447,258
DA:448,50
DA:449,46
DA:450,47
DA:451,40
DA:452,22
DA:453,5
DA:454,21
LF:324
LH:320
end_of_record
TN:
SF:src/web-client/sounds.ts
FNF:7
FNH:2
DA:16,65
DA:18,51
DA:19,58
DA:20,55
DA:26,6
DA:27,9
DA:28,68
DA:29,54
DA:30,0
DA:31,0
DA:32,0
DA:36,6
DA:37,9
DA:38,67
DA:39,22
DA:40,0
DA:41,0
DA:42,0
DA:43,0
DA:44,0
DA:45,0
DA:46,1
DA:50,28
DA:51,26
DA:53,0
DA:54,0
DA:55,0
DA:56,0
DA:57,0
DA:58,0
DA:59,0
DA:60,0
DA:61,0
DA:62,0
DA:63,0
DA:64,0
DA:65,0
DA:66,0
DA:67,0
DA:68,0
DA:69,0
DA:70,0
DA:71,0
DA:72,1
DA:75,0
DA:76,1
DA:79,25
DA:81,0
DA:82,0
DA:83,0
DA:84,0
DA:85,0
DA:86,0
DA:87,0
DA:88,0
DA:89,0
DA:90,0
DA:91,0
DA:92,0
DA:93,0
DA:94,0
DA:95,0
DA:96,0
DA:97,0
DA:98,0
DA:99,0
DA:100,0
DA:101,0
DA:102,0
DA:103,0
DA:104,0
DA:105,0
DA:106,0
DA:107,0
DA:113,0
DA:114,0
DA:115,0
DA:116,0
DA:117,1
DA:120,33
DA:123,0
DA:124,0
DA:125,0
DA:126,1
DA:128,0
LF:85
LH:21
end_of_record
TN:
SF:src/web-client/status-bar.ts
FNF:15
FNH:14
DA:23,56
DA:35,59
DA:36,35
DA:37,43
DA:64,15
DA:65,62
DA:66,52
DA:67,46
DA:68,43
DA:75,41
DA:76,51
DA:77,68
DA:78,49
DA:79,64
DA:80,48
DA:81,62
DA:82,33
DA:83,31
DA:84,29
DA:86,20
DA:87,29
DA:88,43
DA:89,30
DA:90,44
DA:91,29
DA:92,51
DA:93,51
DA:94,38
DA:95,33
DA:96,30
DA:97,6
DA:98,29
DA:99,5
DA:102,8
DA:103,36
DA:104,32
DA:105,30
DA:111,46
DA:112,11
DA:113,4
DA:118,47
DA:119,48
DA:120,21
DA:121,2
DA:123,12
DA:124,10
DA:125,10
DA:126,20
DA:127,32
DA:128,31
DA:129,48
DA:131,1
DA:141,16
DA:142,33
DA:144,52
DA:145,13
DA:146,17
DA:147,19
DA:148,34
DA:149,5
DA:150,52
DA:151,75
DA:156,48
DA:157,13
DA:158,17
DA:159,19
DA:160,39
DA:161,42
DA:162,39
DA:163,16
DA:164,16
DA:165,34
DA:166,38
DA:167,1
DA:168,3
DA:169,5
DA:170,46
DA:172,50
DA:173,23
DA:174,30
DA:175,56
DA:176,11
DA:178,35
DA:179,44
DA:180,0
DA:181,0
DA:183,0
DA:184,0
DA:185,2
DA:191,24
DA:192,27
DA:193,65
DA:194,45
DA:195,32
DA:196,25
DA:197,12
DA:198,27
DA:199,25
DA:200,24
DA:201,7
DA:202,2
DA:203,2
DA:205,12
DA:206,17
DA:207,63
DA:208,65
DA:209,54
DA:210,6
DA:211,15
DA:212,22
DA:213,20
DA:214,11
DA:215,13
DA:216,21
DA:217,19
DA:218,21
DA:219,15
DA:220,5
DA:221,1
LF:119
LH:115
end_of_record
TN:
SF:src/web-client/store.ts
FNF:16
FNH:14
DA:19,64
DA:98,11
DA:99,12
DA:100,19
DA:101,27
DA:102,22
DA:103,29
DA:104,19
DA:105,6
DA:106,25
DA:107,17
DA:108,19
DA:109,28
DA:110,27
DA:111,26
DA:112,30
DA:113,15
DA:114,16
DA:115,24
DA:116,15
DA:117,17
DA:118,16
DA:119,6
DA:120,26
DA:121,17
DA:122,36
DA:123,16
DA:124,25
DA:125,22
DA:126,6
DA:127,19
DA:128,16
DA:129,2
DA:204,23
DA:206,24
DA:207,25
DA:208,0
DA:209,0
DA:210,0
DA:211,0
DA:212,5
DA:214,25
DA:215,19
DA:216,14
DA:217,26
DA:218,27
DA:219,38
DA:220,52
DA:221,39
DA:222,7
DA:223,6
DA:225,23
DA:226,72
DA:227,19
DA:228,14
DA:229,66
DA:230,6
DA:232,25
DA:233,19
DA:234,14
DA:235,23
DA:236,31
DA:237,26
DA:238,33
DA:239,23
DA:240,10
DA:241,21
DA:242,19
DA:243,23
DA:244,32
DA:245,31
DA:246,34
DA:247,27
DA:248,6
DA:250,25
DA:251,32
DA:252,26
DA:253,39
DA:254,31
DA:255,22
DA:256,28
DA:257,26
DA:258,26
DA:259,45
DA:260,8
DA:261,6
DA:262,24
DA:263,36
DA:264,36
DA:265,25
DA:266,18
DA:267,37
DA:268,24
DA:269,8
DA:270,6
DA:271,19
DA:272,14
DA:273,41
DA:274,17
DA:275,33
DA:276,47
DA:277,45
DA:278,41
DA:279,15
DA:280,20
DA:281,49
DA:282,31
DA:283,40
DA:284,35
DA:285,10
DA:286,34
DA:287,30
DA:290,47
DA:291,41
DA:292,22
DA:293,21
DA:294,1
DA:295,5
DA:297,26
DA:298,37
DA:299,0
DA:300,0
DA:301,0
DA:302,0
DA:303,0
DA:304,0
DA:305,0
DA:306,0
DA:307,6
DA:308,19
DA:309,14
DA:310,24
DA:311,26
DA:312,32
DA:313,33
DA:314,32
DA:315,21
DA:316,21
DA:317,24
DA:318,9
DA:319,7
DA:320,1
DA:321,5
DA:323,26
DA:324,49
DA:325,20
DA:326,19
DA:327,14
DA:328,24
DA:329,26
DA:330,56
DA:331,7
DA:332,1
DA:333,5
DA:335,25
DA:336,51
DA:337,22
DA:338,42
DA:339,75
DA:340,6
DA:342,24
DA:343,40
DA:344,64
DA:345,40
DA:346,6
DA:347,6
DA:348,19
DA:349,14
DA:350,23
DA:351,15
DA:352,21
DA:353,48
DA:354,6
DA:355,33
DA:356,18
DA:357,45
DA:358,6
DA:359,30
DA:360,49
DA:362,7
DA:363,1
DA:364,5
DA:366,26
DA:367,49
DA:368,20
DA:369,19
DA:370,14
DA:371,24
DA:372,26
DA:373,35
DA:374,14
DA:375,30
DA:376,27
DA:377,9
DA:378,7
DA:379,1
DA:380,5
DA:382,27
DA:383,49
DA:384,16
DA:387,21
DA:388,16
DA:389,26
DA:390,28
DA:391,34
DA:392,35
DA:393,38
DA:394,23
DA:395,23
DA:396,37
DA:397,11
DA:398,9
DA:399,1
DA:400,0
DA:401,0
DA:402,0
DA:403,0
DA:404,0
DA:405,0
DA:406,0
DA:407,0
DA:408,5
DA:410,18
DA:411,19
DA:412,14
DA:413,43
DA:414,49
DA:415,30
DA:416,7
DA:417,1
DA:419,0
DA:420,0
DA:421,0
DA:422,0
DA:423,0
DA:424,0
DA:425,5
DA:427,25
DA:428,63
DA:430,24
DA:431,56
DA:433,25
DA:438,45
DA:439,21
DA:440,16
DA:441,47
DA:442,1
DA:443,6
DA:444,52
DA:445,13
DA:446,42
DA:447,27
DA:448,9
DA:449,23
DA:450,40
DA:451,43
DA:452,42
DA:453,53
DA:454,41
DA:455,59
DA:456,36
DA:457,55
DA:458,6
DA:459,44
DA:460,2
DA:461,19
DA:462,7
DA:463,45
DA:464,2
DA:465,16
DA:466,8
DA:467,51
DA:468,42
DA:469,67
DA:470,41
DA:471,54
DA:472,27
DA:473,33
DA:474,51
DA:475,30
DA:476,25
DA:477,20
DA:478,56
DA:479,7
DA:480,45
DA:481,23
DA:482,9
DA:483,9
DA:484,8
DA:485,53
DA:486,45
DA:487,33
DA:488,43
DA:489,46
DA:490,25
DA:491,7
DA:492,21
DA:493,23
DA:494,23
DA:495,18
DA:496,5
DA:497,10
DA:498,59
DA:499,8
DA:500,46
DA:501,2
DA:502,19
DA:503,22
DA:504,10
DA:505,52
DA:506,7
DA:507,34
DA:508,5
DA:510,27
DA:511,25
DA:512,22
DA:513,68
DA:514,3
DA:515,7
DA:516,8
DA:517,37
DA:518,63
DA:519,29
DA:520,19
DA:521,14
DA:522,22
DA:523,49
DA:524,1
DA:525,5
DA:527,30
DA:528,49
DA:529,59
DA:530,60
DA:531,19
DA:532,14
DA:533,57
DA:534,1
DA:535,5
DA:537,27
DA:538,19
DA:539,14
DA:540,57
DA:541,27
DA:542,1
DA:544,0
DA:545,0
DA:546,0
DA:547,0
DA:548,0
DA:549,0
DA:550,0
DA:552,0
DA:553,5
DA:555,21
DA:556,32
DA:557,21
DA:558,42
DA:559,39
DA:560,54
DA:561,6
DA:562,40
DA:563,43
DA:569,31
DA:573,21
DA:574,16
DA:575,24
DA:576,26
DA:577,23
DA:578,23
DA:579,26
DA:580,33
DA:581,28
DA:582,41
DA:583,34
DA:584,13
DA:585,11
DA:586,9
DA:587,1
DA:588,6
DA:589,19
DA:590,14
DA:591,22
DA:592,24
DA:593,67
DA:594,7
DA:595,1
DA:596,5
DA:598,22
DA:599,52
DA:600,27
DA:601,38
DA:602,66
DA:603,6
DA:604,69
DA:605,42
DA:606,61
DA:607,61
DA:608,73
DA:609,76
DA:610,21
DA:611,16
DA:612,24
DA:613,26
DA:614,48
DA:615,9
DA:616,1
DA:617,0
DA:618,0
DA:619,0
DA:621,0
DA:622,0
DA:623,0
DA:624,0
DA:626,0
DA:627,0
DA:628,0
DA:629,0
DA:630,5
DA:632,25
DA:633,63
DA:635,24
DA:636,51
DA:638,25
DA:639,25
DA:640,23
DA:641,30
DA:642,25
DA:643,8
DA:644,59
DA:645,45
DA:646,6
DA:647,35
DA:648,5
DA:650,27
DA:651,74
DA:652,70
DA:653,19
DA:654,14
DA:655,24
DA:656,25
DA:657,32
DA:658,43
DA:659,32
DA:660,9
DA:661,7
DA:662,1
DA:663,5
DA:665,27
DA:666,31
DA:667,65
DA:668,54
DA:669,19
DA:670,14
DA:671,24
DA:672,25
DA:673,32
DA:674,43
DA:675,27
DA:676,9
DA:677,7
DA:678,1
DA:679,5
DA:681,29
DA:682,19
DA:683,14
DA:684,66
DA:685,6
DA:687,25
DA:692,4
DA:693,18
DA:694,61
DA:696,18
DA:697,46
DA:698,5
DA:700,23
DA:701,39
DA:702,4
DA:703,43
DA:704,46
DA:705,9
DA:706,12
DA:707,6
DA:708,37
DA:709,5
DA:711,33
DA:715,51
DA:716,42
DA:717,4
DA:718,25
DA:719,34
DA:720,20
DA:721,11
DA:722,23
DA:723,6
DA:724,6
DA:725,64
DA:726,64
DA:727,0
DA:730,0
DA:734,17
DA:735,30
DA:736,23
DA:739,12
DA:740,17
DA:741,23
DA:742,21
DA:743,2
DA:744,10
DA:747,1
DA:748,3
DA:749,3
DA:750,17
DA:751,43
DA:752,10
DA:761,1
DA:762,3
DA:763,3
DA:764,3
DA:767,4
DA:768,35
DA:769,35
DA:770,41
DA:771,43
DA:772,25
DA:773,47
DA:774,33
DA:775,29
DA:776,33
DA:777,35
DA:778,35
DA:779,43
DA:780,27
DA:781,37
DA:782,65
DA:783,55
DA:784,53
DA:785,55
DA:786,57
DA:787,57
DA:788,65
DA:789,69
DA:790,63
DA:791,53
DA:792,46
DA:793,5
DA:794,12
DA:795,2
DA:797,47
DA:798,47
DA:799,2
DA:801,22
DA:802,39
DA:803,45
DA:804,44
DA:805,4
DA:806,35
DA:807,35
DA:808,65
DA:809,2
DA:810,12
DA:825,6
DA:826,23
DA:827,18
DA:828,3
DA:829,19
DA:830,28
DA:831,12
DA:832,23
DA:833,16
DA:834,41
DA:835,38
DA:836,19
DA:837,42
DA:838,15
DA:839,32
DA:840,0
DA:842,6
DA:844,8
DA:846,18
DA:847,30
DA:848,28
DA:849,21
DA:850,35
DA:853,1
LF:584
LH:536
end_of_record
TN:
SF:src/web-client/theme-bridge.ts
FNF:3
FNH:3
DA:17,46
DA:24,6
DA:25,10
DA:26,6
DA:27,3
DA:28,25
DA:29,48
DA:30,51
DA:31,29
DA:36,62
DA:37,70
DA:38,72
DA:39,68
DA:40,73
DA:45,71
DA:46,23
DA:47,18
DA:48,44
DA:49,4
DA:50,63
DA:51,66
DA:52,65
DA:53,59
DA:57,71
DA:61,77
DA:66,64
DA:73,6
DA:74,10
DA:75,3
DA:76,44
DA:77,29
DA:78,48
DA:79,12
DA:82,33
DA:83,41
DA:84,33
DA:85,31
DA:86,49
DA:87,53
DA:88,21
DA:89,2
DA:95,6
DA:96,10
DA:105,3
DA:106,12
DA:107,36
DA:108,60
DA:109,39
DA:110,42
DA:111,47
DA:112,48
DA:113,46
DA:114,2
DA:117,27
DA:118,76
DA:123,29
DA:124,36
DA:125,24
DA:126,20
DA:127,34
DA:128,49
DA:129,33
DA:130,19
DA:131,17
DA:132,19
DA:133,20
DA:134,18
DA:135,21
DA:136,18
DA:137,19
DA:138,25
DA:139,23
DA:140,25
DA:141,26
DA:142,24
DA:143,27
DA:144,24
DA:145,23
DA:146,1
LF:79
LH:79
end_of_record
TN:
SF:src/web-client/touch-gestures.ts
FNF:7
FNH:6
DA:30,6
DA:31,4
DA:32,4
DA:33,15
DA:34,3
DA:35,26
DA:36,26
DA:38,54
DA:39,37
DA:41,36
DA:42,30
DA:52,6
DA:53,8
DA:54,4
DA:55,12
DA:56,3
DA:57,31
DA:58,35
DA:59,34
DA:62,46
DA:64,49
DA:65,14
DA:72,6
DA:73,15
DA:74,17
DA:75,3
DA:76,60
DA:77,48
DA:81,47
DA:82,29
DA:83,65
DA:84,29
DA:85,31
DA:86,15
DA:90,6
DA:91,10
DA:92,6
DA:93,10
DA:94,10
DA:95,3
DA:96,31
DA:97,30
DA:98,30
DA:99,12
DA:130,0
DA:131,0
DA:132,0
DA:133,0
DA:134,0
DA:135,0
DA:136,0
DA:137,0
DA:138,0
DA:139,0
DA:140,0
DA:141,0
DA:142,0
DA:143,0
DA:144,0
DA:145,0
DA:146,0
DA:147,0
DA:148,0
DA:149,0
DA:150,0
DA:151,0
DA:152,0
DA:153,0
DA:154,0
DA:155,0
DA:156,0
DA:157,0
DA:158,0
DA:159,0
DA:160,0
DA:161,0
DA:162,0
DA:163,0
DA:164,0
DA:165,0
DA:166,0
DA:167,0
DA:168,0
DA:169,0
DA:170,0
DA:171,0
DA:172,0
DA:173,0
DA:174,0
DA:175,0
DA:176,0
DA:177,0
DA:178,0
DA:179,0
DA:180,0
DA:181,0
DA:182,0
DA:183,0
DA:184,0
DA:185,0
DA:186,0
DA:187,0
DA:188,0
DA:189,0
DA:190,0
DA:191,0
DA:192,0
DA:193,0
DA:194,0
DA:195,0
DA:196,0
DA:197,0
DA:198,0
DA:199,0
DA:200,0
DA:201,0
DA:202,0
DA:203,0
DA:204,0
DA:205,0
DA:206,0
DA:207,0
DA:208,0
DA:209,0
DA:210,0
DA:211,0
DA:212,0
DA:213,0
DA:214,0
DA:215,0
DA:216,0
DA:217,0
DA:218,0
DA:219,0
DA:220,0
DA:221,0
DA:222,0
DA:223,0
DA:224,0
DA:225,0
DA:226,0
DA:227,0
DA:228,0
DA:229,0
DA:230,0
DA:231,0
DA:232,0
DA:233,0
DA:234,0
DA:235,0
DA:236,0
DA:237,0
DA:238,0
DA:239,0
DA:240,0
DA:241,0
DA:242,0
DA:243,0
DA:244,0
DA:245,0
DA:246,0
DA:247,0
DA:248,0
DA:249,0
DA:250,0
DA:251,0
DA:252,0
DA:253,0
DA:254,0
DA:255,0
DA:256,0
DA:257,0
DA:258,0
DA:259,1
DA:268,6
DA:269,12
DA:270,11
DA:271,11
DA:272,3
DA:273,44
DA:274,56
DA:275,58
DA:276,27
DA:277,43
DA:278,72
DA:279,29
LF:186
LH:57
end_of_record
TN:
SF:src/web-client/transport.ts
FNF:11
FNH:5
DA:17,62
DA:40,15
DA:41,55
DA:43,16
DA:44,28
DA:49,36
DA:50,28
DA:60,37
DA:61,11
DA:62,60
DA:63,0
DA:64,2
DA:66,4
DA:67,25
DA:69,8
DA:70,25
DA:71,23
DA:72,11
DA:73,41
DA:74,44
DA:75,35
DA:76,49
DA:77,13
DA:78,54
DA:83,50
DA:84,3
DA:92,0
DA:93,0
DA:94,0
DA:95,0
DA:96,0
DA:97,0
DA:98,0
DA:99,0
DA:100,0
DA:101,0
DA:102,0
DA:103,1
DA:106,8
DA:107,57
DA:108,67
DA:113,39
DA:114,34
DA:115,0
DA:116,0
DA:117,4
DA:118,65
DA:119,57
DA:120,64
DA:121,34
DA:122,72
DA:124,24
DA:125,28
DA:126,28
DA:127,73
DA:134,26
DA:135,26
DA:136,9
DA:139,0
DA:140,0
DA:141,0
DA:142,0
DA:143,0
DA:144,5
DA:147,0
DA:148,0
DA:149,0
DA:150,0
DA:151,0
DA:152,0
DA:153,0
DA:154,0
DA:155,0
DA:156,0
DA:157,0
DA:158,0
DA:159,0
DA:160,0
DA:161,0
DA:162,0
DA:163,0
DA:164,0
DA:165,0
DA:166,0
DA:167,0
DA:168,0
DA:169,0
DA:170,0
DA:171,0
DA:172,0
DA:173,0
DA:174,0
DA:175,0
DA:176,0
DA:177,0
DA:178,0
DA:179,0
DA:180,0
DA:181,0
DA:182,0
DA:183,0
DA:184,0
DA:185,0
DA:186,5
DA:188,16
DA:193,0
DA:194,0
DA:195,0
DA:196,0
DA:197,0
DA:198,0
DA:199,0
DA:200,0
DA:201,0
DA:202,0
DA:203,0
DA:204,0
DA:205,0
DA:206,0
DA:207,0
DA:208,0
DA:209,0
DA:210,1
DA:213,0
DA:214,0
DA:215,0
DA:216,0
DA:217,0
DA:218,0
DA:219,0
DA:220,0
DA:221,0
DA:222,0
DA:223,0
DA:224,0
DA:225,0
DA:226,0
DA:227,0
DA:228,2
DA:231,24
LF:140
LH:50
end_of_record
TN:
SF:src/web-client/update-banner.ts
FNF:5
FNH:5
DA:14,114
DA:15,108
DA:17,2098
DA:75,15
DA:76,41
DA:77,41
DA:79,16
DA:81,47
DA:82,12
DA:83,40
DA:84,45
DA:86,46
DA:87,37
DA:88,51
DA:89,27
DA:91,50
DA:92,25
DA:93,31
DA:94,32
DA:95,43
DA:96,25
DA:97,22
DA:98,6
DA:99,4
DA:100,44
DA:101,20
DA:105,31
DA:106,6
DA:107,4
DA:108,48
DA:113,4
DA:114,29
DA:116,51
DA:117,26
DA:118,32
DA:119,44
DA:120,18
DA:121,4
DA:122,30
DA:124,36
DA:128,11
DA:129,41
DA:130,37
DA:133,6
DA:134,35
DA:135,45
DA:136,8
DA:137,17
DA:138,31
LF:49
LH:49
end_of_record
TN:
SF:src/web-client/web-notifications.ts
FNF:13
FNH:2
DA:18,0
DA:19,0
DA:20,0
DA:21,0
DA:22,0
DA:23,0
DA:24,0
DA:25,0
DA:26,0
DA:27,0
DA:28,0
DA:29,0
DA:30,0
DA:31,0
DA:32,0
DA:33,0
DA:34,0
DA:35,0
DA:36,0
DA:37,0
DA:38,0
DA:39,0
DA:40,0
DA:41,0
DA:42,0
DA:43,0
DA:44,0
DA:45,0
DA:46,0
DA:47,0
DA:48,0
DA:49,0
DA:50,0
DA:51,0
DA:52,0
DA:53,0
DA:54,0
DA:55,0
DA:56,0
DA:57,0
DA:58,0
DA:59,0
DA:60,0
DA:61,0
DA:62,0
DA:63,0
DA:64,0
DA:65,0
DA:66,0
DA:67,0
DA:68,0
DA:69,0
DA:70,0
DA:71,0
DA:72,0
DA:73,0
DA:74,0
DA:75,0
DA:76,0
DA:77,0
DA:78,0
DA:79,0
DA:80,0
DA:81,0
DA:82,0
DA:83,0
DA:84,0
DA:85,0
DA:86,0
DA:87,0
DA:88,0
DA:89,0
DA:90,0
DA:91,0
DA:92,0
DA:93,0
DA:94,0
DA:95,0
DA:96,0
DA:97,0
DA:98,0
DA:99,0
DA:100,1
DA:106,0
DA:107,0
DA:108,0
DA:109,0
DA:110,1
DA:115,0
DA:116,0
DA:117,0
DA:118,1
DA:123,0
DA:124,0
DA:125,0
DA:126,0
DA:127,0
DA:128,0
DA:129,0
DA:130,0
DA:131,0
DA:132,1
DA:137,0
DA:138,0
DA:139,0
DA:140,0
DA:141,0
DA:142,0
DA:143,0
DA:144,0
DA:145,0
DA:146,0
DA:147,0
DA:148,0
DA:149,0
DA:150,0
DA:151,0
DA:152,0
DA:153,0
DA:154,0
DA:155,0
DA:156,1
DA:177,0
DA:178,0
DA:179,0
DA:180,0
DA:181,0
DA:182,0
DA:183,0
DA:184,0
DA:185,0
DA:186,0
DA:187,0
DA:188,0
DA:189,0
DA:190,0
DA:191,0
DA:192,0
DA:193,0
DA:194,0
DA:195,0
DA:196,0
DA:197,0
DA:198,0
DA:199,0
DA:200,0
DA:201,0
DA:202,0
DA:203,0
DA:204,0
DA:205,0
DA:206,0
DA:207,0
DA:208,0
DA:209,0
DA:210,0
DA:211,0
DA:212,0
DA:213,0
DA:214,0
DA:215,0
DA:216,0
DA:217,0
DA:218,0
DA:219,0
DA:220,0
DA:221,0
DA:222,0
DA:223,0
DA:224,0
DA:225,0
DA:226,0
DA:227,0
DA:228,0
DA:229,0
LF:175
LH:5
end_of_record
